2021-08-09 10:24:22.668 [main] INFO  com.junction.CameraServerApplication - Starting CameraServerApplication on DESKTOP-LLD97I6 with PID 19108 (H:\RTSPtoRTMP\target\classes started by admin in H:\RTSPtoRTMP)
2021-08-09 10:24:22.671 [main] INFO  com.junction.CameraServerApplication - No active profile set, falling back to default profiles: default
2021-08-09 10:24:23.291 [main] INFO  o.s.boot.web.embedded.tomcat.TomcatWebServer - Tomcat initialized with port(s): 8082 (http)
2021-08-09 10:24:23.298 [main] INFO  org.apache.coyote.http11.Http11NioProtocol - Initializing ProtocolHandler ["http-nio-8082"]
2021-08-09 10:24:23.298 [main] INFO  org.apache.catalina.core.StandardService - Starting service [Tomcat]
2021-08-09 10:24:23.299 [main] INFO  org.apache.catalina.core.StandardEngine - Starting Servlet engine: [Apache Tomcat/9.0.29]
2021-08-09 10:24:23.373 [main] INFO  o.a.c.c.C.[Tomcat].[localhost].[/camera] - Initializing Spring embedded WebApplicationContext
2021-08-09 10:24:23.374 [main] INFO  org.springframework.web.context.ContextLoader - Root WebApplicationContext: initialization completed in 672 ms
2021-08-09 10:24:23.509 [main] INFO  o.s.scheduling.concurrent.ThreadPoolTaskExecutor - Initializing ExecutorService 'applicationTaskExecutor'
2021-08-09 10:24:23.628 [main] INFO  org.apache.coyote.http11.Http11NioProtocol - Starting ProtocolHandler ["http-nio-8082"]
2021-08-09 10:24:23.645 [main] INFO  o.s.boot.web.embedded.tomcat.TomcatWebServer - Tomcat started on port(s): 8082 (http) with context path '/camera'
2021-08-09 10:24:23.647 [main] INFO  com.junction.CameraServerApplication - Started CameraServerApplication in 1.434 seconds (JVM running for 4.239)
2021-08-09 10:24:23.651 [timeTimer] INFO  com.junction.util.TimerUtil - ******   执行结束推流定时任务       BEGIN   ******
2021-08-09 10:24:23.651 [timeTimer] INFO  com.junction.util.TimerUtil - ******   执行定时任务       END     ******
2021-08-09 10:25:23.651 [timeTimer] INFO  com.junction.util.TimerUtil - ******   执行结束推流定时任务       BEGIN   ******
2021-08-09 10:25:23.652 [timeTimer] INFO  com.junction.util.TimerUtil - ******   执行定时任务       END     ******
2021-08-09 10:25:57.091 [SpringContextShutdownHook] INFO  o.s.scheduling.concurrent.ThreadPoolTaskExecutor - Shutting down ExecutorService 'applicationTaskExecutor'
2021-08-09 10:25:57.093 [SpringContextShutdownHook] INFO  com.junction.CameraServerApplication - 服务结束，开始释放空间...
2021-08-09 10:45:12.585 [main] INFO  com.junction.CameraServerApplication - Starting CameraServerApplication on DESKTOP-LLD97I6 with PID 524 (H:\RTSPtoRTMP\target\classes started by admin in H:\RTSPtoRTMP)
2021-08-09 10:45:12.626 [main] INFO  com.junction.CameraServerApplication - No active profile set, falling back to default profiles: default
2021-08-09 10:45:13.491 [main] INFO  o.s.boot.web.embedded.tomcat.TomcatWebServer - Tomcat initialized with port(s): 8082 (http)
2021-08-09 10:45:13.502 [main] INFO  org.apache.coyote.http11.Http11NioProtocol - Initializing ProtocolHandler ["http-nio-8082"]
2021-08-09 10:45:13.503 [main] INFO  org.apache.catalina.core.StandardService - Starting service [Tomcat]
2021-08-09 10:45:13.503 [main] INFO  org.apache.catalina.core.StandardEngine - Starting Servlet engine: [Apache Tomcat/9.0.29]
2021-08-09 10:45:13.588 [main] INFO  o.a.c.c.C.[Tomcat].[localhost].[/camera] - Initializing Spring embedded WebApplicationContext
2021-08-09 10:45:13.588 [main] INFO  org.springframework.web.context.ContextLoader - Root WebApplicationContext: initialization completed in 793 ms
2021-08-09 10:45:13.725 [main] INFO  o.s.scheduling.concurrent.ThreadPoolTaskExecutor - Initializing ExecutorService 'applicationTaskExecutor'
2021-08-09 10:45:13.842 [main] INFO  org.apache.coyote.http11.Http11NioProtocol - Starting ProtocolHandler ["http-nio-8082"]
2021-08-09 10:45:13.859 [main] INFO  o.s.boot.web.embedded.tomcat.TomcatWebServer - Tomcat started on port(s): 8082 (http) with context path '/camera'
2021-08-09 10:45:13.862 [main] INFO  com.junction.CameraServerApplication - Started CameraServerApplication in 1.71 seconds (JVM running for 3.764)
2021-08-09 10:45:13.866 [timeTimer] INFO  com.junction.util.TimerUtil - ******   执行结束推流定时任务       BEGIN   ******
2021-08-09 10:45:13.866 [timeTimer] INFO  com.junction.util.TimerUtil - ******   执行定时任务       END     ******
2021-08-09 10:46:13.866 [timeTimer] INFO  com.junction.util.TimerUtil - ******   执行结束推流定时任务       BEGIN   ******
2021-08-09 10:46:13.866 [timeTimer] INFO  com.junction.util.TimerUtil - ******   执行定时任务       END     ******
2021-08-09 10:47:13.867 [timeTimer] INFO  com.junction.util.TimerUtil - ******   执行结束推流定时任务       BEGIN   ******
2021-08-09 10:47:13.867 [timeTimer] INFO  com.junction.util.TimerUtil - ******   执行定时任务       END     ******
2021-08-09 10:48:13.867 [timeTimer] INFO  com.junction.util.TimerUtil - ******   执行结束推流定时任务       BEGIN   ******
2021-08-09 10:48:13.867 [timeTimer] INFO  com.junction.util.TimerUtil - ******   执行定时任务       END     ******
2021-08-09 10:49:13.868 [timeTimer] INFO  com.junction.util.TimerUtil - ******   执行结束推流定时任务       BEGIN   ******
2021-08-09 10:49:13.868 [timeTimer] INFO  com.junction.util.TimerUtil - ******   执行定时任务       END     ******
2021-08-09 10:50:13.868 [timeTimer] INFO  com.junction.util.TimerUtil - ******   执行结束推流定时任务       BEGIN   ******
2021-08-09 10:50:13.868 [timeTimer] INFO  com.junction.util.TimerUtil - ******   执行定时任务       END     ******
2021-08-09 10:51:13.868 [timeTimer] INFO  com.junction.util.TimerUtil - ******   执行结束推流定时任务       BEGIN   ******
2021-08-09 10:51:13.868 [timeTimer] INFO  com.junction.util.TimerUtil - ******   执行定时任务       END     ******
2021-08-09 10:52:13.869 [timeTimer] INFO  com.junction.util.TimerUtil - ******   执行结束推流定时任务       BEGIN   ******
2021-08-09 10:52:13.869 [timeTimer] INFO  com.junction.util.TimerUtil - ******   执行定时任务       END     ******
2021-08-09 10:53:13.869 [timeTimer] INFO  com.junction.util.TimerUtil - ******   执行结束推流定时任务       BEGIN   ******
2021-08-09 10:53:13.869 [timeTimer] INFO  com.junction.util.TimerUtil - ******   执行定时任务       END     ******
2021-08-09 10:54:13.869 [timeTimer] INFO  com.junction.util.TimerUtil - ******   执行结束推流定时任务       BEGIN   ******
2021-08-09 10:54:13.869 [timeTimer] INFO  com.junction.util.TimerUtil - ******   执行定时任务       END     ******
2021-08-09 10:55:13.870 [timeTimer] INFO  com.junction.util.TimerUtil - ******   执行结束推流定时任务       BEGIN   ******
2021-08-09 10:55:13.871 [timeTimer] INFO  com.junction.util.TimerUtil - ******   执行定时任务       END     ******
2021-08-09 10:56:13.870 [timeTimer] INFO  com.junction.util.TimerUtil - ******   执行结束推流定时任务       BEGIN   ******
2021-08-09 10:56:13.870 [timeTimer] INFO  com.junction.util.TimerUtil - ******   执行定时任务       END     ******
2021-08-09 10:57:13.871 [timeTimer] INFO  com.junction.util.TimerUtil - ******   执行结束推流定时任务       BEGIN   ******
2021-08-09 10:57:13.871 [timeTimer] INFO  com.junction.util.TimerUtil - ******   执行定时任务       END     ******
2021-08-09 10:58:13.872 [timeTimer] INFO  com.junction.util.TimerUtil - ******   执行结束推流定时任务       BEGIN   ******
2021-08-09 10:58:13.872 [timeTimer] INFO  com.junction.util.TimerUtil - ******   执行定时任务       END     ******
2021-08-09 10:59:13.873 [timeTimer] INFO  com.junction.util.TimerUtil - ******   执行结束推流定时任务       BEGIN   ******
2021-08-09 10:59:13.875 [timeTimer] INFO  com.junction.util.TimerUtil - ******   执行定时任务       END     ******
2021-08-09 11:00:13.874 [timeTimer] INFO  com.junction.util.TimerUtil - ******   执行结束推流定时任务       BEGIN   ******
2021-08-09 11:00:13.874 [timeTimer] INFO  com.junction.util.TimerUtil - ******   执行定时任务       END     ******
2021-08-09 11:01:13.874 [timeTimer] INFO  com.junction.util.TimerUtil - ******   执行结束推流定时任务       BEGIN   ******
2021-08-09 11:01:13.876 [timeTimer] INFO  com.junction.util.TimerUtil - ******   执行定时任务       END     ******
2021-08-09 11:02:13.875 [timeTimer] INFO  com.junction.util.TimerUtil - ******   执行结束推流定时任务       BEGIN   ******
2021-08-09 11:02:13.877 [timeTimer] INFO  com.junction.util.TimerUtil - ******   执行定时任务       END     ******
2021-08-09 11:03:13.876 [timeTimer] INFO  com.junction.util.TimerUtil - ******   执行结束推流定时任务       BEGIN   ******
2021-08-09 11:03:13.877 [timeTimer] INFO  com.junction.util.TimerUtil - ******   执行定时任务       END     ******
2021-08-09 11:04:13.876 [timeTimer] INFO  com.junction.util.TimerUtil - ******   执行结束推流定时任务       BEGIN   ******
2021-08-09 11:04:13.878 [timeTimer] INFO  com.junction.util.TimerUtil - ******   执行定时任务       END     ******
2021-08-09 11:05:13.877 [timeTimer] INFO  com.junction.util.TimerUtil - ******   执行结束推流定时任务       BEGIN   ******
2021-08-09 11:05:13.879 [timeTimer] INFO  com.junction.util.TimerUtil - ******   执行定时任务       END     ******
2021-08-09 11:06:13.878 [timeTimer] INFO  com.junction.util.TimerUtil - ******   执行结束推流定时任务       BEGIN   ******
2021-08-09 11:06:13.880 [timeTimer] INFO  com.junction.util.TimerUtil - ******   执行定时任务       END     ******
2021-08-09 11:07:13.878 [timeTimer] INFO  com.junction.util.TimerUtil - ******   执行结束推流定时任务       BEGIN   ******
2021-08-09 11:07:13.880 [timeTimer] INFO  com.junction.util.TimerUtil - ******   执行定时任务       END     ******
2021-08-09 11:08:13.879 [timeTimer] INFO  com.junction.util.TimerUtil - ******   执行结束推流定时任务       BEGIN   ******
2021-08-09 11:08:13.887 [timeTimer] INFO  com.junction.util.TimerUtil - ******   执行定时任务       END     ******
2021-08-09 11:09:13.879 [timeTimer] INFO  com.junction.util.TimerUtil - ******   执行结束推流定时任务       BEGIN   ******
2021-08-09 11:09:13.881 [timeTimer] INFO  com.junction.util.TimerUtil - ******   执行定时任务       END     ******
2021-08-09 11:10:13.879 [timeTimer] INFO  com.junction.util.TimerUtil - ******   执行结束推流定时任务       BEGIN   ******
2021-08-09 11:10:13.879 [timeTimer] INFO  com.junction.util.TimerUtil - ******   执行定时任务       END     ******
2021-08-09 11:11:13.880 [timeTimer] INFO  com.junction.util.TimerUtil - ******   执行结束推流定时任务       BEGIN   ******
2021-08-09 11:11:13.880 [timeTimer] INFO  com.junction.util.TimerUtil - ******   执行定时任务       END     ******
2021-08-09 11:12:13.880 [timeTimer] INFO  com.junction.util.TimerUtil - ******   执行结束推流定时任务       BEGIN   ******
2021-08-09 11:12:13.880 [timeTimer] INFO  com.junction.util.TimerUtil - ******   执行定时任务       END     ******
2021-08-09 11:13:13.881 [timeTimer] INFO  com.junction.util.TimerUtil - ******   执行结束推流定时任务       BEGIN   ******
2021-08-09 11:13:13.883 [timeTimer] INFO  com.junction.util.TimerUtil - ******   执行定时任务       END     ******
2021-08-09 11:14:13.889 [timeTimer] INFO  com.junction.util.TimerUtil - ******   执行结束推流定时任务       BEGIN   ******
2021-08-09 11:14:13.890 [timeTimer] INFO  com.junction.util.TimerUtil - ******   执行定时任务       END     ******
2021-08-09 11:15:13.891 [timeTimer] INFO  com.junction.util.TimerUtil - ******   执行结束推流定时任务       BEGIN   ******
2021-08-09 11:15:13.897 [timeTimer] INFO  com.junction.util.TimerUtil - ******   执行定时任务       END     ******
2021-08-09 11:16:13.891 [timeTimer] INFO  com.junction.util.TimerUtil - ******   执行结束推流定时任务       BEGIN   ******
2021-08-09 11:16:13.893 [timeTimer] INFO  com.junction.util.TimerUtil - ******   执行定时任务       END     ******
2021-08-09 11:17:13.891 [timeTimer] INFO  com.junction.util.TimerUtil - ******   执行结束推流定时任务       BEGIN   ******
2021-08-09 11:17:13.906 [timeTimer] INFO  com.junction.util.TimerUtil - ******   执行定时任务       END     ******
2021-08-09 11:18:13.891 [timeTimer] INFO  com.junction.util.TimerUtil - ******   执行结束推流定时任务       BEGIN   ******
2021-08-09 11:18:13.891 [timeTimer] INFO  com.junction.util.TimerUtil - ******   执行定时任务       END     ******
2021-08-09 11:19:13.891 [timeTimer] INFO  com.junction.util.TimerUtil - ******   执行结束推流定时任务       BEGIN   ******
2021-08-09 11:19:13.891 [timeTimer] INFO  com.junction.util.TimerUtil - ******   执行定时任务       END     ******
2021-08-09 11:20:13.892 [timeTimer] INFO  com.junction.util.TimerUtil - ******   执行结束推流定时任务       BEGIN   ******
2021-08-09 11:20:13.892 [timeTimer] INFO  com.junction.util.TimerUtil - ******   执行定时任务       END     ******
2021-08-09 11:21:13.892 [timeTimer] INFO  com.junction.util.TimerUtil - ******   执行结束推流定时任务       BEGIN   ******
2021-08-09 11:21:13.892 [timeTimer] INFO  com.junction.util.TimerUtil - ******   执行定时任务       END     ******
2021-08-09 11:22:13.892 [timeTimer] INFO  com.junction.util.TimerUtil - ******   执行结束推流定时任务       BEGIN   ******
2021-08-09 11:22:13.892 [timeTimer] INFO  com.junction.util.TimerUtil - ******   执行定时任务       END     ******
2021-08-09 11:23:13.892 [timeTimer] INFO  com.junction.util.TimerUtil - ******   执行结束推流定时任务       BEGIN   ******
2021-08-09 11:23:13.892 [timeTimer] INFO  com.junction.util.TimerUtil - ******   执行定时任务       END     ******
2021-08-09 11:24:13.893 [timeTimer] INFO  com.junction.util.TimerUtil - ******   执行结束推流定时任务       BEGIN   ******
2021-08-09 11:24:13.894 [timeTimer] INFO  com.junction.util.TimerUtil - ******   执行定时任务       END     ******
2021-08-09 11:25:13.894 [timeTimer] INFO  com.junction.util.TimerUtil - ******   执行结束推流定时任务       BEGIN   ******
2021-08-09 11:25:13.895 [timeTimer] INFO  com.junction.util.TimerUtil - ******   执行定时任务       END     ******
2021-08-09 11:26:13.894 [timeTimer] INFO  com.junction.util.TimerUtil - ******   执行结束推流定时任务       BEGIN   ******
2021-08-09 11:26:13.894 [timeTimer] INFO  com.junction.util.TimerUtil - ******   执行定时任务       END     ******
2021-08-09 11:27:13.895 [timeTimer] INFO  com.junction.util.TimerUtil - ******   执行结束推流定时任务       BEGIN   ******
2021-08-09 11:27:13.976 [timeTimer] INFO  com.junction.util.TimerUtil - ******   执行定时任务       END     ******
2021-08-09 11:28:13.896 [timeTimer] INFO  com.junction.util.TimerUtil - ******   执行结束推流定时任务       BEGIN   ******
2021-08-09 11:28:13.896 [timeTimer] INFO  com.junction.util.TimerUtil - ******   执行定时任务       END     ******
2021-08-09 11:29:13.896 [timeTimer] INFO  com.junction.util.TimerUtil - ******   执行结束推流定时任务       BEGIN   ******
2021-08-09 11:29:13.896 [timeTimer] INFO  com.junction.util.TimerUtil - ******   执行定时任务       END     ******
2021-08-09 11:30:13.896 [timeTimer] INFO  com.junction.util.TimerUtil - ******   执行结束推流定时任务       BEGIN   ******
2021-08-09 11:30:13.896 [timeTimer] INFO  com.junction.util.TimerUtil - ******   执行定时任务       END     ******
2021-08-09 11:31:13.897 [timeTimer] INFO  com.junction.util.TimerUtil - ******   执行结束推流定时任务       BEGIN   ******
2021-08-09 11:31:13.897 [timeTimer] INFO  com.junction.util.TimerUtil - ******   执行定时任务       END     ******
2021-08-09 11:32:13.897 [timeTimer] INFO  com.junction.util.TimerUtil - ******   执行结束推流定时任务       BEGIN   ******
2021-08-09 11:32:13.897 [timeTimer] INFO  com.junction.util.TimerUtil - ******   执行定时任务       END     ******
2021-08-09 11:33:13.898 [timeTimer] INFO  com.junction.util.TimerUtil - ******   执行结束推流定时任务       BEGIN   ******
2021-08-09 11:33:13.898 [timeTimer] INFO  com.junction.util.TimerUtil - ******   执行定时任务       END     ******
2021-08-09 11:34:13.898 [timeTimer] INFO  com.junction.util.TimerUtil - ******   执行结束推流定时任务       BEGIN   ******
2021-08-09 11:34:13.900 [timeTimer] INFO  com.junction.util.TimerUtil - ******   执行定时任务       END     ******
2021-08-09 11:35:13.899 [timeTimer] INFO  com.junction.util.TimerUtil - ******   执行结束推流定时任务       BEGIN   ******
2021-08-09 11:35:13.899 [timeTimer] INFO  com.junction.util.TimerUtil - ******   执行定时任务       END     ******
2021-08-09 11:36:13.900 [timeTimer] INFO  com.junction.util.TimerUtil - ******   执行结束推流定时任务       BEGIN   ******
2021-08-09 11:36:13.900 [timeTimer] INFO  com.junction.util.TimerUtil - ******   执行定时任务       END     ******
2021-08-09 11:37:13.900 [timeTimer] INFO  com.junction.util.TimerUtil - ******   执行结束推流定时任务       BEGIN   ******
2021-08-09 11:37:13.900 [timeTimer] INFO  com.junction.util.TimerUtil - ******   执行定时任务       END     ******
2021-08-09 11:38:13.901 [timeTimer] INFO  com.junction.util.TimerUtil - ******   执行结束推流定时任务       BEGIN   ******
2021-08-09 11:38:13.901 [timeTimer] INFO  com.junction.util.TimerUtil - ******   执行定时任务       END     ******
2021-08-09 11:39:13.901 [timeTimer] INFO  com.junction.util.TimerUtil - ******   执行结束推流定时任务       BEGIN   ******
2021-08-09 11:39:13.901 [timeTimer] INFO  com.junction.util.TimerUtil - ******   执行定时任务       END     ******
2021-08-09 11:40:13.902 [timeTimer] INFO  com.junction.util.TimerUtil - ******   执行结束推流定时任务       BEGIN   ******
2021-08-09 11:40:13.902 [timeTimer] INFO  com.junction.util.TimerUtil - ******   执行定时任务       END     ******
2021-08-09 11:41:13.902 [timeTimer] INFO  com.junction.util.TimerUtil - ******   执行结束推流定时任务       BEGIN   ******
2021-08-09 11:41:13.902 [timeTimer] INFO  com.junction.util.TimerUtil - ******   执行定时任务       END     ******
2021-08-09 11:42:13.902 [timeTimer] INFO  com.junction.util.TimerUtil - ******   执行结束推流定时任务       BEGIN   ******
2021-08-09 11:42:13.904 [timeTimer] INFO  com.junction.util.TimerUtil - ******   执行定时任务       END     ******
2021-08-09 11:43:13.903 [timeTimer] INFO  com.junction.util.TimerUtil - ******   执行结束推流定时任务       BEGIN   ******
2021-08-09 11:43:13.903 [timeTimer] INFO  com.junction.util.TimerUtil - ******   执行定时任务       END     ******
2021-08-09 11:44:13.904 [timeTimer] INFO  com.junction.util.TimerUtil - ******   执行结束推流定时任务       BEGIN   ******
2021-08-09 11:44:13.904 [timeTimer] INFO  com.junction.util.TimerUtil - ******   执行定时任务       END     ******
2021-08-09 11:45:13.904 [timeTimer] INFO  com.junction.util.TimerUtil - ******   执行结束推流定时任务       BEGIN   ******
2021-08-09 11:45:13.904 [timeTimer] INFO  com.junction.util.TimerUtil - ******   执行定时任务       END     ******
2021-08-09 11:46:13.905 [timeTimer] INFO  com.junction.util.TimerUtil - ******   执行结束推流定时任务       BEGIN   ******
2021-08-09 11:46:13.905 [timeTimer] INFO  com.junction.util.TimerUtil - ******   执行定时任务       END     ******
2021-08-09 11:47:13.905 [timeTimer] INFO  com.junction.util.TimerUtil - ******   执行结束推流定时任务       BEGIN   ******
2021-08-09 11:47:13.905 [timeTimer] INFO  com.junction.util.TimerUtil - ******   执行定时任务       END     ******
2021-08-09 11:48:13.905 [timeTimer] INFO  com.junction.util.TimerUtil - ******   执行结束推流定时任务       BEGIN   ******
2021-08-09 11:48:13.907 [timeTimer] INFO  com.junction.util.TimerUtil - ******   执行定时任务       END     ******
2021-08-09 11:49:13.906 [timeTimer] INFO  com.junction.util.TimerUtil - ******   执行结束推流定时任务       BEGIN   ******
2021-08-09 11:49:13.906 [timeTimer] INFO  com.junction.util.TimerUtil - ******   执行定时任务       END     ******
2021-08-09 11:50:13.906 [timeTimer] INFO  com.junction.util.TimerUtil - ******   执行结束推流定时任务       BEGIN   ******
2021-08-09 11:50:13.906 [timeTimer] INFO  com.junction.util.TimerUtil - ******   执行定时任务       END     ******
2021-08-09 11:50:38.502 [SpringContextShutdownHook] INFO  o.s.scheduling.concurrent.ThreadPoolTaskExecutor - Shutting down ExecutorService 'applicationTaskExecutor'
2021-08-09 11:50:38.505 [SpringContextShutdownHook] INFO  com.junction.CameraServerApplication - 服务结束，开始释放空间...
