2021-08-23 13:12:31.725 [main] INFO  com.junction.CameraServerApplication - Starting CameraServerApplication on DESKTOP-LLD97I6 with PID 5436 (H:\RTSPtoRTMP\target\classes started by admin in H:\RTSPtoRTMP)
2021-08-23 13:12:31.735 [main] INFO  com.junction.CameraServerApplication - No active profile set, falling back to default profiles: default
2021-08-23 13:12:32.455 [main] INFO  o.s.boot.web.embedded.tomcat.TomcatWebServer - Tomcat initialized with port(s): 8082 (http)
2021-08-23 13:12:32.465 [main] INFO  org.apache.coyote.http11.Http11NioProtocol - Initializing ProtocolHandler ["http-nio-8082"]
2021-08-23 13:12:32.465 [main] INFO  org.apache.catalina.core.StandardService - Starting service [Tomcat]
2021-08-23 13:12:32.475 [main] INFO  org.apache.catalina.core.StandardEngine - Starting Servlet engine: [Apache Tomcat/9.0.29]
2021-08-23 13:12:32.555 [main] INFO  o.a.c.c.C.[Tomcat].[localhost].[/camera] - Initializing Spring embedded WebApplicationContext
2021-08-23 13:12:32.555 [main] INFO  org.springframework.web.context.ContextLoader - Root WebApplicationContext: initialization completed in 780 ms
2021-08-23 13:12:32.735 [main] INFO  o.s.scheduling.concurrent.ThreadPoolTaskExecutor - Initializing ExecutorService 'applicationTaskExecutor'
2021-08-23 13:12:32.875 [main] INFO  org.apache.coyote.http11.Http11NioProtocol - Starting ProtocolHandler ["http-nio-8082"]
2021-08-23 13:12:32.895 [main] INFO  o.s.boot.web.embedded.tomcat.TomcatWebServer - Tomcat started on port(s): 8082 (http) with context path '/camera'
2021-08-23 13:12:32.895 [main] INFO  com.junction.CameraServerApplication - Started CameraServerApplication in 1.88 seconds (JVM running for 3.799)
2021-08-23 13:12:32.905 [timeTimer] INFO  com.junction.util.TimerUtil - ******   执行结束推流定时任务       BEGIN   ******
2021-08-23 13:12:32.905 [timeTimer] INFO  com.junction.util.TimerUtil - ******   执行定时任务       END     ******
2021-08-23 13:13:32.908 [timeTimer] INFO  com.junction.util.TimerUtil - ******   执行结束推流定时任务       BEGIN   ******
2021-08-23 13:13:32.918 [timeTimer] INFO  com.junction.util.TimerUtil - ******   执行定时任务       END     ******
2021-08-23 13:13:59.076 [http-nio-8082-exec-3] INFO  o.a.c.c.C.[Tomcat].[localhost].[/camera] - Initializing Spring DispatcherServlet 'dispatcherServlet'
2021-08-23 13:13:59.076 [http-nio-8082-exec-3] INFO  org.springframework.web.servlet.DispatcherServlet - Initializing Servlet 'dispatcherServlet'
2021-08-23 13:13:59.092 [http-nio-8082-exec-3] INFO  org.springframework.web.servlet.DispatcherServlet - Completed initialization in 16 ms
2021-08-23 13:13:59.257 [http-nio-8082-exec-3] INFO  com.junction.controller.CameraController - 打开：rtsp://admin:L242E836@192.168.31.174:554/cam/realmonitor?channel=1&subtype=0
2021-08-23 13:14:26.605 [SpringContextShutdownHook] INFO  o.s.scheduling.concurrent.ThreadPoolTaskExecutor - Shutting down ExecutorService 'applicationTaskExecutor'
2021-08-23 13:14:26.605 [SpringContextShutdownHook] INFO  com.junction.CameraServerApplication - 服务结束，开始释放空间...
2021-08-23 13:14:33.869 [main] INFO  com.junction.CameraServerApplication - Starting CameraServerApplication on DESKTOP-LLD97I6 with PID 6496 (H:\RTSPtoRTMP\target\classes started by admin in H:\RTSPtoRTMP)
2021-08-23 13:14:33.879 [main] INFO  com.junction.CameraServerApplication - No active profile set, falling back to default profiles: default
2021-08-23 13:14:34.832 [main] INFO  o.s.boot.web.embedded.tomcat.TomcatWebServer - Tomcat initialized with port(s): 8082 (http)
2021-08-23 13:14:34.840 [main] INFO  org.apache.coyote.http11.Http11NioProtocol - Initializing ProtocolHandler ["http-nio-8082"]
2021-08-23 13:14:34.842 [main] INFO  org.apache.catalina.core.StandardService - Starting service [Tomcat]
2021-08-23 13:14:34.842 [main] INFO  org.apache.catalina.core.StandardEngine - Starting Servlet engine: [Apache Tomcat/9.0.29]
2021-08-23 13:14:34.943 [main] INFO  o.a.c.c.C.[Tomcat].[localhost].[/camera] - Initializing Spring embedded WebApplicationContext
2021-08-23 13:14:34.944 [main] INFO  org.springframework.web.context.ContextLoader - Root WebApplicationContext: initialization completed in 969 ms
2021-08-23 13:14:35.294 [main] INFO  o.s.scheduling.concurrent.ThreadPoolTaskExecutor - Initializing ExecutorService 'applicationTaskExecutor'
2021-08-23 13:14:35.792 [main] INFO  org.apache.coyote.http11.Http11NioProtocol - Starting ProtocolHandler ["http-nio-8082"]
2021-08-23 13:14:36.110 [main] INFO  o.s.boot.web.embedded.tomcat.TomcatWebServer - Tomcat started on port(s): 8082 (http) with context path '/camera'
2021-08-23 13:14:36.130 [main] INFO  com.junction.CameraServerApplication - Started CameraServerApplication in 2.988 seconds (JVM running for 4.546)
2021-08-23 13:14:36.189 [timeTimer] INFO  com.junction.util.TimerUtil - ******   执行结束推流定时任务       BEGIN   ******
2021-08-23 13:14:36.189 [timeTimer] INFO  com.junction.util.TimerUtil - ******   执行定时任务       END     ******
2021-08-23 13:14:41.448 [http-nio-8082-exec-3] INFO  o.a.c.c.C.[Tomcat].[localhost].[/camera] - Initializing Spring DispatcherServlet 'dispatcherServlet'
2021-08-23 13:14:41.448 [http-nio-8082-exec-3] INFO  org.springframework.web.servlet.DispatcherServlet - Initializing Servlet 'dispatcherServlet'
2021-08-23 13:14:41.455 [http-nio-8082-exec-3] INFO  org.springframework.web.servlet.DispatcherServlet - Completed initialization in 6 ms
2021-08-23 13:14:41.583 [http-nio-8082-exec-3] INFO  com.junction.controller.CameraController - 打开：rtsp://admin:L242E836@192.168.31.174:554/cam/realmonitor?channel=1&subtype=0
2021-08-23 13:14:48.239 [pool-1-thread-1] INFO  com.junction.util.CameraPush - rtsp://admin:L242E836@192.168.31.174:554/cam/realmonitor?channel=1&subtype=0 开始推流...
2021-08-23 13:15:36.194 [timeTimer] INFO  com.junction.util.TimerUtil - ******   执行结束推流定时任务       BEGIN   ******
2021-08-23 13:15:36.194 [timeTimer] INFO  com.junction.util.TimerUtil - ******   执行定时任务       END     ******
2021-08-23 13:16:36.195 [timeTimer] INFO  com.junction.util.TimerUtil - ******   执行结束推流定时任务       BEGIN   ******
2021-08-23 13:16:36.205 [timeTimer] INFO  com.junction.util.TimerUtil - ******   执行定时任务       END     ******
2021-08-23 13:17:36.196 [timeTimer] INFO  com.junction.util.TimerUtil - ******   执行结束推流定时任务       BEGIN   ******
2021-08-23 13:17:36.197 [timeTimer] INFO  com.junction.util.TimerUtil - ******   执行定时任务       END     ******
2021-08-23 13:18:36.197 [timeTimer] INFO  com.junction.util.TimerUtil - ******   执行结束推流定时任务       BEGIN   ******
2021-08-23 13:18:36.197 [timeTimer] INFO  com.junction.util.TimerUtil - ******   执行定时任务       END     ******
2021-08-23 13:19:36.198 [timeTimer] INFO  com.junction.util.TimerUtil - ******   执行结束推流定时任务       BEGIN   ******
2021-08-23 13:19:36.199 [timeTimer] INFO  com.junction.util.TimerUtil - ******   执行定时任务       END     ******
2021-08-23 13:20:36.198 [timeTimer] INFO  com.junction.util.TimerUtil - ******   执行结束推流定时任务       BEGIN   ******
2021-08-23 13:20:36.198 [timeTimer] INFO  com.junction.util.TimerUtil - ******   执行定时任务       END     ******
2021-08-23 13:21:36.199 [timeTimer] INFO  com.junction.util.TimerUtil - ******   执行结束推流定时任务       BEGIN   ******
2021-08-23 13:21:36.200 [timeTimer] INFO  com.junction.util.TimerUtil - ******   执行定时任务       END     ******
2021-08-23 13:22:36.200 [timeTimer] INFO  com.junction.util.TimerUtil - ******   执行结束推流定时任务       BEGIN   ******
2021-08-23 13:22:36.235 [timeTimer] INFO  com.junction.util.TimerUtil - ******   执行定时任务       END     ******
2021-08-23 13:23:36.202 [timeTimer] INFO  com.junction.util.TimerUtil - ******   执行结束推流定时任务       BEGIN   ******
2021-08-23 13:23:36.205 [timeTimer] INFO  com.junction.util.TimerUtil - ******   执行定时任务       END     ******
2021-08-23 13:24:36.202 [timeTimer] INFO  com.junction.util.TimerUtil - ******   执行结束推流定时任务       BEGIN   ******
2021-08-23 13:24:36.268 [timeTimer] INFO  com.junction.util.TimerUtil - ******   执行定时任务       END     ******
2021-08-23 13:25:36.203 [timeTimer] INFO  com.junction.util.TimerUtil - ******   执行结束推流定时任务       BEGIN   ******
2021-08-23 13:25:36.204 [timeTimer] INFO  com.junction.util.TimerUtil - ******   执行定时任务       END     ******
2021-08-23 13:26:36.204 [timeTimer] INFO  com.junction.util.TimerUtil - ******   执行结束推流定时任务       BEGIN   ******
2021-08-23 13:26:36.204 [timeTimer] INFO  com.junction.util.TimerUtil - ******   执行定时任务       END     ******
2021-08-23 13:27:36.204 [timeTimer] INFO  com.junction.util.TimerUtil - ******   执行结束推流定时任务       BEGIN   ******
2021-08-23 13:27:36.205 [timeTimer] INFO  com.junction.util.TimerUtil - ******   执行定时任务       END     ******
2021-08-23 13:28:36.205 [timeTimer] INFO  com.junction.util.TimerUtil - ******   执行结束推流定时任务       BEGIN   ******
2021-08-23 13:28:36.205 [timeTimer] INFO  com.junction.util.TimerUtil - ******   执行定时任务       END     ******
2021-08-23 13:29:36.205 [timeTimer] INFO  com.junction.util.TimerUtil - ******   执行结束推流定时任务       BEGIN   ******
2021-08-23 13:29:36.257 [timeTimer] INFO  com.junction.util.TimerUtil - ******   执行定时任务       END     ******
2021-08-23 13:30:36.206 [timeTimer] INFO  com.junction.util.TimerUtil - ******   执行结束推流定时任务       BEGIN   ******
2021-08-23 13:30:36.206 [timeTimer] INFO  com.junction.util.TimerUtil - ******   执行定时任务       END     ******
2021-08-23 13:31:36.206 [timeTimer] INFO  com.junction.util.TimerUtil - ******   执行结束推流定时任务       BEGIN   ******
2021-08-23 13:31:36.206 [timeTimer] INFO  com.junction.util.TimerUtil - ******   执行定时任务       END     ******
2021-08-23 13:32:36.207 [timeTimer] INFO  com.junction.util.TimerUtil - ******   执行结束推流定时任务       BEGIN   ******
2021-08-23 13:32:36.208 [timeTimer] INFO  com.junction.util.TimerUtil - ******   执行定时任务       END     ******
2021-08-23 13:33:36.207 [timeTimer] INFO  com.junction.util.TimerUtil - ******   执行结束推流定时任务       BEGIN   ******
2021-08-23 13:33:36.207 [timeTimer] INFO  com.junction.util.TimerUtil - ******   执行定时任务       END     ******
2021-08-23 13:34:36.208 [timeTimer] INFO  com.junction.util.TimerUtil - ******   执行结束推流定时任务       BEGIN   ******
2021-08-23 13:34:36.208 [timeTimer] INFO  com.junction.util.TimerUtil - ******   执行定时任务       END     ******
2021-08-23 13:35:36.209 [timeTimer] INFO  com.junction.util.TimerUtil - ******   执行结束推流定时任务       BEGIN   ******
2021-08-23 13:35:36.209 [timeTimer] INFO  com.junction.util.TimerUtil - ******   执行定时任务       END     ******
2021-08-23 13:36:36.210 [timeTimer] INFO  com.junction.util.TimerUtil - ******   执行结束推流定时任务       BEGIN   ******
2021-08-23 13:36:36.210 [timeTimer] INFO  com.junction.util.TimerUtil - ******   执行定时任务       END     ******
2021-08-23 13:37:36.210 [timeTimer] INFO  com.junction.util.TimerUtil - ******   执行结束推流定时任务       BEGIN   ******
2021-08-23 13:37:36.210 [timeTimer] INFO  com.junction.util.TimerUtil - ******   执行定时任务       END     ******
2021-08-23 13:38:36.211 [timeTimer] INFO  com.junction.util.TimerUtil - ******   执行结束推流定时任务       BEGIN   ******
2021-08-23 13:38:36.212 [timeTimer] INFO  com.junction.util.TimerUtil - ******   执行定时任务       END     ******
2021-08-23 13:39:36.212 [timeTimer] INFO  com.junction.util.TimerUtil - ******   执行结束推流定时任务       BEGIN   ******
2021-08-23 13:39:36.213 [timeTimer] INFO  com.junction.util.TimerUtil - ******   执行定时任务       END     ******
2021-08-23 13:40:36.212 [timeTimer] INFO  com.junction.util.TimerUtil - ******   执行结束推流定时任务       BEGIN   ******
2021-08-23 13:40:36.212 [timeTimer] INFO  com.junction.util.TimerUtil - ******   执行定时任务       END     ******
2021-08-23 13:41:36.213 [timeTimer] INFO  com.junction.util.TimerUtil - ******   执行结束推流定时任务       BEGIN   ******
2021-08-23 13:41:36.214 [timeTimer] INFO  com.junction.util.TimerUtil - ******   执行定时任务       END     ******
2021-08-23 13:42:36.213 [timeTimer] INFO  com.junction.util.TimerUtil - ******   执行结束推流定时任务       BEGIN   ******
2021-08-23 13:42:36.214 [timeTimer] INFO  com.junction.util.TimerUtil - ******   执行定时任务       END     ******
2021-08-23 13:43:36.214 [timeTimer] INFO  com.junction.util.TimerUtil - ******   执行结束推流定时任务       BEGIN   ******
2021-08-23 13:43:36.216 [timeTimer] INFO  com.junction.util.TimerUtil - ******   执行定时任务       END     ******
2021-08-23 13:44:36.215 [timeTimer] INFO  com.junction.util.TimerUtil - ******   执行结束推流定时任务       BEGIN   ******
2021-08-23 13:44:36.216 [timeTimer] INFO  com.junction.util.TimerUtil - ******   执行定时任务       END     ******
2021-08-23 13:45:36.215 [timeTimer] INFO  com.junction.util.TimerUtil - ******   执行结束推流定时任务       BEGIN   ******
2021-08-23 13:45:36.215 [timeTimer] INFO  com.junction.util.TimerUtil - ******   执行定时任务       END     ******
2021-08-23 13:46:36.216 [timeTimer] INFO  com.junction.util.TimerUtil - ******   执行结束推流定时任务       BEGIN   ******
2021-08-23 13:46:36.217 [timeTimer] INFO  com.junction.util.TimerUtil - ******   执行定时任务       END     ******
2021-08-23 13:47:36.216 [timeTimer] INFO  com.junction.util.TimerUtil - ******   执行结束推流定时任务       BEGIN   ******
2021-08-23 13:47:36.217 [timeTimer] INFO  com.junction.util.TimerUtil - ******   执行定时任务       END     ******
2021-08-23 13:48:36.217 [timeTimer] INFO  com.junction.util.TimerUtil - ******   执行结束推流定时任务       BEGIN   ******
2021-08-23 13:48:36.218 [timeTimer] INFO  com.junction.util.TimerUtil - ******   执行定时任务       END     ******
2021-08-23 13:49:36.218 [timeTimer] INFO  com.junction.util.TimerUtil - ******   执行结束推流定时任务       BEGIN   ******
2021-08-23 13:49:36.218 [timeTimer] INFO  com.junction.util.TimerUtil - ******   执行定时任务       END     ******
2021-08-23 13:50:36.218 [timeTimer] INFO  com.junction.util.TimerUtil - ******   执行结束推流定时任务       BEGIN   ******
2021-08-23 13:50:36.316 [timeTimer] INFO  com.junction.util.TimerUtil - ******   执行定时任务       END     ******
2021-08-23 13:51:36.219 [timeTimer] INFO  com.junction.util.TimerUtil - ******   执行结束推流定时任务       BEGIN   ******
2021-08-23 13:51:36.219 [timeTimer] INFO  com.junction.util.TimerUtil - ******   执行定时任务       END     ******
2021-08-23 13:52:36.220 [timeTimer] INFO  com.junction.util.TimerUtil - ******   执行结束推流定时任务       BEGIN   ******
2021-08-23 13:52:36.221 [timeTimer] INFO  com.junction.util.TimerUtil - ******   执行定时任务       END     ******
2021-08-23 13:53:36.220 [timeTimer] INFO  com.junction.util.TimerUtil - ******   执行结束推流定时任务       BEGIN   ******
2021-08-23 13:53:36.220 [timeTimer] INFO  com.junction.util.TimerUtil - ******   执行定时任务       END     ******
2021-08-23 13:54:36.221 [timeTimer] INFO  com.junction.util.TimerUtil - ******   执行结束推流定时任务       BEGIN   ******
2021-08-23 13:54:36.221 [timeTimer] INFO  com.junction.util.TimerUtil - ******   执行定时任务       END     ******
2021-08-23 13:55:36.221 [timeTimer] INFO  com.junction.util.TimerUtil - ******   执行结束推流定时任务       BEGIN   ******
2021-08-23 13:55:36.222 [timeTimer] INFO  com.junction.util.TimerUtil - ******   执行定时任务       END     ******
2021-08-23 13:56:36.222 [timeTimer] INFO  com.junction.util.TimerUtil - ******   执行结束推流定时任务       BEGIN   ******
2021-08-23 13:56:36.225 [timeTimer] INFO  com.junction.util.TimerUtil - ******   执行定时任务       END     ******
2021-08-23 13:57:36.222 [timeTimer] INFO  com.junction.util.TimerUtil - ******   执行结束推流定时任务       BEGIN   ******
2021-08-23 13:57:36.223 [timeTimer] INFO  com.junction.util.TimerUtil - ******   执行定时任务       END     ******
2021-08-23 13:58:36.223 [timeTimer] INFO  com.junction.util.TimerUtil - ******   执行结束推流定时任务       BEGIN   ******
2021-08-23 13:58:36.223 [timeTimer] INFO  com.junction.util.TimerUtil - ******   执行定时任务       END     ******
2021-08-23 13:59:36.224 [timeTimer] INFO  com.junction.util.TimerUtil - ******   执行结束推流定时任务       BEGIN   ******
2021-08-23 13:59:36.325 [timeTimer] INFO  com.junction.util.TimerUtil - ******   执行定时任务       END     ******
2021-08-23 14:00:36.224 [timeTimer] INFO  com.junction.util.TimerUtil - ******   执行结束推流定时任务       BEGIN   ******
2021-08-23 14:00:36.224 [timeTimer] INFO  com.junction.util.TimerUtil - ******   执行定时任务       END     ******
2021-08-23 14:01:36.225 [timeTimer] INFO  com.junction.util.TimerUtil - ******   执行结束推流定时任务       BEGIN   ******
2021-08-23 14:01:36.226 [timeTimer] INFO  com.junction.util.TimerUtil - ******   执行定时任务       END     ******
2021-08-23 14:02:36.226 [timeTimer] INFO  com.junction.util.TimerUtil - ******   执行结束推流定时任务       BEGIN   ******
2021-08-23 14:02:36.229 [timeTimer] INFO  com.junction.util.TimerUtil - ******   执行定时任务       END     ******
2021-08-23 14:03:36.226 [timeTimer] INFO  com.junction.util.TimerUtil - ******   执行结束推流定时任务       BEGIN   ******
2021-08-23 14:03:36.227 [timeTimer] INFO  com.junction.util.TimerUtil - ******   执行定时任务       END     ******
2021-08-23 14:04:36.227 [timeTimer] INFO  com.junction.util.TimerUtil - ******   执行结束推流定时任务       BEGIN   ******
2021-08-23 14:04:36.227 [timeTimer] INFO  com.junction.util.TimerUtil - ******   执行定时任务       END     ******
2021-08-23 14:05:36.227 [timeTimer] INFO  com.junction.util.TimerUtil - ******   执行结束推流定时任务       BEGIN   ******
2021-08-23 14:05:36.229 [timeTimer] INFO  com.junction.util.TimerUtil - ******   执行定时任务       END     ******
2021-08-23 14:06:36.228 [timeTimer] INFO  com.junction.util.TimerUtil - ******   执行结束推流定时任务       BEGIN   ******
2021-08-23 14:06:36.229 [timeTimer] INFO  com.junction.util.TimerUtil - ******   执行定时任务       END     ******
2021-08-23 14:07:36.228 [timeTimer] INFO  com.junction.util.TimerUtil - ******   执行结束推流定时任务       BEGIN   ******
2021-08-23 14:07:36.229 [timeTimer] INFO  com.junction.util.TimerUtil - ******   执行定时任务       END     ******
2021-08-23 14:08:36.229 [timeTimer] INFO  com.junction.util.TimerUtil - ******   执行结束推流定时任务       BEGIN   ******
2021-08-23 14:08:36.230 [timeTimer] INFO  com.junction.util.TimerUtil - ******   执行定时任务       END     ******
2021-08-23 14:09:36.230 [timeTimer] INFO  com.junction.util.TimerUtil - ******   执行结束推流定时任务       BEGIN   ******
2021-08-23 14:09:36.230 [timeTimer] INFO  com.junction.util.TimerUtil - ******   执行定时任务       END     ******
2021-08-23 14:10:36.231 [timeTimer] INFO  com.junction.util.TimerUtil - ******   执行结束推流定时任务       BEGIN   ******
2021-08-23 14:10:36.231 [timeTimer] INFO  com.junction.util.TimerUtil - ******   执行定时任务       END     ******
2021-08-23 14:11:36.232 [timeTimer] INFO  com.junction.util.TimerUtil - ******   执行结束推流定时任务       BEGIN   ******
2021-08-23 14:11:36.232 [timeTimer] INFO  com.junction.util.TimerUtil - ******   执行定时任务       END     ******
2021-08-23 14:12:36.233 [timeTimer] INFO  com.junction.util.TimerUtil - ******   执行结束推流定时任务       BEGIN   ******
2021-08-23 14:12:36.234 [timeTimer] INFO  com.junction.util.TimerUtil - ******   执行定时任务       END     ******
2021-08-23 14:13:36.234 [timeTimer] INFO  com.junction.util.TimerUtil - ******   执行结束推流定时任务       BEGIN   ******
2021-08-23 14:13:36.234 [timeTimer] INFO  com.junction.util.TimerUtil - ******   执行定时任务       END     ******
2021-08-23 14:14:36.235 [timeTimer] INFO  com.junction.util.TimerUtil - ******   执行结束推流定时任务       BEGIN   ******
2021-08-23 14:14:36.235 [timeTimer] INFO  com.junction.util.TimerUtil - ******   执行定时任务       END     ******
2021-08-23 14:15:36.235 [timeTimer] INFO  com.junction.util.TimerUtil - ******   执行结束推流定时任务       BEGIN   ******
2021-08-23 14:15:36.235 [timeTimer] INFO  com.junction.util.TimerUtil - ******   执行定时任务       END     ******
2021-08-23 14:16:36.236 [timeTimer] INFO  com.junction.util.TimerUtil - ******   执行结束推流定时任务       BEGIN   ******
2021-08-23 14:16:36.236 [timeTimer] INFO  com.junction.util.TimerUtil - ******   执行定时任务       END     ******
2021-08-23 14:17:36.236 [timeTimer] INFO  com.junction.util.TimerUtil - ******   执行结束推流定时任务       BEGIN   ******
2021-08-23 14:17:36.236 [timeTimer] INFO  com.junction.util.TimerUtil - ******   执行定时任务       END     ******
2021-08-23 14:18:36.237 [timeTimer] INFO  com.junction.util.TimerUtil - ******   执行结束推流定时任务       BEGIN   ******
2021-08-23 14:18:36.245 [timeTimer] INFO  com.junction.util.TimerUtil - ******   执行定时任务       END     ******
2021-08-23 14:19:36.238 [timeTimer] INFO  com.junction.util.TimerUtil - ******   执行结束推流定时任务       BEGIN   ******
2021-08-23 14:19:36.598 [timeTimer] INFO  com.junction.util.TimerUtil - ******   执行定时任务       END     ******
2021-08-23 14:20:36.239 [timeTimer] INFO  com.junction.util.TimerUtil - ******   执行结束推流定时任务       BEGIN   ******
2021-08-23 14:20:36.240 [timeTimer] INFO  com.junction.util.TimerUtil - ******   执行定时任务       END     ******
2021-08-23 14:21:36.239 [timeTimer] INFO  com.junction.util.TimerUtil - ******   执行结束推流定时任务       BEGIN   ******
2021-08-23 14:21:36.240 [timeTimer] INFO  com.junction.util.TimerUtil - ******   执行定时任务       END     ******
2021-08-23 14:22:36.240 [timeTimer] INFO  com.junction.util.TimerUtil - ******   执行结束推流定时任务       BEGIN   ******
2021-08-23 14:22:36.241 [timeTimer] INFO  com.junction.util.TimerUtil - ******   执行定时任务       END     ******
2021-08-23 14:23:36.240 [timeTimer] INFO  com.junction.util.TimerUtil - ******   执行结束推流定时任务       BEGIN   ******
2021-08-23 14:23:36.348 [timeTimer] INFO  com.junction.util.TimerUtil - ******   执行定时任务       END     ******
2021-08-23 14:24:36.241 [timeTimer] INFO  com.junction.util.TimerUtil - ******   执行结束推流定时任务       BEGIN   ******
2021-08-23 14:24:36.241 [timeTimer] INFO  com.junction.util.TimerUtil - ******   执行定时任务       END     ******
2021-08-23 14:25:36.241 [timeTimer] INFO  com.junction.util.TimerUtil - ******   执行结束推流定时任务       BEGIN   ******
2021-08-23 14:25:36.363 [timeTimer] INFO  com.junction.util.TimerUtil - ******   执行定时任务       END     ******
2021-08-23 14:26:36.242 [timeTimer] INFO  com.junction.util.TimerUtil - ******   执行结束推流定时任务       BEGIN   ******
2021-08-23 14:26:36.243 [timeTimer] INFO  com.junction.util.TimerUtil - ******   执行定时任务       END     ******
2021-08-23 14:27:36.243 [timeTimer] INFO  com.junction.util.TimerUtil - ******   执行结束推流定时任务       BEGIN   ******
2021-08-23 14:27:36.243 [timeTimer] INFO  com.junction.util.TimerUtil - ******   执行定时任务       END     ******
2021-08-23 14:28:36.244 [timeTimer] INFO  com.junction.util.TimerUtil - ******   执行结束推流定时任务       BEGIN   ******
2021-08-23 14:28:36.245 [timeTimer] INFO  com.junction.util.TimerUtil - ******   执行定时任务       END     ******
2021-08-23 14:29:36.244 [timeTimer] INFO  com.junction.util.TimerUtil - ******   执行结束推流定时任务       BEGIN   ******
2021-08-23 14:29:36.255 [timeTimer] INFO  com.junction.util.TimerUtil - ******   执行定时任务       END     ******
2021-08-23 14:30:36.245 [timeTimer] INFO  com.junction.util.TimerUtil - ******   执行结束推流定时任务       BEGIN   ******
2021-08-23 14:30:36.246 [timeTimer] INFO  com.junction.util.TimerUtil - ******   执行定时任务       END     ******
2021-08-23 14:31:36.245 [timeTimer] INFO  com.junction.util.TimerUtil - ******   执行结束推流定时任务       BEGIN   ******
2021-08-23 14:31:36.246 [timeTimer] INFO  com.junction.util.TimerUtil - ******   执行定时任务       END     ******
2021-08-23 14:32:36.245 [timeTimer] INFO  com.junction.util.TimerUtil - ******   执行结束推流定时任务       BEGIN   ******
2021-08-23 14:32:36.246 [timeTimer] INFO  com.junction.util.TimerUtil - ******   执行定时任务       END     ******
2021-08-23 14:33:36.246 [timeTimer] INFO  com.junction.util.TimerUtil - ******   执行结束推流定时任务       BEGIN   ******
2021-08-23 14:33:36.246 [timeTimer] INFO  com.junction.util.TimerUtil - ******   执行定时任务       END     ******
2021-08-23 14:34:36.246 [timeTimer] INFO  com.junction.util.TimerUtil - ******   执行结束推流定时任务       BEGIN   ******
2021-08-23 14:34:36.247 [timeTimer] INFO  com.junction.util.TimerUtil - ******   执行定时任务       END     ******
2021-08-23 14:35:36.247 [timeTimer] INFO  com.junction.util.TimerUtil - ******   执行结束推流定时任务       BEGIN   ******
2021-08-23 14:35:36.248 [timeTimer] INFO  com.junction.util.TimerUtil - ******   执行定时任务       END     ******
2021-08-23 14:36:36.248 [timeTimer] INFO  com.junction.util.TimerUtil - ******   执行结束推流定时任务       BEGIN   ******
2021-08-23 14:36:36.248 [timeTimer] INFO  com.junction.util.TimerUtil - ******   执行定时任务       END     ******
2021-08-23 14:37:36.249 [timeTimer] INFO  com.junction.util.TimerUtil - ******   执行结束推流定时任务       BEGIN   ******
2021-08-23 14:37:36.249 [timeTimer] INFO  com.junction.util.TimerUtil - ******   执行定时任务       END     ******
2021-08-23 14:38:36.250 [timeTimer] INFO  com.junction.util.TimerUtil - ******   执行结束推流定时任务       BEGIN   ******
2021-08-23 14:38:36.250 [timeTimer] INFO  com.junction.util.TimerUtil - ******   执行定时任务       END     ******
2021-08-23 14:39:36.251 [timeTimer] INFO  com.junction.util.TimerUtil - ******   执行结束推流定时任务       BEGIN   ******
2021-08-23 14:39:36.351 [timeTimer] INFO  com.junction.util.TimerUtil - ******   执行定时任务       END     ******
2021-08-23 14:40:36.250 [timeTimer] INFO  com.junction.util.TimerUtil - ******   执行结束推流定时任务       BEGIN   ******
2021-08-23 14:40:36.251 [timeTimer] INFO  com.junction.util.TimerUtil - ******   执行定时任务       END     ******
2021-08-23 14:41:36.250 [timeTimer] INFO  com.junction.util.TimerUtil - ******   执行结束推流定时任务       BEGIN   ******
2021-08-23 14:41:36.344 [timeTimer] INFO  com.junction.util.TimerUtil - ******   执行定时任务       END     ******
2021-08-23 14:42:36.250 [timeTimer] INFO  com.junction.util.TimerUtil - ******   执行结束推流定时任务       BEGIN   ******
2021-08-23 14:42:36.250 [timeTimer] INFO  com.junction.util.TimerUtil - ******   执行定时任务       END     ******
2021-08-23 14:43:36.251 [timeTimer] INFO  com.junction.util.TimerUtil - ******   执行结束推流定时任务       BEGIN   ******
2021-08-23 14:43:36.251 [timeTimer] INFO  com.junction.util.TimerUtil - ******   执行定时任务       END     ******
2021-08-23 14:44:36.251 [timeTimer] INFO  com.junction.util.TimerUtil - ******   执行结束推流定时任务       BEGIN   ******
2021-08-23 14:44:36.251 [timeTimer] INFO  com.junction.util.TimerUtil - ******   执行定时任务       END     ******
2021-08-23 14:45:36.252 [timeTimer] INFO  com.junction.util.TimerUtil - ******   执行结束推流定时任务       BEGIN   ******
2021-08-23 14:45:36.252 [timeTimer] INFO  com.junction.util.TimerUtil - ******   执行定时任务       END     ******
2021-08-23 14:46:36.252 [timeTimer] INFO  com.junction.util.TimerUtil - ******   执行结束推流定时任务       BEGIN   ******
2021-08-23 14:46:36.252 [timeTimer] INFO  com.junction.util.TimerUtil - ******   执行定时任务       END     ******
2021-08-23 14:47:36.252 [timeTimer] INFO  com.junction.util.TimerUtil - ******   执行结束推流定时任务       BEGIN   ******
2021-08-23 14:47:36.252 [timeTimer] INFO  com.junction.util.TimerUtil - ******   执行定时任务       END     ******
2021-08-23 14:48:36.253 [timeTimer] INFO  com.junction.util.TimerUtil - ******   执行结束推流定时任务       BEGIN   ******
2021-08-23 14:48:36.254 [timeTimer] INFO  com.junction.util.TimerUtil - ******   执行定时任务       END     ******
2021-08-23 14:49:36.253 [timeTimer] INFO  com.junction.util.TimerUtil - ******   执行结束推流定时任务       BEGIN   ******
2021-08-23 14:49:36.255 [timeTimer] INFO  com.junction.util.TimerUtil - ******   执行定时任务       END     ******
2021-08-23 14:50:36.254 [timeTimer] INFO  com.junction.util.TimerUtil - ******   执行结束推流定时任务       BEGIN   ******
2021-08-23 14:50:36.254 [timeTimer] INFO  com.junction.util.TimerUtil - ******   执行定时任务       END     ******
2021-08-23 14:51:36.255 [timeTimer] INFO  com.junction.util.TimerUtil - ******   执行结束推流定时任务       BEGIN   ******
2021-08-23 14:51:36.256 [timeTimer] INFO  com.junction.util.TimerUtil - ******   执行定时任务       END     ******
2021-08-23 14:52:36.255 [timeTimer] INFO  com.junction.util.TimerUtil - ******   执行结束推流定时任务       BEGIN   ******
2021-08-23 14:52:36.255 [timeTimer] INFO  com.junction.util.TimerUtil - ******   执行定时任务       END     ******
2021-08-23 14:53:36.255 [timeTimer] INFO  com.junction.util.TimerUtil - ******   执行结束推流定时任务       BEGIN   ******
2021-08-23 14:53:36.256 [timeTimer] INFO  com.junction.util.TimerUtil - ******   执行定时任务       END     ******
2021-08-23 14:54:36.255 [timeTimer] INFO  com.junction.util.TimerUtil - ******   执行结束推流定时任务       BEGIN   ******
2021-08-23 14:54:36.255 [timeTimer] INFO  com.junction.util.TimerUtil - ******   执行定时任务       END     ******
2021-08-23 14:55:36.256 [timeTimer] INFO  com.junction.util.TimerUtil - ******   执行结束推流定时任务       BEGIN   ******
2021-08-23 14:55:36.256 [timeTimer] INFO  com.junction.util.TimerUtil - ******   执行定时任务       END     ******
2021-08-23 14:56:36.256 [timeTimer] INFO  com.junction.util.TimerUtil - ******   执行结束推流定时任务       BEGIN   ******
2021-08-23 14:56:36.256 [timeTimer] INFO  com.junction.util.TimerUtil - ******   执行定时任务       END     ******
2021-08-23 14:57:36.257 [timeTimer] INFO  com.junction.util.TimerUtil - ******   执行结束推流定时任务       BEGIN   ******
2021-08-23 14:57:36.258 [timeTimer] INFO  com.junction.util.TimerUtil - ******   执行定时任务       END     ******
2021-08-23 14:58:36.257 [timeTimer] INFO  com.junction.util.TimerUtil - ******   执行结束推流定时任务       BEGIN   ******
2021-08-23 14:58:36.257 [timeTimer] INFO  com.junction.util.TimerUtil - ******   执行定时任务       END     ******
2021-08-23 14:59:36.257 [timeTimer] INFO  com.junction.util.TimerUtil - ******   执行结束推流定时任务       BEGIN   ******
2021-08-23 14:59:36.257 [timeTimer] INFO  com.junction.util.TimerUtil - ******   执行定时任务       END     ******
2021-08-23 15:00:36.258 [timeTimer] INFO  com.junction.util.TimerUtil - ******   执行结束推流定时任务       BEGIN   ******
2021-08-23 15:00:36.260 [timeTimer] INFO  com.junction.util.TimerUtil - ******   执行定时任务       END     ******
2021-08-23 15:01:36.258 [timeTimer] INFO  com.junction.util.TimerUtil - ******   执行结束推流定时任务       BEGIN   ******
2021-08-23 15:01:36.259 [timeTimer] INFO  com.junction.util.TimerUtil - ******   执行定时任务       END     ******
2021-08-23 15:02:36.258 [timeTimer] INFO  com.junction.util.TimerUtil - ******   执行结束推流定时任务       BEGIN   ******
2021-08-23 15:02:36.258 [timeTimer] INFO  com.junction.util.TimerUtil - ******   执行定时任务       END     ******
2021-08-23 15:03:36.259 [timeTimer] INFO  com.junction.util.TimerUtil - ******   执行结束推流定时任务       BEGIN   ******
2021-08-23 15:03:36.260 [timeTimer] INFO  com.junction.util.TimerUtil - ******   执行定时任务       END     ******
2021-08-23 15:04:36.263 [timeTimer] INFO  com.junction.util.TimerUtil - ******   执行结束推流定时任务       BEGIN   ******
2021-08-23 15:04:36.263 [timeTimer] INFO  com.junction.util.TimerUtil - ******   执行定时任务       END     ******
2021-08-23 15:05:36.263 [timeTimer] INFO  com.junction.util.TimerUtil - ******   执行结束推流定时任务       BEGIN   ******
2021-08-23 15:05:36.263 [timeTimer] INFO  com.junction.util.TimerUtil - ******   执行定时任务       END     ******
2021-08-23 15:06:36.264 [timeTimer] INFO  com.junction.util.TimerUtil - ******   执行结束推流定时任务       BEGIN   ******
2021-08-23 15:06:36.376 [timeTimer] INFO  com.junction.util.TimerUtil - ******   执行定时任务       END     ******
2021-08-23 15:07:36.264 [timeTimer] INFO  com.junction.util.TimerUtil - ******   执行结束推流定时任务       BEGIN   ******
2021-08-23 15:07:36.264 [timeTimer] INFO  com.junction.util.TimerUtil - ******   执行定时任务       END     ******
2021-08-23 15:08:36.264 [timeTimer] INFO  com.junction.util.TimerUtil - ******   执行结束推流定时任务       BEGIN   ******
2021-08-23 15:08:36.265 [timeTimer] INFO  com.junction.util.TimerUtil - ******   执行定时任务       END     ******
2021-08-23 15:09:36.265 [timeTimer] INFO  com.junction.util.TimerUtil - ******   执行结束推流定时任务       BEGIN   ******
2021-08-23 15:09:36.265 [timeTimer] INFO  com.junction.util.TimerUtil - ******   执行定时任务       END     ******
2021-08-23 15:10:36.265 [timeTimer] INFO  com.junction.util.TimerUtil - ******   执行结束推流定时任务       BEGIN   ******
2021-08-23 15:10:36.265 [timeTimer] INFO  com.junction.util.TimerUtil - ******   执行定时任务       END     ******
2021-08-23 15:11:36.265 [timeTimer] INFO  com.junction.util.TimerUtil - ******   执行结束推流定时任务       BEGIN   ******
2021-08-23 15:11:36.266 [timeTimer] INFO  com.junction.util.TimerUtil - ******   执行定时任务       END     ******
2021-08-23 15:12:36.265 [timeTimer] INFO  com.junction.util.TimerUtil - ******   执行结束推流定时任务       BEGIN   ******
2021-08-23 15:12:36.265 [timeTimer] INFO  com.junction.util.TimerUtil - ******   执行定时任务       END     ******
2021-08-23 15:13:36.265 [timeTimer] INFO  com.junction.util.TimerUtil - ******   执行结束推流定时任务       BEGIN   ******
2021-08-23 15:13:36.265 [timeTimer] INFO  com.junction.util.TimerUtil - ******   执行定时任务       END     ******
2021-08-23 15:14:36.266 [timeTimer] INFO  com.junction.util.TimerUtil - ******   执行结束推流定时任务       BEGIN   ******
2021-08-23 15:14:36.267 [timeTimer] INFO  com.junction.util.TimerUtil - ******   执行定时任务       END     ******
2021-08-23 15:15:36.267 [timeTimer] INFO  com.junction.util.TimerUtil - ******   执行结束推流定时任务       BEGIN   ******
2021-08-23 15:15:36.267 [timeTimer] INFO  com.junction.util.TimerUtil - ******   执行定时任务       END     ******
2021-08-23 15:16:36.268 [timeTimer] INFO  com.junction.util.TimerUtil - ******   执行结束推流定时任务       BEGIN   ******
2021-08-23 15:16:36.268 [timeTimer] INFO  com.junction.util.TimerUtil - ******   执行定时任务       END     ******
2021-08-23 15:17:36.268 [timeTimer] INFO  com.junction.util.TimerUtil - ******   执行结束推流定时任务       BEGIN   ******
2021-08-23 15:17:36.268 [timeTimer] INFO  com.junction.util.TimerUtil - ******   执行定时任务       END     ******
2021-08-23 15:18:36.269 [timeTimer] INFO  com.junction.util.TimerUtil - ******   执行结束推流定时任务       BEGIN   ******
2021-08-23 15:18:36.269 [timeTimer] INFO  com.junction.util.TimerUtil - ******   执行定时任务       END     ******
2021-08-23 15:19:36.270 [timeTimer] INFO  com.junction.util.TimerUtil - ******   执行结束推流定时任务       BEGIN   ******
2021-08-23 15:19:36.270 [timeTimer] INFO  com.junction.util.TimerUtil - ******   执行定时任务       END     ******
2021-08-23 15:20:36.271 [timeTimer] INFO  com.junction.util.TimerUtil - ******   执行结束推流定时任务       BEGIN   ******
2021-08-23 15:20:36.272 [timeTimer] INFO  com.junction.util.TimerUtil - ******   执行定时任务       END     ******
2021-08-23 15:21:36.271 [timeTimer] INFO  com.junction.util.TimerUtil - ******   执行结束推流定时任务       BEGIN   ******
2021-08-23 15:21:36.272 [timeTimer] INFO  com.junction.util.TimerUtil - ******   执行定时任务       END     ******
2021-08-23 15:22:36.271 [timeTimer] INFO  com.junction.util.TimerUtil - ******   执行结束推流定时任务       BEGIN   ******
2021-08-23 15:22:36.369 [timeTimer] INFO  com.junction.util.TimerUtil - ******   执行定时任务       END     ******
2021-08-23 15:23:36.271 [timeTimer] INFO  com.junction.util.TimerUtil - ******   执行结束推流定时任务       BEGIN   ******
2021-08-23 15:23:36.281 [timeTimer] INFO  com.junction.util.TimerUtil - ******   执行定时任务       END     ******
2021-08-23 15:24:36.272 [timeTimer] INFO  com.junction.util.TimerUtil - ******   执行结束推流定时任务       BEGIN   ******
2021-08-23 15:24:36.272 [timeTimer] INFO  com.junction.util.TimerUtil - ******   执行定时任务       END     ******
2021-08-23 15:25:36.272 [timeTimer] INFO  com.junction.util.TimerUtil - ******   执行结束推流定时任务       BEGIN   ******
2021-08-23 15:25:36.272 [timeTimer] INFO  com.junction.util.TimerUtil - ******   执行定时任务       END     ******
2021-08-23 15:26:36.272 [timeTimer] INFO  com.junction.util.TimerUtil - ******   执行结束推流定时任务       BEGIN   ******
2021-08-23 15:26:36.272 [timeTimer] INFO  com.junction.util.TimerUtil - ******   执行定时任务       END     ******
2021-08-23 15:27:36.272 [timeTimer] INFO  com.junction.util.TimerUtil - ******   执行结束推流定时任务       BEGIN   ******
2021-08-23 15:27:36.272 [timeTimer] INFO  com.junction.util.TimerUtil - ******   执行定时任务       END     ******
2021-08-23 15:28:36.272 [timeTimer] INFO  com.junction.util.TimerUtil - ******   执行结束推流定时任务       BEGIN   ******
2021-08-23 15:28:36.272 [timeTimer] INFO  com.junction.util.TimerUtil - ******   执行定时任务       END     ******
2021-08-23 15:29:36.273 [timeTimer] INFO  com.junction.util.TimerUtil - ******   执行结束推流定时任务       BEGIN   ******
2021-08-23 15:29:36.277 [timeTimer] INFO  com.junction.util.TimerUtil - ******   执行定时任务       END     ******
2021-08-23 15:30:36.274 [timeTimer] INFO  com.junction.util.TimerUtil - ******   执行结束推流定时任务       BEGIN   ******
2021-08-23 15:30:36.275 [timeTimer] INFO  com.junction.util.TimerUtil - ******   执行定时任务       END     ******
2021-08-23 15:31:36.274 [timeTimer] INFO  com.junction.util.TimerUtil - ******   执行结束推流定时任务       BEGIN   ******
2021-08-23 15:31:36.274 [timeTimer] INFO  com.junction.util.TimerUtil - ******   执行定时任务       END     ******
2021-08-23 15:32:36.275 [timeTimer] INFO  com.junction.util.TimerUtil - ******   执行结束推流定时任务       BEGIN   ******
2021-08-23 15:32:36.275 [timeTimer] INFO  com.junction.util.TimerUtil - ******   执行定时任务       END     ******
2021-08-23 15:33:36.276 [timeTimer] INFO  com.junction.util.TimerUtil - ******   执行结束推流定时任务       BEGIN   ******
2021-08-23 15:33:36.276 [timeTimer] INFO  com.junction.util.TimerUtil - ******   执行定时任务       END     ******
2021-08-23 15:34:36.277 [timeTimer] INFO  com.junction.util.TimerUtil - ******   执行结束推流定时任务       BEGIN   ******
2021-08-23 15:34:36.278 [timeTimer] INFO  com.junction.util.TimerUtil - ******   执行定时任务       END     ******
2021-08-23 15:35:36.278 [timeTimer] INFO  com.junction.util.TimerUtil - ******   执行结束推流定时任务       BEGIN   ******
2021-08-23 15:35:36.278 [timeTimer] INFO  com.junction.util.TimerUtil - ******   执行定时任务       END     ******
2021-08-23 15:36:36.278 [timeTimer] INFO  com.junction.util.TimerUtil - ******   执行结束推流定时任务       BEGIN   ******
2021-08-23 15:36:36.278 [timeTimer] INFO  com.junction.util.TimerUtil - ******   执行定时任务       END     ******
2021-08-23 15:37:36.279 [timeTimer] INFO  com.junction.util.TimerUtil - ******   执行结束推流定时任务       BEGIN   ******
2021-08-23 15:37:36.279 [timeTimer] INFO  com.junction.util.TimerUtil - ******   执行定时任务       END     ******
2021-08-23 15:38:36.280 [timeTimer] INFO  com.junction.util.TimerUtil - ******   执行结束推流定时任务       BEGIN   ******
2021-08-23 15:38:36.280 [timeTimer] INFO  com.junction.util.TimerUtil - ******   执行定时任务       END     ******
2021-08-23 15:39:36.280 [timeTimer] INFO  com.junction.util.TimerUtil - ******   执行结束推流定时任务       BEGIN   ******
2021-08-23 15:39:36.280 [timeTimer] INFO  com.junction.util.TimerUtil - ******   执行定时任务       END     ******
2021-08-23 15:40:36.885 [timeTimer] INFO  com.junction.util.TimerUtil - ******   执行结束推流定时任务       BEGIN   ******
2021-08-23 15:40:36.885 [timeTimer] INFO  com.junction.util.TimerUtil - ******   执行定时任务       END     ******
2021-08-23 15:41:36.281 [timeTimer] INFO  com.junction.util.TimerUtil - ******   执行结束推流定时任务       BEGIN   ******
2021-08-23 15:41:36.281 [timeTimer] INFO  com.junction.util.TimerUtil - ******   执行定时任务       END     ******
2021-08-23 15:42:36.281 [timeTimer] INFO  com.junction.util.TimerUtil - ******   执行结束推流定时任务       BEGIN   ******
2021-08-23 15:42:36.281 [timeTimer] INFO  com.junction.util.TimerUtil - ******   执行定时任务       END     ******
2021-08-23 15:43:36.281 [timeTimer] INFO  com.junction.util.TimerUtil - ******   执行结束推流定时任务       BEGIN   ******
2021-08-23 15:43:36.294 [timeTimer] INFO  com.junction.util.TimerUtil - ******   执行定时任务       END     ******
2021-08-23 15:44:36.282 [timeTimer] INFO  com.junction.util.TimerUtil - ******   执行结束推流定时任务       BEGIN   ******
2021-08-23 15:44:36.282 [timeTimer] INFO  com.junction.util.TimerUtil - ******   执行定时任务       END     ******
2021-08-23 15:45:36.284 [timeTimer] INFO  com.junction.util.TimerUtil - ******   执行结束推流定时任务       BEGIN   ******
2021-08-23 15:45:36.285 [timeTimer] INFO  com.junction.util.TimerUtil - ******   执行定时任务       END     ******
2021-08-23 15:46:36.284 [timeTimer] INFO  com.junction.util.TimerUtil - ******   执行结束推流定时任务       BEGIN   ******
2021-08-23 15:46:36.284 [timeTimer] INFO  com.junction.util.TimerUtil - ******   执行定时任务       END     ******
2021-08-23 15:47:36.285 [timeTimer] INFO  com.junction.util.TimerUtil - ******   执行结束推流定时任务       BEGIN   ******
2021-08-23 15:47:36.286 [timeTimer] INFO  com.junction.util.TimerUtil - ******   执行定时任务       END     ******
2021-08-23 15:48:36.286 [timeTimer] INFO  com.junction.util.TimerUtil - ******   执行结束推流定时任务       BEGIN   ******
2021-08-23 15:48:36.286 [timeTimer] INFO  com.junction.util.TimerUtil - ******   执行定时任务       END     ******
2021-08-23 15:49:36.287 [timeTimer] INFO  com.junction.util.TimerUtil - ******   执行结束推流定时任务       BEGIN   ******
2021-08-23 15:49:36.291 [timeTimer] INFO  com.junction.util.TimerUtil - ******   执行定时任务       END     ******
2021-08-23 15:50:36.288 [timeTimer] INFO  com.junction.util.TimerUtil - ******   执行结束推流定时任务       BEGIN   ******
2021-08-23 15:50:36.288 [timeTimer] INFO  com.junction.util.TimerUtil - ******   执行定时任务       END     ******
2021-08-23 15:51:36.289 [timeTimer] INFO  com.junction.util.TimerUtil - ******   执行结束推流定时任务       BEGIN   ******
2021-08-23 15:51:36.291 [timeTimer] INFO  com.junction.util.TimerUtil - ******   执行定时任务       END     ******
2021-08-23 15:52:36.290 [timeTimer] INFO  com.junction.util.TimerUtil - ******   执行结束推流定时任务       BEGIN   ******
2021-08-23 15:52:36.295 [timeTimer] INFO  com.junction.util.TimerUtil - ******   执行定时任务       END     ******
2021-08-23 15:53:36.290 [timeTimer] INFO  com.junction.util.TimerUtil - ******   执行结束推流定时任务       BEGIN   ******
2021-08-23 15:53:36.291 [timeTimer] INFO  com.junction.util.TimerUtil - ******   执行定时任务       END     ******
2021-08-23 15:54:36.290 [timeTimer] INFO  com.junction.util.TimerUtil - ******   执行结束推流定时任务       BEGIN   ******
2021-08-23 15:54:36.290 [timeTimer] INFO  com.junction.util.TimerUtil - ******   执行定时任务       END     ******
2021-08-23 15:55:36.291 [timeTimer] INFO  com.junction.util.TimerUtil - ******   执行结束推流定时任务       BEGIN   ******
2021-08-23 15:55:36.293 [timeTimer] INFO  com.junction.util.TimerUtil - ******   执行定时任务       END     ******
2021-08-23 15:56:36.291 [timeTimer] INFO  com.junction.util.TimerUtil - ******   执行结束推流定时任务       BEGIN   ******
2021-08-23 15:56:36.292 [timeTimer] INFO  com.junction.util.TimerUtil - ******   执行定时任务       END     ******
2021-08-23 15:57:36.291 [timeTimer] INFO  com.junction.util.TimerUtil - ******   执行结束推流定时任务       BEGIN   ******
2021-08-23 15:57:36.292 [timeTimer] INFO  com.junction.util.TimerUtil - ******   执行定时任务       END     ******
2021-08-23 15:58:36.292 [timeTimer] INFO  com.junction.util.TimerUtil - ******   执行结束推流定时任务       BEGIN   ******
2021-08-23 15:58:36.292 [timeTimer] INFO  com.junction.util.TimerUtil - ******   执行定时任务       END     ******
2021-08-23 15:59:36.293 [timeTimer] INFO  com.junction.util.TimerUtil - ******   执行结束推流定时任务       BEGIN   ******
2021-08-23 15:59:36.294 [timeTimer] INFO  com.junction.util.TimerUtil - ******   执行定时任务       END     ******
2021-08-23 16:00:36.293 [timeTimer] INFO  com.junction.util.TimerUtil - ******   执行结束推流定时任务       BEGIN   ******
2021-08-23 16:00:36.294 [timeTimer] INFO  com.junction.util.TimerUtil - ******   执行定时任务       END     ******
2021-08-23 16:01:36.294 [timeTimer] INFO  com.junction.util.TimerUtil - ******   执行结束推流定时任务       BEGIN   ******
2021-08-23 16:01:36.294 [timeTimer] INFO  com.junction.util.TimerUtil - ******   执行定时任务       END     ******
2021-08-23 16:02:36.294 [timeTimer] INFO  com.junction.util.TimerUtil - ******   执行结束推流定时任务       BEGIN   ******
2021-08-23 16:02:36.295 [timeTimer] INFO  com.junction.util.TimerUtil - ******   执行定时任务       END     ******
2021-08-23 16:03:36.294 [timeTimer] INFO  com.junction.util.TimerUtil - ******   执行结束推流定时任务       BEGIN   ******
2021-08-23 16:03:36.295 [timeTimer] INFO  com.junction.util.TimerUtil - ******   执行定时任务       END     ******
2021-08-23 16:04:36.295 [timeTimer] INFO  com.junction.util.TimerUtil - ******   执行结束推流定时任务       BEGIN   ******
2021-08-23 16:04:36.295 [timeTimer] INFO  com.junction.util.TimerUtil - ******   执行定时任务       END     ******
2021-08-23 16:05:36.296 [timeTimer] INFO  com.junction.util.TimerUtil - ******   执行结束推流定时任务       BEGIN   ******
2021-08-23 16:05:36.297 [timeTimer] INFO  com.junction.util.TimerUtil - ******   执行定时任务       END     ******
2021-08-23 16:06:36.297 [timeTimer] INFO  com.junction.util.TimerUtil - ******   执行结束推流定时任务       BEGIN   ******
2021-08-23 16:06:36.298 [timeTimer] INFO  com.junction.util.TimerUtil - ******   执行定时任务       END     ******
2021-08-23 16:07:36.297 [timeTimer] INFO  com.junction.util.TimerUtil - ******   执行结束推流定时任务       BEGIN   ******
2021-08-23 16:07:36.297 [timeTimer] INFO  com.junction.util.TimerUtil - ******   执行定时任务       END     ******
2021-08-23 16:08:36.297 [timeTimer] INFO  com.junction.util.TimerUtil - ******   执行结束推流定时任务       BEGIN   ******
2021-08-23 16:08:36.297 [timeTimer] INFO  com.junction.util.TimerUtil - ******   执行定时任务       END     ******
2021-08-23 16:09:36.298 [timeTimer] INFO  com.junction.util.TimerUtil - ******   执行结束推流定时任务       BEGIN   ******
2021-08-23 16:09:36.298 [timeTimer] INFO  com.junction.util.TimerUtil - ******   执行定时任务       END     ******
2021-08-23 16:10:36.299 [timeTimer] INFO  com.junction.util.TimerUtil - ******   执行结束推流定时任务       BEGIN   ******
2021-08-23 16:10:36.299 [timeTimer] INFO  com.junction.util.TimerUtil - ******   执行定时任务       END     ******
2021-08-23 16:11:36.299 [timeTimer] INFO  com.junction.util.TimerUtil - ******   执行结束推流定时任务       BEGIN   ******
2021-08-23 16:11:36.299 [timeTimer] INFO  com.junction.util.TimerUtil - ******   执行定时任务       END     ******
2021-08-23 16:12:36.300 [timeTimer] INFO  com.junction.util.TimerUtil - ******   执行结束推流定时任务       BEGIN   ******
2021-08-23 16:12:36.300 [timeTimer] INFO  com.junction.util.TimerUtil - ******   执行定时任务       END     ******
2021-08-23 16:13:36.300 [timeTimer] INFO  com.junction.util.TimerUtil - ******   执行结束推流定时任务       BEGIN   ******
2021-08-23 16:13:36.300 [timeTimer] INFO  com.junction.util.TimerUtil - ******   执行定时任务       END     ******
2021-08-23 16:14:36.300 [timeTimer] INFO  com.junction.util.TimerUtil - ******   执行结束推流定时任务       BEGIN   ******
2021-08-23 16:14:36.300 [timeTimer] INFO  com.junction.util.TimerUtil - ******   执行定时任务       END     ******
2021-08-23 16:15:36.300 [timeTimer] INFO  com.junction.util.TimerUtil - ******   执行结束推流定时任务       BEGIN   ******
2021-08-23 16:15:36.300 [timeTimer] INFO  com.junction.util.TimerUtil - ******   执行定时任务       END     ******
2021-08-23 16:16:36.301 [timeTimer] INFO  com.junction.util.TimerUtil - ******   执行结束推流定时任务       BEGIN   ******
2021-08-23 16:16:36.301 [timeTimer] INFO  com.junction.util.TimerUtil - ******   执行定时任务       END     ******
2021-08-23 16:17:36.301 [timeTimer] INFO  com.junction.util.TimerUtil - ******   执行结束推流定时任务       BEGIN   ******
2021-08-23 16:17:36.301 [timeTimer] INFO  com.junction.util.TimerUtil - ******   执行定时任务       END     ******
2021-08-23 16:18:36.302 [timeTimer] INFO  com.junction.util.TimerUtil - ******   执行结束推流定时任务       BEGIN   ******
2021-08-23 16:18:36.302 [timeTimer] INFO  com.junction.util.TimerUtil - ******   执行定时任务       END     ******
2021-08-23 16:19:36.302 [timeTimer] INFO  com.junction.util.TimerUtil - ******   执行结束推流定时任务       BEGIN   ******
2021-08-23 16:19:36.302 [timeTimer] INFO  com.junction.util.TimerUtil - ******   执行定时任务       END     ******
2021-08-23 16:20:36.303 [timeTimer] INFO  com.junction.util.TimerUtil - ******   执行结束推流定时任务       BEGIN   ******
2021-08-23 16:20:36.303 [timeTimer] INFO  com.junction.util.TimerUtil - ******   执行定时任务       END     ******
2021-08-23 16:21:36.303 [timeTimer] INFO  com.junction.util.TimerUtil - ******   执行结束推流定时任务       BEGIN   ******
2021-08-23 16:21:36.303 [timeTimer] INFO  com.junction.util.TimerUtil - ******   执行定时任务       END     ******
2021-08-23 16:22:36.304 [timeTimer] INFO  com.junction.util.TimerUtil - ******   执行结束推流定时任务       BEGIN   ******
2021-08-23 16:22:36.422 [timeTimer] INFO  com.junction.util.TimerUtil - ******   执行定时任务       END     ******
2021-08-23 16:23:36.305 [timeTimer] INFO  com.junction.util.TimerUtil - ******   执行结束推流定时任务       BEGIN   ******
2021-08-23 16:23:36.305 [timeTimer] INFO  com.junction.util.TimerUtil - ******   执行定时任务       END     ******
2021-08-23 16:24:36.306 [timeTimer] INFO  com.junction.util.TimerUtil - ******   执行结束推流定时任务       BEGIN   ******
2021-08-23 16:24:36.306 [timeTimer] INFO  com.junction.util.TimerUtil - ******   执行定时任务       END     ******
2021-08-23 16:25:36.307 [timeTimer] INFO  com.junction.util.TimerUtil - ******   执行结束推流定时任务       BEGIN   ******
2021-08-23 16:25:36.307 [timeTimer] INFO  com.junction.util.TimerUtil - ******   执行定时任务       END     ******
2021-08-23 16:26:36.307 [timeTimer] INFO  com.junction.util.TimerUtil - ******   执行结束推流定时任务       BEGIN   ******
2021-08-23 16:26:36.307 [timeTimer] INFO  com.junction.util.TimerUtil - ******   执行定时任务       END     ******
2021-08-23 16:27:36.308 [timeTimer] INFO  com.junction.util.TimerUtil - ******   执行结束推流定时任务       BEGIN   ******
2021-08-23 16:27:36.308 [timeTimer] INFO  com.junction.util.TimerUtil - ******   执行定时任务       END     ******
2021-08-23 16:28:36.309 [timeTimer] INFO  com.junction.util.TimerUtil - ******   执行结束推流定时任务       BEGIN   ******
2021-08-23 16:28:36.310 [timeTimer] INFO  com.junction.util.TimerUtil - ******   执行定时任务       END     ******
2021-08-23 16:29:36.309 [timeTimer] INFO  com.junction.util.TimerUtil - ******   执行结束推流定时任务       BEGIN   ******
2021-08-23 16:29:36.310 [timeTimer] INFO  com.junction.util.TimerUtil - ******   执行定时任务       END     ******
2021-08-23 16:30:36.309 [timeTimer] INFO  com.junction.util.TimerUtil - ******   执行结束推流定时任务       BEGIN   ******
2021-08-23 16:30:36.309 [timeTimer] INFO  com.junction.util.TimerUtil - ******   执行定时任务       END     ******
2021-08-23 16:31:36.310 [timeTimer] INFO  com.junction.util.TimerUtil - ******   执行结束推流定时任务       BEGIN   ******
2021-08-23 16:31:36.310 [timeTimer] INFO  com.junction.util.TimerUtil - ******   执行定时任务       END     ******
2021-08-23 16:32:36.311 [timeTimer] INFO  com.junction.util.TimerUtil - ******   执行结束推流定时任务       BEGIN   ******
2021-08-23 16:32:36.311 [timeTimer] INFO  com.junction.util.TimerUtil - ******   执行定时任务       END     ******
2021-08-23 16:33:36.312 [timeTimer] INFO  com.junction.util.TimerUtil - ******   执行结束推流定时任务       BEGIN   ******
2021-08-23 16:33:36.312 [timeTimer] INFO  com.junction.util.TimerUtil - ******   执行定时任务       END     ******
2021-08-23 16:34:36.312 [timeTimer] INFO  com.junction.util.TimerUtil - ******   执行结束推流定时任务       BEGIN   ******
2021-08-23 16:34:36.312 [timeTimer] INFO  com.junction.util.TimerUtil - ******   执行定时任务       END     ******
2021-08-23 16:35:36.313 [timeTimer] INFO  com.junction.util.TimerUtil - ******   执行结束推流定时任务       BEGIN   ******
2021-08-23 16:35:36.314 [timeTimer] INFO  com.junction.util.TimerUtil - ******   执行定时任务       END     ******
2021-08-23 16:36:36.313 [timeTimer] INFO  com.junction.util.TimerUtil - ******   执行结束推流定时任务       BEGIN   ******
2021-08-23 16:36:36.313 [timeTimer] INFO  com.junction.util.TimerUtil - ******   执行定时任务       END     ******
2021-08-23 16:37:36.314 [timeTimer] INFO  com.junction.util.TimerUtil - ******   执行结束推流定时任务       BEGIN   ******
2021-08-23 16:37:36.315 [timeTimer] INFO  com.junction.util.TimerUtil - ******   执行定时任务       END     ******
2021-08-23 16:38:36.314 [timeTimer] INFO  com.junction.util.TimerUtil - ******   执行结束推流定时任务       BEGIN   ******
2021-08-23 16:38:36.315 [timeTimer] INFO  com.junction.util.TimerUtil - ******   执行定时任务       END     ******
2021-08-23 16:39:36.315 [timeTimer] INFO  com.junction.util.TimerUtil - ******   执行结束推流定时任务       BEGIN   ******
2021-08-23 16:39:36.315 [timeTimer] INFO  com.junction.util.TimerUtil - ******   执行定时任务       END     ******
2021-08-23 16:40:36.315 [timeTimer] INFO  com.junction.util.TimerUtil - ******   执行结束推流定时任务       BEGIN   ******
2021-08-23 16:40:36.315 [timeTimer] INFO  com.junction.util.TimerUtil - ******   执行定时任务       END     ******
2021-08-23 16:41:36.316 [timeTimer] INFO  com.junction.util.TimerUtil - ******   执行结束推流定时任务       BEGIN   ******
2021-08-23 16:41:36.317 [timeTimer] INFO  com.junction.util.TimerUtil - ******   执行定时任务       END     ******
2021-08-23 16:42:36.316 [timeTimer] INFO  com.junction.util.TimerUtil - ******   执行结束推流定时任务       BEGIN   ******
2021-08-23 16:42:36.316 [timeTimer] INFO  com.junction.util.TimerUtil - ******   执行定时任务       END     ******
2021-08-23 16:43:36.317 [timeTimer] INFO  com.junction.util.TimerUtil - ******   执行结束推流定时任务       BEGIN   ******
2021-08-23 16:43:36.317 [timeTimer] INFO  com.junction.util.TimerUtil - ******   执行定时任务       END     ******
2021-08-23 16:44:36.317 [timeTimer] INFO  com.junction.util.TimerUtil - ******   执行结束推流定时任务       BEGIN   ******
2021-08-23 16:44:36.317 [timeTimer] INFO  com.junction.util.TimerUtil - ******   执行定时任务       END     ******
2021-08-23 16:45:36.317 [timeTimer] INFO  com.junction.util.TimerUtil - ******   执行结束推流定时任务       BEGIN   ******
2021-08-23 16:45:36.317 [timeTimer] INFO  com.junction.util.TimerUtil - ******   执行定时任务       END     ******
2021-08-23 16:46:36.318 [timeTimer] INFO  com.junction.util.TimerUtil - ******   执行结束推流定时任务       BEGIN   ******
2021-08-23 16:46:36.318 [timeTimer] INFO  com.junction.util.TimerUtil - ******   执行定时任务       END     ******
2021-08-23 16:47:36.319 [timeTimer] INFO  com.junction.util.TimerUtil - ******   执行结束推流定时任务       BEGIN   ******
2021-08-23 16:47:37.095 [timeTimer] INFO  com.junction.util.TimerUtil - ******   执行定时任务       END     ******
2021-08-23 16:48:36.320 [timeTimer] INFO  com.junction.util.TimerUtil - ******   执行结束推流定时任务       BEGIN   ******
2021-08-23 16:48:36.320 [timeTimer] INFO  com.junction.util.TimerUtil - ******   执行定时任务       END     ******
2021-08-23 16:49:36.321 [timeTimer] INFO  com.junction.util.TimerUtil - ******   执行结束推流定时任务       BEGIN   ******
2021-08-23 16:49:36.321 [timeTimer] INFO  com.junction.util.TimerUtil - ******   执行定时任务       END     ******
2021-08-23 16:50:36.322 [timeTimer] INFO  com.junction.util.TimerUtil - ******   执行结束推流定时任务       BEGIN   ******
2021-08-23 16:50:36.322 [timeTimer] INFO  com.junction.util.TimerUtil - ******   执行定时任务       END     ******
2021-08-23 16:51:36.322 [timeTimer] INFO  com.junction.util.TimerUtil - ******   执行结束推流定时任务       BEGIN   ******
2021-08-23 16:51:36.322 [timeTimer] INFO  com.junction.util.TimerUtil - ******   执行定时任务       END     ******
2021-08-23 16:52:36.323 [timeTimer] INFO  com.junction.util.TimerUtil - ******   执行结束推流定时任务       BEGIN   ******
2021-08-23 16:52:36.323 [timeTimer] INFO  com.junction.util.TimerUtil - ******   执行定时任务       END     ******
2021-08-23 16:53:36.323 [timeTimer] INFO  com.junction.util.TimerUtil - ******   执行结束推流定时任务       BEGIN   ******
2021-08-23 16:53:36.323 [timeTimer] INFO  com.junction.util.TimerUtil - ******   执行定时任务       END     ******
2021-08-23 16:54:36.324 [timeTimer] INFO  com.junction.util.TimerUtil - ******   执行结束推流定时任务       BEGIN   ******
2021-08-23 16:54:36.324 [timeTimer] INFO  com.junction.util.TimerUtil - ******   执行定时任务       END     ******
2021-08-23 16:55:36.324 [timeTimer] INFO  com.junction.util.TimerUtil - ******   执行结束推流定时任务       BEGIN   ******
2021-08-23 16:55:36.324 [timeTimer] INFO  com.junction.util.TimerUtil - ******   执行定时任务       END     ******
2021-08-23 16:56:36.326 [timeTimer] INFO  com.junction.util.TimerUtil - ******   执行结束推流定时任务       BEGIN   ******
2021-08-23 16:56:36.326 [timeTimer] INFO  com.junction.util.TimerUtil - ******   执行定时任务       END     ******
2021-08-23 16:57:36.327 [timeTimer] INFO  com.junction.util.TimerUtil - ******   执行结束推流定时任务       BEGIN   ******
2021-08-23 16:57:36.327 [timeTimer] INFO  com.junction.util.TimerUtil - ******   执行定时任务       END     ******
2021-08-23 16:58:36.327 [timeTimer] INFO  com.junction.util.TimerUtil - ******   执行结束推流定时任务       BEGIN   ******
2021-08-23 16:58:36.328 [timeTimer] INFO  com.junction.util.TimerUtil - ******   执行定时任务       END     ******
2021-08-23 16:59:36.328 [timeTimer] INFO  com.junction.util.TimerUtil - ******   执行结束推流定时任务       BEGIN   ******
2021-08-23 16:59:36.330 [timeTimer] INFO  com.junction.util.TimerUtil - ******   执行定时任务       END     ******
2021-08-23 17:00:36.328 [timeTimer] INFO  com.junction.util.TimerUtil - ******   执行结束推流定时任务       BEGIN   ******
2021-08-23 17:00:36.328 [timeTimer] INFO  com.junction.util.TimerUtil - ******   执行定时任务       END     ******
2021-08-23 17:01:36.329 [timeTimer] INFO  com.junction.util.TimerUtil - ******   执行结束推流定时任务       BEGIN   ******
2021-08-23 17:01:36.329 [timeTimer] INFO  com.junction.util.TimerUtil - ******   执行定时任务       END     ******
2021-08-23 17:02:36.330 [timeTimer] INFO  com.junction.util.TimerUtil - ******   执行结束推流定时任务       BEGIN   ******
2021-08-23 17:02:36.331 [timeTimer] INFO  com.junction.util.TimerUtil - ******   执行定时任务       END     ******
2021-08-23 17:03:36.330 [timeTimer] INFO  com.junction.util.TimerUtil - ******   执行结束推流定时任务       BEGIN   ******
2021-08-23 17:03:36.330 [timeTimer] INFO  com.junction.util.TimerUtil - ******   执行定时任务       END     ******
2021-08-23 17:04:36.331 [timeTimer] INFO  com.junction.util.TimerUtil - ******   执行结束推流定时任务       BEGIN   ******
2021-08-23 17:04:36.331 [timeTimer] INFO  com.junction.util.TimerUtil - ******   执行定时任务       END     ******
2021-08-23 17:05:36.332 [timeTimer] INFO  com.junction.util.TimerUtil - ******   执行结束推流定时任务       BEGIN   ******
2021-08-23 17:05:36.332 [timeTimer] INFO  com.junction.util.TimerUtil - ******   执行定时任务       END     ******
2021-08-23 17:06:36.332 [timeTimer] INFO  com.junction.util.TimerUtil - ******   执行结束推流定时任务       BEGIN   ******
2021-08-23 17:06:36.334 [timeTimer] INFO  com.junction.util.TimerUtil - ******   执行定时任务       END     ******
2021-08-23 17:07:36.332 [timeTimer] INFO  com.junction.util.TimerUtil - ******   执行结束推流定时任务       BEGIN   ******
2021-08-23 17:07:36.333 [timeTimer] INFO  com.junction.util.TimerUtil - ******   执行定时任务       END     ******
2021-08-23 17:08:36.332 [timeTimer] INFO  com.junction.util.TimerUtil - ******   执行结束推流定时任务       BEGIN   ******
2021-08-23 17:08:36.332 [timeTimer] INFO  com.junction.util.TimerUtil - ******   执行定时任务       END     ******
2021-08-23 17:09:36.333 [timeTimer] INFO  com.junction.util.TimerUtil - ******   执行结束推流定时任务       BEGIN   ******
2021-08-23 17:09:36.333 [timeTimer] INFO  com.junction.util.TimerUtil - ******   执行定时任务       END     ******
2021-08-23 17:10:36.333 [timeTimer] INFO  com.junction.util.TimerUtil - ******   执行结束推流定时任务       BEGIN   ******
2021-08-23 17:10:36.334 [timeTimer] INFO  com.junction.util.TimerUtil - ******   执行定时任务       END     ******
2021-08-23 17:11:36.333 [timeTimer] INFO  com.junction.util.TimerUtil - ******   执行结束推流定时任务       BEGIN   ******
2021-08-23 17:11:36.333 [timeTimer] INFO  com.junction.util.TimerUtil - ******   执行定时任务       END     ******
2021-08-23 17:12:36.333 [timeTimer] INFO  com.junction.util.TimerUtil - ******   执行结束推流定时任务       BEGIN   ******
2021-08-23 17:12:36.333 [timeTimer] INFO  com.junction.util.TimerUtil - ******   执行定时任务       END     ******
2021-08-23 17:13:36.334 [timeTimer] INFO  com.junction.util.TimerUtil - ******   执行结束推流定时任务       BEGIN   ******
2021-08-23 17:13:36.334 [timeTimer] INFO  com.junction.util.TimerUtil - ******   执行定时任务       END     ******
2021-08-23 17:14:36.335 [timeTimer] INFO  com.junction.util.TimerUtil - ******   执行结束推流定时任务       BEGIN   ******
2021-08-23 17:14:36.335 [timeTimer] INFO  com.junction.util.TimerUtil - ******   执行定时任务       END     ******
2021-08-23 17:15:36.335 [timeTimer] INFO  com.junction.util.TimerUtil - ******   执行结束推流定时任务       BEGIN   ******
2021-08-23 17:15:36.335 [timeTimer] INFO  com.junction.util.TimerUtil - ******   执行定时任务       END     ******
2021-08-23 17:16:36.336 [timeTimer] INFO  com.junction.util.TimerUtil - ******   执行结束推流定时任务       BEGIN   ******
2021-08-23 17:16:36.337 [timeTimer] INFO  com.junction.util.TimerUtil - ******   执行定时任务       END     ******
2021-08-23 17:17:36.336 [timeTimer] INFO  com.junction.util.TimerUtil - ******   执行结束推流定时任务       BEGIN   ******
2021-08-23 17:17:36.336 [timeTimer] INFO  com.junction.util.TimerUtil - ******   执行定时任务       END     ******
2021-08-23 17:18:36.337 [timeTimer] INFO  com.junction.util.TimerUtil - ******   执行结束推流定时任务       BEGIN   ******
2021-08-23 17:18:36.337 [timeTimer] INFO  com.junction.util.TimerUtil - ******   执行定时任务       END     ******
2021-08-23 17:19:36.337 [timeTimer] INFO  com.junction.util.TimerUtil - ******   执行结束推流定时任务       BEGIN   ******
2021-08-23 17:19:36.337 [timeTimer] INFO  com.junction.util.TimerUtil - ******   执行定时任务       END     ******
2021-08-23 17:20:36.338 [timeTimer] INFO  com.junction.util.TimerUtil - ******   执行结束推流定时任务       BEGIN   ******
2021-08-23 17:20:36.338 [timeTimer] INFO  com.junction.util.TimerUtil - ******   执行定时任务       END     ******
2021-08-23 17:21:36.338 [timeTimer] INFO  com.junction.util.TimerUtil - ******   执行结束推流定时任务       BEGIN   ******
2021-08-23 17:21:36.338 [timeTimer] INFO  com.junction.util.TimerUtil - ******   执行定时任务       END     ******
2021-08-23 17:22:36.338 [timeTimer] INFO  com.junction.util.TimerUtil - ******   执行结束推流定时任务       BEGIN   ******
2021-08-23 17:22:36.338 [timeTimer] INFO  com.junction.util.TimerUtil - ******   执行定时任务       END     ******
2021-08-23 17:23:36.339 [timeTimer] INFO  com.junction.util.TimerUtil - ******   执行结束推流定时任务       BEGIN   ******
2021-08-23 17:23:36.341 [timeTimer] INFO  com.junction.util.TimerUtil - ******   执行定时任务       END     ******
2021-08-23 17:24:36.339 [timeTimer] INFO  com.junction.util.TimerUtil - ******   执行结束推流定时任务       BEGIN   ******
2021-08-23 17:24:36.339 [timeTimer] INFO  com.junction.util.TimerUtil - ******   执行定时任务       END     ******
2021-08-23 17:25:36.340 [timeTimer] INFO  com.junction.util.TimerUtil - ******   执行结束推流定时任务       BEGIN   ******
2021-08-23 17:25:36.340 [timeTimer] INFO  com.junction.util.TimerUtil - ******   执行定时任务       END     ******
2021-08-23 17:26:36.340 [timeTimer] INFO  com.junction.util.TimerUtil - ******   执行结束推流定时任务       BEGIN   ******
2021-08-23 17:26:36.340 [timeTimer] INFO  com.junction.util.TimerUtil - ******   执行定时任务       END     ******
2021-08-23 17:27:36.341 [timeTimer] INFO  com.junction.util.TimerUtil - ******   执行结束推流定时任务       BEGIN   ******
2021-08-23 17:27:36.341 [timeTimer] INFO  com.junction.util.TimerUtil - ******   执行定时任务       END     ******
2021-08-23 17:28:36.341 [timeTimer] INFO  com.junction.util.TimerUtil - ******   执行结束推流定时任务       BEGIN   ******
2021-08-23 17:28:36.341 [timeTimer] INFO  com.junction.util.TimerUtil - ******   执行定时任务       END     ******
2021-08-23 17:29:36.341 [timeTimer] INFO  com.junction.util.TimerUtil - ******   执行结束推流定时任务       BEGIN   ******
2021-08-23 17:29:36.341 [timeTimer] INFO  com.junction.util.TimerUtil - ******   执行定时任务       END     ******
2021-08-23 17:30:36.342 [timeTimer] INFO  com.junction.util.TimerUtil - ******   执行结束推流定时任务       BEGIN   ******
2021-08-23 17:30:36.343 [timeTimer] INFO  com.junction.util.TimerUtil - ******   执行定时任务       END     ******
2021-08-23 17:31:36.343 [timeTimer] INFO  com.junction.util.TimerUtil - ******   执行结束推流定时任务       BEGIN   ******
2021-08-23 17:31:36.343 [timeTimer] INFO  com.junction.util.TimerUtil - ******   执行定时任务       END     ******
2021-08-23 17:32:36.343 [timeTimer] INFO  com.junction.util.TimerUtil - ******   执行结束推流定时任务       BEGIN   ******
2021-08-23 17:32:36.344 [timeTimer] INFO  com.junction.util.TimerUtil - ******   执行定时任务       END     ******
2021-08-23 17:33:36.343 [timeTimer] INFO  com.junction.util.TimerUtil - ******   执行结束推流定时任务       BEGIN   ******
2021-08-23 17:33:36.344 [timeTimer] INFO  com.junction.util.TimerUtil - ******   执行定时任务       END     ******
2021-08-23 17:34:36.344 [timeTimer] INFO  com.junction.util.TimerUtil - ******   执行结束推流定时任务       BEGIN   ******
2021-08-23 17:34:36.344 [timeTimer] INFO  com.junction.util.TimerUtil - ******   执行定时任务       END     ******
2021-08-23 17:35:36.344 [timeTimer] INFO  com.junction.util.TimerUtil - ******   执行结束推流定时任务       BEGIN   ******
2021-08-23 17:35:36.344 [timeTimer] INFO  com.junction.util.TimerUtil - ******   执行定时任务       END     ******
2021-08-23 17:36:36.345 [timeTimer] INFO  com.junction.util.TimerUtil - ******   执行结束推流定时任务       BEGIN   ******
2021-08-23 17:36:36.346 [timeTimer] INFO  com.junction.util.TimerUtil - ******   执行定时任务       END     ******
2021-08-23 17:37:36.346 [timeTimer] INFO  com.junction.util.TimerUtil - ******   执行结束推流定时任务       BEGIN   ******
2021-08-23 17:37:36.346 [timeTimer] INFO  com.junction.util.TimerUtil - ******   执行定时任务       END     ******
2021-08-23 17:38:36.347 [timeTimer] INFO  com.junction.util.TimerUtil - ******   执行结束推流定时任务       BEGIN   ******
2021-08-23 17:38:36.347 [timeTimer] INFO  com.junction.util.TimerUtil - ******   执行定时任务       END     ******
2021-08-23 17:39:36.347 [timeTimer] INFO  com.junction.util.TimerUtil - ******   执行结束推流定时任务       BEGIN   ******
2021-08-23 17:39:36.347 [timeTimer] INFO  com.junction.util.TimerUtil - ******   执行定时任务       END     ******
2021-08-23 17:40:36.348 [timeTimer] INFO  com.junction.util.TimerUtil - ******   执行结束推流定时任务       BEGIN   ******
2021-08-23 17:40:36.348 [timeTimer] INFO  com.junction.util.TimerUtil - ******   执行定时任务       END     ******
2021-08-23 17:41:36.349 [timeTimer] INFO  com.junction.util.TimerUtil - ******   执行结束推流定时任务       BEGIN   ******
2021-08-23 17:41:36.353 [timeTimer] INFO  com.junction.util.TimerUtil - ******   执行定时任务       END     ******
2021-08-23 17:42:36.348 [timeTimer] INFO  com.junction.util.TimerUtil - ******   执行结束推流定时任务       BEGIN   ******
2021-08-23 17:42:36.350 [timeTimer] INFO  com.junction.util.TimerUtil - ******   执行定时任务       END     ******
2021-08-23 17:43:36.349 [timeTimer] INFO  com.junction.util.TimerUtil - ******   执行结束推流定时任务       BEGIN   ******
2021-08-23 17:43:36.349 [timeTimer] INFO  com.junction.util.TimerUtil - ******   执行定时任务       END     ******
2021-08-23 17:44:36.350 [timeTimer] INFO  com.junction.util.TimerUtil - ******   执行结束推流定时任务       BEGIN   ******
2021-08-23 17:44:36.350 [timeTimer] INFO  com.junction.util.TimerUtil - ******   执行定时任务       END     ******
2021-08-23 17:45:36.351 [timeTimer] INFO  com.junction.util.TimerUtil - ******   执行结束推流定时任务       BEGIN   ******
2021-08-23 17:45:36.351 [timeTimer] INFO  com.junction.util.TimerUtil - ******   执行定时任务       END     ******
2021-08-23 17:46:36.351 [timeTimer] INFO  com.junction.util.TimerUtil - ******   执行结束推流定时任务       BEGIN   ******
2021-08-23 17:46:36.351 [timeTimer] INFO  com.junction.util.TimerUtil - ******   执行定时任务       END     ******
2021-08-23 17:47:36.351 [timeTimer] INFO  com.junction.util.TimerUtil - ******   执行结束推流定时任务       BEGIN   ******
2021-08-23 17:47:36.351 [timeTimer] INFO  com.junction.util.TimerUtil - ******   执行定时任务       END     ******
2021-08-23 17:48:36.352 [timeTimer] INFO  com.junction.util.TimerUtil - ******   执行结束推流定时任务       BEGIN   ******
2021-08-23 17:48:36.352 [timeTimer] INFO  com.junction.util.TimerUtil - ******   执行定时任务       END     ******
2021-08-23 17:49:36.353 [timeTimer] INFO  com.junction.util.TimerUtil - ******   执行结束推流定时任务       BEGIN   ******
2021-08-23 17:49:36.354 [timeTimer] INFO  com.junction.util.TimerUtil - ******   执行定时任务       END     ******
2021-08-23 17:50:36.353 [timeTimer] INFO  com.junction.util.TimerUtil - ******   执行结束推流定时任务       BEGIN   ******
2021-08-23 17:50:36.354 [timeTimer] INFO  com.junction.util.TimerUtil - ******   执行定时任务       END     ******
2021-08-23 17:51:36.353 [timeTimer] INFO  com.junction.util.TimerUtil - ******   执行结束推流定时任务       BEGIN   ******
2021-08-23 17:51:36.354 [timeTimer] INFO  com.junction.util.TimerUtil - ******   执行定时任务       END     ******
2021-08-23 17:52:36.354 [timeTimer] INFO  com.junction.util.TimerUtil - ******   执行结束推流定时任务       BEGIN   ******
2021-08-23 17:52:36.355 [timeTimer] INFO  com.junction.util.TimerUtil - ******   执行定时任务       END     ******
2021-08-23 17:53:36.354 [timeTimer] INFO  com.junction.util.TimerUtil - ******   执行结束推流定时任务       BEGIN   ******
2021-08-23 17:53:36.354 [timeTimer] INFO  com.junction.util.TimerUtil - ******   执行定时任务       END     ******
2021-08-23 17:54:36.354 [timeTimer] INFO  com.junction.util.TimerUtil - ******   执行结束推流定时任务       BEGIN   ******
2021-08-23 17:54:36.354 [timeTimer] INFO  com.junction.util.TimerUtil - ******   执行定时任务       END     ******
2021-08-23 17:55:36.355 [timeTimer] INFO  com.junction.util.TimerUtil - ******   执行结束推流定时任务       BEGIN   ******
2021-08-23 17:55:36.355 [timeTimer] INFO  com.junction.util.TimerUtil - ******   执行定时任务       END     ******
2021-08-23 17:56:36.355 [timeTimer] INFO  com.junction.util.TimerUtil - ******   执行结束推流定时任务       BEGIN   ******
2021-08-23 17:56:36.355 [timeTimer] INFO  com.junction.util.TimerUtil - ******   执行定时任务       END     ******
2021-08-23 17:57:36.356 [timeTimer] INFO  com.junction.util.TimerUtil - ******   执行结束推流定时任务       BEGIN   ******
2021-08-23 17:57:36.356 [timeTimer] INFO  com.junction.util.TimerUtil - ******   执行定时任务       END     ******
2021-08-23 17:58:36.357 [timeTimer] INFO  com.junction.util.TimerUtil - ******   执行结束推流定时任务       BEGIN   ******
2021-08-23 17:58:36.357 [timeTimer] INFO  com.junction.util.TimerUtil - ******   执行定时任务       END     ******
2021-08-23 17:59:36.358 [timeTimer] INFO  com.junction.util.TimerUtil - ******   执行结束推流定时任务       BEGIN   ******
2021-08-23 17:59:36.358 [timeTimer] INFO  com.junction.util.TimerUtil - ******   执行定时任务       END     ******
2021-08-23 18:00:36.358 [timeTimer] INFO  com.junction.util.TimerUtil - ******   执行结束推流定时任务       BEGIN   ******
2021-08-23 18:00:36.360 [timeTimer] INFO  com.junction.util.TimerUtil - ******   执行定时任务       END     ******
