2022-08-01 14:56:35.775 [main] DEBUG com.junction.CameraServerApplication - Running with Spring Boot v2.2.2.RELEASE, Spring v5.2.2.RELEASE
2022-08-01 14:58:01.297 [pool-1-thread-1] DEBUG com.junction.util.CameraPush - ******   TCPCheck    BEGIN   ******
2022-08-01 14:58:01.321 [pool-1-thread-1] DEBUG com.junction.util.CameraPush - ******   TCPCheck    END     ******
2022-08-01 14:58:01.321 [pool-1-thread-1] DEBUG com.junction.util.CameraPush - ******   grabber.start()    BEGIN   ******
2022-08-01 15:05:42.786 [main] DEBUG com.junction.CameraServerApplication - Running with Spring Boot v2.2.2.RELEASE, Spring v5.2.2.RELEASE
2022-08-01 15:05:57.119 [pool-1-thread-1] DEBUG com.junction.util.CameraPush - ******   TCPCheck    BEGIN   ******
2022-08-01 15:05:57.128 [pool-1-thread-1] DEBUG com.junction.util.CameraPush - ******   TCPCheck    END     ******
2022-08-01 15:05:57.128 [pool-1-thread-1] DEBUG com.junction.util.CameraPush - ******   grabber.start()    BEGIN   ******
2022-08-01 15:07:14.055 [main] DEBUG com.junction.CameraServerApplication - Running with Spring Boot v2.2.2.RELEASE, Spring v5.2.2.RELEASE
2022-08-01 15:07:22.643 [pool-1-thread-1] DEBUG com.junction.util.CameraPush - ******   TCPCheck    BEGIN   ******
2022-08-01 15:07:22.652 [pool-1-thread-1] DEBUG com.junction.util.CameraPush - ******   TCPCheck    END     ******
2022-08-01 15:07:22.652 [pool-1-thread-1] DEBUG com.junction.util.CameraPush - ******   grabber.start()    BEGIN   ******
2022-08-01 15:07:23.248 [pool-1-thread-1] DEBUG com.junction.util.CameraPush - ******   grabber.start()    END     ******
2022-08-01 15:08:57.966 [main] DEBUG com.junction.CameraServerApplication - Running with Spring Boot v2.2.2.RELEASE, Spring v5.2.2.RELEASE
2022-08-01 15:40:42.500 [main] DEBUG com.junction.CameraServerApplication - Running with Spring Boot v2.2.2.RELEASE, Spring v5.2.2.RELEASE
2022-08-01 15:49:00.897 [main] DEBUG com.junction.CameraServerApplication - Running with Spring Boot v2.2.2.RELEASE, Spring v5.2.2.RELEASE
2022-08-01 15:52:27.592 [pool-1-thread-1] DEBUG com.junction.util.CameraPush - ******   TCPCheck    BEGIN   ******
2022-08-01 15:52:27.688 [pool-1-thread-1] DEBUG com.junction.util.CameraPush - ******   TCPCheck    END     ******
2022-08-01 15:52:27.689 [pool-1-thread-1] DEBUG com.junction.util.CameraPush - ******   grabber.start()    BEGIN   ******
2022-08-01 15:52:28.394 [pool-1-thread-1] DEBUG com.junction.util.CameraPush - ******   grabber.start()    END     ******
