2021-07-02 08:57:04.737 [main] DEBUG com.junction.CameraServerApplication - Running with Spring Boot v2.2.2.RELEASE, Spring v5.2.2.RELEASE
2021-07-02 08:59:22.353 [pool-1-thread-1] DEBUG com.junction.util.CameraPush - ******   TCPCheck    BEGIN   ******
2021-07-02 08:59:22.361 [pool-1-thread-1] DEBUG com.junction.util.CameraPush - ******   TCPCheck    END     ******
2021-07-02 08:59:22.361 [pool-1-thread-1] DEBUG com.junction.util.CameraPush - ******   grabber.start()    BEGIN   ******
2021-07-02 08:59:25.556 [pool-1-thread-1] DEBUG com.junction.util.CameraPush - ******   grabber.start()    END     ******
2021-07-02 09:28:36.166 [pool-1-thread-2] DEBUG com.junction.util.CameraPush - ******   TCPCheck    BEGIN   ******
2021-07-02 09:28:36.345 [pool-1-thread-2] DEBUG com.junction.util.CameraPush - ******   TCPCheck    END     ******
2021-07-02 09:28:36.345 [pool-1-thread-2] DEBUG com.junction.util.CameraPush - ******   grabber.start()    BEGIN   ******
2021-07-02 09:28:37.151 [pool-1-thread-2] DEBUG com.junction.util.CameraPush - ******   grabber.start()    END     ******
2021-07-02 09:49:47.816 [main] DEBUG com.junction.CameraServerApplication - Running with Spring Boot v2.2.2.RELEASE, Spring v5.2.2.RELEASE
2021-07-02 09:52:08.657 [pool-1-thread-1] DEBUG com.junction.util.CameraPush - ******   TCPCheck    BEGIN   ******
2021-07-02 09:52:08.717 [pool-1-thread-1] DEBUG com.junction.util.CameraPush - ******   TCPCheck    END     ******
2021-07-02 09:52:08.718 [pool-1-thread-1] DEBUG com.junction.util.CameraPush - ******   grabber.start()    BEGIN   ******
2021-07-02 09:52:09.708 [pool-1-thread-1] DEBUG com.junction.util.CameraPush - ******   grabber.start()    END     ******
2021-07-02 16:31:12.171 [main] DEBUG com.junction.CameraServerApplication - Running with Spring Boot v2.2.2.RELEASE, Spring v5.2.2.RELEASE
2021-07-02 16:32:13.406 [pool-1-thread-1] DEBUG com.junction.util.CameraPush - ******   TCPCheck    BEGIN   ******
2021-07-02 16:32:13.411 [pool-1-thread-1] DEBUG com.junction.util.CameraPush - ******   TCPCheck    END     ******
2021-07-02 16:32:13.411 [pool-1-thread-1] DEBUG com.junction.util.CameraPush - ******   grabber.start()    BEGIN   ******
2021-07-02 16:32:14.086 [pool-1-thread-1] DEBUG com.junction.util.CameraPush - ******   grabber.start()    END     ******
2021-07-02 16:36:18.440 [pool-1-thread-2] DEBUG com.junction.util.CameraPush - ******   TCPCheck    BEGIN   ******
2021-07-02 16:36:18.480 [pool-1-thread-2] DEBUG com.junction.util.CameraPush - ******   TCPCheck    END     ******
2021-07-02 16:36:18.480 [pool-1-thread-2] DEBUG com.junction.util.CameraPush - ******   grabber.start()    BEGIN   ******
2021-07-02 16:36:19.120 [pool-1-thread-2] DEBUG com.junction.util.CameraPush - ******   grabber.start()    END     ******
2021-07-02 16:41:04.403 [pool-1-thread-3] DEBUG com.junction.util.CameraPush - ******   TCPCheck    BEGIN   ******
2021-07-02 16:41:04.412 [pool-1-thread-3] DEBUG com.junction.util.CameraPush - ******   TCPCheck    END     ******
2021-07-02 16:41:04.412 [pool-1-thread-3] DEBUG com.junction.util.CameraPush - ******   grabber.start()    BEGIN   ******
2021-07-02 16:41:05.051 [pool-1-thread-3] DEBUG com.junction.util.CameraPush - ******   grabber.start()    END     ******
