2021-06-28 16:40:19.619 [pool-1-thread-1] ERROR com.junction.util.CameraPush - rtsp://admin:L2A5C4B5@192.168.31.168:554/cam/realmonitor?channel=1&subtype=0  推流异常！
2021-06-28 16:40:19.624 [pool-1-thread-1] ERROR com.junction.util.CameraPush - ffmpeg错误信息：
org.bytedeco.javacv.FrameRecorder$Exception: avformat_write_header error() error -40: Could not write header to 'null'
	at org.bytedeco.javacv.FFmpegFrameRecorder.startUnsafe(FFmpegFrameRecorder.java:872)
	at org.bytedeco.javacv.FFmpegFrameRecorder.start(FFmpegFrameRecorder.java:384)
	at org.bytedeco.javacv.FFmpegFrameRecorder.start(FFmpegFrameRecorder.java:379)
	at com.junction.util.CameraPush.to(CameraPush.java:184)
	at com.junction.thread.CameraThread$MyRunnable.run(CameraThread.java:51)
	at java.util.concurrent.ThreadPoolExecutor.runWorker(ThreadPoolExecutor.java:1149)
	at java.util.concurrent.ThreadPoolExecutor$Worker.run(ThreadPoolExecutor.java:624)
	at java.lang.Thread.run(Thread.java:748)
2021-06-28 16:40:19.659 [pool-1-thread-1] ERROR com.junction.thread.CameraThread - 当前任务： rtsp://admin:L2A5C4B5@192.168.31.168:554/cam/realmonitor?channel=1&subtype=0停止...
2021-06-28 16:41:58.312 [pool-1-thread-1] ERROR com.junction.util.CameraPush - ffmpeg错误信息：
org.bytedeco.javacv.FrameGrabber$Exception: avformat_open_input() error -875574520: Could not open input "rtsp://admin:L2A5C4B5@192.168.31.168:554/h264/ch1/null/av_stream". (Has setFormat() been called?)
	at org.bytedeco.javacv.FFmpegFrameGrabber.startUnsafe(FFmpegFrameGrabber.java:979)
	at org.bytedeco.javacv.FFmpegFrameGrabber.start(FFmpegFrameGrabber.java:910)
	at com.junction.util.CameraPush.from(CameraPush.java:121)
	at com.junction.thread.CameraThread$MyRunnable.run(CameraThread.java:49)
	at java.util.concurrent.ThreadPoolExecutor.runWorker(ThreadPoolExecutor.java:1149)
	at java.util.concurrent.ThreadPoolExecutor$Worker.run(ThreadPoolExecutor.java:624)
	at java.lang.Thread.run(Thread.java:748)
2021-06-28 16:44:57.154 [pool-1-thread-1] ERROR com.junction.util.CameraPush - rtsp://admin:L2A5C4B5@192.168.31.168:554/cam/realmonitor?channel=1&subtype=0  推流异常！
2021-06-28 16:44:57.156 [pool-1-thread-1] ERROR com.junction.util.CameraPush - ffmpeg错误信息：
org.bytedeco.javacv.FrameRecorder$Exception: avformat_write_header error() error -40: Could not write header to 'null'
	at org.bytedeco.javacv.FFmpegFrameRecorder.startUnsafe(FFmpegFrameRecorder.java:872)
	at org.bytedeco.javacv.FFmpegFrameRecorder.start(FFmpegFrameRecorder.java:384)
	at org.bytedeco.javacv.FFmpegFrameRecorder.start(FFmpegFrameRecorder.java:379)
	at com.junction.util.CameraPush.to(CameraPush.java:184)
	at com.junction.thread.CameraThread$MyRunnable.run(CameraThread.java:51)
	at java.util.concurrent.ThreadPoolExecutor.runWorker(ThreadPoolExecutor.java:1149)
	at java.util.concurrent.ThreadPoolExecutor$Worker.run(ThreadPoolExecutor.java:624)
	at java.lang.Thread.run(Thread.java:748)
2021-06-28 16:44:57.159 [pool-1-thread-1] ERROR com.junction.thread.CameraThread - 当前任务： rtsp://admin:L2A5C4B5@192.168.31.168:554/cam/realmonitor?channel=1&subtype=0停止...
2021-06-28 17:04:43.382 [pool-1-thread-1] ERROR com.junction.util.CameraPush - rtsp://admin:L2A5C4B5@192.168.31.168:554/cam/realmonitor?channel=1&subtype=0  推流异常！
2021-06-28 17:04:43.382 [pool-1-thread-1] ERROR com.junction.util.CameraPush - ffmpeg错误信息：
org.bytedeco.javacv.FrameRecorder$Exception: avformat_write_header error() error -40: Could not write header to 'null'
	at org.bytedeco.javacv.FFmpegFrameRecorder.startUnsafe(FFmpegFrameRecorder.java:872)
	at org.bytedeco.javacv.FFmpegFrameRecorder.start(FFmpegFrameRecorder.java:384)
	at org.bytedeco.javacv.FFmpegFrameRecorder.start(FFmpegFrameRecorder.java:379)
	at com.junction.util.CameraPush.to(CameraPush.java:186)
	at com.junction.thread.CameraThread$MyRunnable.run(CameraThread.java:51)
	at java.util.concurrent.ThreadPoolExecutor.runWorker(ThreadPoolExecutor.java:1149)
	at java.util.concurrent.ThreadPoolExecutor$Worker.run(ThreadPoolExecutor.java:624)
	at java.lang.Thread.run(Thread.java:748)
2021-06-28 17:04:43.387 [pool-1-thread-1] ERROR com.junction.thread.CameraThread - 当前任务： rtsp://admin:L2A5C4B5@192.168.31.168:554/cam/realmonitor?channel=1&subtype=0停止...
2021-06-28 17:06:26.924 [pool-1-thread-1] ERROR com.junction.util.CameraPush - rtsp://admin:L2A5C4B5@192.168.31.168:554/cam/realmonitor?channel=1&subtype=0  推流异常！
2021-06-28 17:06:26.929 [pool-1-thread-1] ERROR com.junction.util.CameraPush - ffmpeg错误信息：
org.bytedeco.javacv.FrameRecorder$Exception: avformat_write_header error() error -40: Could not write header to 'null'
	at org.bytedeco.javacv.FFmpegFrameRecorder.startUnsafe(FFmpegFrameRecorder.java:872)
	at org.bytedeco.javacv.FFmpegFrameRecorder.start(FFmpegFrameRecorder.java:384)
	at org.bytedeco.javacv.FFmpegFrameRecorder.start(FFmpegFrameRecorder.java:379)
	at com.junction.util.CameraPush.to(CameraPush.java:189)
	at com.junction.thread.CameraThread$MyRunnable.run(CameraThread.java:51)
	at java.util.concurrent.ThreadPoolExecutor.runWorker(ThreadPoolExecutor.java:1149)
	at java.util.concurrent.ThreadPoolExecutor$Worker.run(ThreadPoolExecutor.java:624)
	at java.lang.Thread.run(Thread.java:748)
2021-06-28 17:06:26.929 [pool-1-thread-1] ERROR com.junction.thread.CameraThread - 当前任务： rtsp://admin:L2A5C4B5@192.168.31.168:554/cam/realmonitor?channel=1&subtype=0停止...
2021-06-28 17:40:29.329 [pool-1-thread-1] ERROR com.junction.util.CameraPush - rtsp://admin:L242E836@192.168.31.173:554/cam/realmonitor?channel=1&subtype=0  推流异常！
2021-06-28 17:40:29.329 [pool-1-thread-1] ERROR com.junction.util.CameraPush - ffmpeg错误信息：
org.bytedeco.javacv.FrameRecorder$Exception: avformat_write_header error() error -40: Could not write header to 'null'
	at org.bytedeco.javacv.FFmpegFrameRecorder.startUnsafe(FFmpegFrameRecorder.java:872)
	at org.bytedeco.javacv.FFmpegFrameRecorder.start(FFmpegFrameRecorder.java:384)
	at org.bytedeco.javacv.FFmpegFrameRecorder.start(FFmpegFrameRecorder.java:379)
	at com.junction.util.CameraPush.to(CameraPush.java:187)
	at com.junction.thread.CameraThread$MyRunnable.run(CameraThread.java:51)
	at java.util.concurrent.ThreadPoolExecutor.runWorker(ThreadPoolExecutor.java:1149)
	at java.util.concurrent.ThreadPoolExecutor$Worker.run(ThreadPoolExecutor.java:624)
	at java.lang.Thread.run(Thread.java:748)
2021-06-28 17:40:29.334 [pool-1-thread-1] ERROR com.junction.thread.CameraThread - 当前任务： rtsp://admin:L242E836@192.168.31.173:554/cam/realmonitor?channel=1&subtype=0停止...
2021-06-28 17:43:14.911 [pool-1-thread-1] ERROR com.junction.util.CameraPush - rtsp://admin:L242E836@192.168.31.173:554/cam/realmonitor?channel=1&subtype=0  推流异常！
2021-06-28 17:43:14.911 [pool-1-thread-1] ERROR com.junction.util.CameraPush - ffmpeg错误信息：
org.bytedeco.javacv.FrameRecorder$Exception: avformat_write_header error() error -40: Could not write header to 'null'
	at org.bytedeco.javacv.FFmpegFrameRecorder.startUnsafe(FFmpegFrameRecorder.java:872)
	at org.bytedeco.javacv.FFmpegFrameRecorder.start(FFmpegFrameRecorder.java:384)
	at org.bytedeco.javacv.FFmpegFrameRecorder.start(FFmpegFrameRecorder.java:379)
	at com.junction.util.CameraPush.to(CameraPush.java:187)
	at com.junction.thread.CameraThread$MyRunnable.run(CameraThread.java:51)
	at java.util.concurrent.ThreadPoolExecutor.runWorker(ThreadPoolExecutor.java:1149)
	at java.util.concurrent.ThreadPoolExecutor$Worker.run(ThreadPoolExecutor.java:624)
	at java.lang.Thread.run(Thread.java:748)
2021-06-28 17:43:14.916 [pool-1-thread-1] ERROR com.junction.thread.CameraThread - 当前任务： rtsp://admin:L242E836@192.168.31.173:554/cam/realmonitor?channel=1&subtype=0停止...
