2022-01-18 13:09:39.095 [main] INFO  com.junction.CameraServerApplication - Starting CameraServerApplication on USER-DVNGFBG9Q7 with PID 11432 (F:\Users\Administrator\Desktop\RTSPtoRTMP\target\classes started by Administrator in F:\Users\Administrator\Desktop\RTSPtoRTMP)
2022-01-18 13:09:39.095 [main] INFO  com.junction.CameraServerApplication - No active profile set, falling back to default profiles: default
2022-01-18 13:09:39.698 [main] INFO  o.s.boot.web.embedded.tomcat.TomcatWebServer - Tomcat initialized with port(s): 8082 (http)
2022-01-18 13:09:39.714 [main] INFO  org.apache.coyote.http11.Http11NioProtocol - Initializing ProtocolHandler ["http-nio-8082"]
2022-01-18 13:09:39.714 [main] INFO  org.apache.catalina.core.StandardService - Starting service [Tomcat]
2022-01-18 13:09:39.714 [main] INFO  org.apache.catalina.core.StandardEngine - Starting Servlet engine: [Apache Tomcat/9.0.29]
2022-01-18 13:09:39.795 [main] INFO  o.a.c.c.C.[Tomcat].[localhost].[/camera] - Initializing Spring embedded WebApplicationContext
2022-01-18 13:09:39.795 [main] INFO  org.springframework.web.context.ContextLoader - Root WebApplicationContext: initialization completed in 637 ms
2022-01-18 13:09:39.905 [main] INFO  o.s.scheduling.concurrent.ThreadPoolTaskExecutor - Initializing ExecutorService 'applicationTaskExecutor'
2022-01-18 13:09:39.998 [main] INFO  org.apache.coyote.http11.Http11NioProtocol - Starting ProtocolHandler ["http-nio-8082"]
2022-01-18 13:09:39.998 [main] INFO  o.s.boot.web.embedded.tomcat.TomcatWebServer - Tomcat started on port(s): 8082 (http) with context path '/camera'
2022-01-18 13:09:40.014 [main] INFO  com.junction.CameraServerApplication - Started CameraServerApplication in 1.267 seconds (JVM running for 2.041)
2022-01-18 13:09:40.030 [timeTimer] INFO  com.junction.util.TimerUtil - ******   执行结束推流定时任务       BEGIN   ******
2022-01-18 13:09:40.030 [timeTimer] INFO  com.junction.util.TimerUtil - ******   执行定时任务       END     ******
2022-01-18 13:10:40.041 [timeTimer] INFO  com.junction.util.TimerUtil - ******   执行结束推流定时任务       BEGIN   ******
2022-01-18 13:10:40.041 [timeTimer] INFO  com.junction.util.TimerUtil - ******   执行定时任务       END     ******
2022-01-18 13:11:40.045 [timeTimer] INFO  com.junction.util.TimerUtil - ******   执行结束推流定时任务       BEGIN   ******
2022-01-18 13:11:40.045 [timeTimer] INFO  com.junction.util.TimerUtil - ******   执行定时任务       END     ******
2022-01-18 13:12:40.058 [timeTimer] INFO  com.junction.util.TimerUtil - ******   执行结束推流定时任务       BEGIN   ******
2022-01-18 13:12:40.059 [timeTimer] INFO  com.junction.util.TimerUtil - ******   执行定时任务       END     ******
2022-01-18 13:13:40.067 [timeTimer] INFO  com.junction.util.TimerUtil - ******   执行结束推流定时任务       BEGIN   ******
2022-01-18 13:13:40.067 [timeTimer] INFO  com.junction.util.TimerUtil - ******   执行定时任务       END     ******
2022-01-18 13:14:40.081 [timeTimer] INFO  com.junction.util.TimerUtil - ******   执行结束推流定时任务       BEGIN   ******
2022-01-18 13:14:40.081 [timeTimer] INFO  com.junction.util.TimerUtil - ******   执行定时任务       END     ******
2022-01-18 13:15:40.081 [timeTimer] INFO  com.junction.util.TimerUtil - ******   执行结束推流定时任务       BEGIN   ******
2022-01-18 13:15:40.081 [timeTimer] INFO  com.junction.util.TimerUtil - ******   执行定时任务       END     ******
2022-01-18 13:16:40.083 [timeTimer] INFO  com.junction.util.TimerUtil - ******   执行结束推流定时任务       BEGIN   ******
2022-01-18 13:16:40.083 [timeTimer] INFO  com.junction.util.TimerUtil - ******   执行定时任务       END     ******
2022-01-18 13:17:36.242 [SpringContextShutdownHook] INFO  o.s.scheduling.concurrent.ThreadPoolTaskExecutor - Shutting down ExecutorService 'applicationTaskExecutor'
2022-01-18 13:17:36.242 [SpringContextShutdownHook] INFO  com.junction.CameraServerApplication - 服务结束，开始释放空间...
2022-01-18 13:17:39.505 [main] INFO  com.junction.CameraServerApplication - Starting CameraServerApplication on USER-DVNGFBG9Q7 with PID 13072 (F:\Users\Administrator\Desktop\RTSPtoRTMP\target\classes started by Administrator in F:\Users\Administrator\Desktop\RTSPtoRTMP)
2022-01-18 13:17:39.505 [main] INFO  com.junction.CameraServerApplication - No active profile set, falling back to default profiles: default
2022-01-18 13:17:40.014 [main] INFO  o.s.boot.web.embedded.tomcat.TomcatWebServer - Tomcat initialized with port(s): 8082 (http)
2022-01-18 13:17:40.014 [main] INFO  org.apache.coyote.http11.Http11NioProtocol - Initializing ProtocolHandler ["http-nio-8082"]
2022-01-18 13:17:40.014 [main] INFO  org.apache.catalina.core.StandardService - Starting service [Tomcat]
2022-01-18 13:17:40.014 [main] INFO  org.apache.catalina.core.StandardEngine - Starting Servlet engine: [Apache Tomcat/9.0.29]
2022-01-18 13:17:40.111 [main] INFO  o.a.c.c.C.[Tomcat].[localhost].[/camera] - Initializing Spring embedded WebApplicationContext
2022-01-18 13:17:40.111 [main] INFO  org.springframework.web.context.ContextLoader - Root WebApplicationContext: initialization completed in 575 ms
2022-01-18 13:17:40.220 [main] INFO  o.s.scheduling.concurrent.ThreadPoolTaskExecutor - Initializing ExecutorService 'applicationTaskExecutor'
2022-01-18 13:17:40.299 [main] INFO  org.apache.coyote.http11.Http11NioProtocol - Starting ProtocolHandler ["http-nio-8082"]
2022-01-18 13:17:40.314 [main] INFO  o.s.boot.web.embedded.tomcat.TomcatWebServer - Tomcat started on port(s): 8082 (http) with context path '/camera'
2022-01-18 13:17:40.314 [main] INFO  com.junction.CameraServerApplication - Started CameraServerApplication in 1.162 seconds (JVM running for 1.881)
2022-01-18 13:17:40.330 [timeTimer] INFO  com.junction.util.TimerUtil - ******   执行结束推流定时任务       BEGIN   ******
2022-01-18 13:17:40.330 [timeTimer] INFO  com.junction.util.TimerUtil - ******   执行定时任务       END     ******
2022-01-18 13:18:40.330 [timeTimer] INFO  com.junction.util.TimerUtil - ******   执行结束推流定时任务       BEGIN   ******
2022-01-18 13:18:40.330 [timeTimer] INFO  com.junction.util.TimerUtil - ******   执行定时任务       END     ******
2022-01-18 13:19:40.331 [timeTimer] INFO  com.junction.util.TimerUtil - ******   执行结束推流定时任务       BEGIN   ******
2022-01-18 13:19:40.331 [timeTimer] INFO  com.junction.util.TimerUtil - ******   执行定时任务       END     ******
2022-01-18 13:20:40.331 [timeTimer] INFO  com.junction.util.TimerUtil - ******   执行结束推流定时任务       BEGIN   ******
2022-01-18 13:20:40.332 [timeTimer] INFO  com.junction.util.TimerUtil - ******   执行定时任务       END     ******
2022-01-18 13:21:40.342 [timeTimer] INFO  com.junction.util.TimerUtil - ******   执行结束推流定时任务       BEGIN   ******
2022-01-18 13:21:40.342 [timeTimer] INFO  com.junction.util.TimerUtil - ******   执行定时任务       END     ******
2022-01-18 13:22:40.343 [timeTimer] INFO  com.junction.util.TimerUtil - ******   执行结束推流定时任务       BEGIN   ******
2022-01-18 13:22:40.343 [timeTimer] INFO  com.junction.util.TimerUtil - ******   执行定时任务       END     ******
2022-01-18 13:23:40.344 [timeTimer] INFO  com.junction.util.TimerUtil - ******   执行结束推流定时任务       BEGIN   ******
2022-01-18 13:23:40.344 [timeTimer] INFO  com.junction.util.TimerUtil - ******   执行定时任务       END     ******
2022-01-18 13:24:40.345 [timeTimer] INFO  com.junction.util.TimerUtil - ******   执行结束推流定时任务       BEGIN   ******
2022-01-18 13:24:40.345 [timeTimer] INFO  com.junction.util.TimerUtil - ******   执行定时任务       END     ******
2022-01-18 13:25:40.349 [timeTimer] INFO  com.junction.util.TimerUtil - ******   执行结束推流定时任务       BEGIN   ******
2022-01-18 13:25:40.349 [timeTimer] INFO  com.junction.util.TimerUtil - ******   执行定时任务       END     ******
2022-01-18 13:26:40.349 [timeTimer] INFO  com.junction.util.TimerUtil - ******   执行结束推流定时任务       BEGIN   ******
2022-01-18 13:26:40.349 [timeTimer] INFO  com.junction.util.TimerUtil - ******   执行定时任务       END     ******
2022-01-18 13:27:40.350 [timeTimer] INFO  com.junction.util.TimerUtil - ******   执行结束推流定时任务       BEGIN   ******
2022-01-18 13:27:40.350 [timeTimer] INFO  com.junction.util.TimerUtil - ******   执行定时任务       END     ******
2022-01-18 13:28:40.354 [timeTimer] INFO  com.junction.util.TimerUtil - ******   执行结束推流定时任务       BEGIN   ******
2022-01-18 13:28:40.354 [timeTimer] INFO  com.junction.util.TimerUtil - ******   执行定时任务       END     ******
2022-01-18 13:29:40.358 [timeTimer] INFO  com.junction.util.TimerUtil - ******   执行结束推流定时任务       BEGIN   ******
2022-01-18 13:29:40.358 [timeTimer] INFO  com.junction.util.TimerUtil - ******   执行定时任务       END     ******
2022-01-18 13:30:40.359 [timeTimer] INFO  com.junction.util.TimerUtil - ******   执行结束推流定时任务       BEGIN   ******
2022-01-18 13:30:40.359 [timeTimer] INFO  com.junction.util.TimerUtil - ******   执行定时任务       END     ******
2022-01-18 13:31:40.363 [timeTimer] INFO  com.junction.util.TimerUtil - ******   执行结束推流定时任务       BEGIN   ******
2022-01-18 13:31:40.363 [timeTimer] INFO  com.junction.util.TimerUtil - ******   执行定时任务       END     ******
2022-01-18 13:32:40.364 [timeTimer] INFO  com.junction.util.TimerUtil - ******   执行结束推流定时任务       BEGIN   ******
2022-01-18 13:32:40.364 [timeTimer] INFO  com.junction.util.TimerUtil - ******   执行定时任务       END     ******
2022-01-18 13:33:40.364 [timeTimer] INFO  com.junction.util.TimerUtil - ******   执行结束推流定时任务       BEGIN   ******
2022-01-18 13:33:40.364 [timeTimer] INFO  com.junction.util.TimerUtil - ******   执行定时任务       END     ******
2022-01-18 13:34:40.368 [timeTimer] INFO  com.junction.util.TimerUtil - ******   执行结束推流定时任务       BEGIN   ******
2022-01-18 13:34:40.368 [timeTimer] INFO  com.junction.util.TimerUtil - ******   执行定时任务       END     ******
2022-01-18 13:35:40.368 [timeTimer] INFO  com.junction.util.TimerUtil - ******   执行结束推流定时任务       BEGIN   ******
2022-01-18 13:35:40.368 [timeTimer] INFO  com.junction.util.TimerUtil - ******   执行定时任务       END     ******
2022-01-18 13:36:40.369 [timeTimer] INFO  com.junction.util.TimerUtil - ******   执行结束推流定时任务       BEGIN   ******
2022-01-18 13:36:40.369 [timeTimer] INFO  com.junction.util.TimerUtil - ******   执行定时任务       END     ******
2022-01-18 13:37:40.374 [timeTimer] INFO  com.junction.util.TimerUtil - ******   执行结束推流定时任务       BEGIN   ******
2022-01-18 13:37:40.374 [timeTimer] INFO  com.junction.util.TimerUtil - ******   执行定时任务       END     ******
2022-01-18 13:38:40.378 [timeTimer] INFO  com.junction.util.TimerUtil - ******   执行结束推流定时任务       BEGIN   ******
2022-01-18 13:38:40.378 [timeTimer] INFO  com.junction.util.TimerUtil - ******   执行定时任务       END     ******
2022-01-18 13:39:40.378 [timeTimer] INFO  com.junction.util.TimerUtil - ******   执行结束推流定时任务       BEGIN   ******
2022-01-18 13:39:40.378 [timeTimer] INFO  com.junction.util.TimerUtil - ******   执行定时任务       END     ******
2022-01-18 13:40:40.379 [timeTimer] INFO  com.junction.util.TimerUtil - ******   执行结束推流定时任务       BEGIN   ******
2022-01-18 13:40:40.379 [timeTimer] INFO  com.junction.util.TimerUtil - ******   执行定时任务       END     ******
2022-01-18 13:41:40.379 [timeTimer] INFO  com.junction.util.TimerUtil - ******   执行结束推流定时任务       BEGIN   ******
2022-01-18 13:41:40.379 [timeTimer] INFO  com.junction.util.TimerUtil - ******   执行定时任务       END     ******
2022-01-18 13:42:40.379 [timeTimer] INFO  com.junction.util.TimerUtil - ******   执行结束推流定时任务       BEGIN   ******
2022-01-18 13:42:40.379 [timeTimer] INFO  com.junction.util.TimerUtil - ******   执行定时任务       END     ******
2022-01-18 13:43:40.379 [timeTimer] INFO  com.junction.util.TimerUtil - ******   执行结束推流定时任务       BEGIN   ******
2022-01-18 13:43:40.379 [timeTimer] INFO  com.junction.util.TimerUtil - ******   执行定时任务       END     ******
2022-01-18 13:44:40.383 [timeTimer] INFO  com.junction.util.TimerUtil - ******   执行结束推流定时任务       BEGIN   ******
2022-01-18 13:44:40.383 [timeTimer] INFO  com.junction.util.TimerUtil - ******   执行定时任务       END     ******
2022-01-18 13:45:40.384 [timeTimer] INFO  com.junction.util.TimerUtil - ******   执行结束推流定时任务       BEGIN   ******
2022-01-18 13:45:40.384 [timeTimer] INFO  com.junction.util.TimerUtil - ******   执行定时任务       END     ******
2022-01-18 13:46:40.388 [timeTimer] INFO  com.junction.util.TimerUtil - ******   执行结束推流定时任务       BEGIN   ******
2022-01-18 13:46:40.388 [timeTimer] INFO  com.junction.util.TimerUtil - ******   执行定时任务       END     ******
2022-01-18 13:47:40.389 [timeTimer] INFO  com.junction.util.TimerUtil - ******   执行结束推流定时任务       BEGIN   ******
2022-01-18 13:47:40.389 [timeTimer] INFO  com.junction.util.TimerUtil - ******   执行定时任务       END     ******
2022-01-18 13:48:40.393 [timeTimer] INFO  com.junction.util.TimerUtil - ******   执行结束推流定时任务       BEGIN   ******
2022-01-18 13:48:40.393 [timeTimer] INFO  com.junction.util.TimerUtil - ******   执行定时任务       END     ******
2022-01-18 13:49:40.394 [timeTimer] INFO  com.junction.util.TimerUtil - ******   执行结束推流定时任务       BEGIN   ******
2022-01-18 13:49:40.394 [timeTimer] INFO  com.junction.util.TimerUtil - ******   执行定时任务       END     ******
2022-01-18 13:50:40.398 [timeTimer] INFO  com.junction.util.TimerUtil - ******   执行结束推流定时任务       BEGIN   ******
2022-01-18 13:50:40.398 [timeTimer] INFO  com.junction.util.TimerUtil - ******   执行定时任务       END     ******
2022-01-18 13:51:40.399 [timeTimer] INFO  com.junction.util.TimerUtil - ******   执行结束推流定时任务       BEGIN   ******
2022-01-18 13:51:40.399 [timeTimer] INFO  com.junction.util.TimerUtil - ******   执行定时任务       END     ******
2022-01-18 13:52:40.403 [timeTimer] INFO  com.junction.util.TimerUtil - ******   执行结束推流定时任务       BEGIN   ******
2022-01-18 13:52:40.403 [timeTimer] INFO  com.junction.util.TimerUtil - ******   执行定时任务       END     ******
2022-01-18 13:53:40.405 [timeTimer] INFO  com.junction.util.TimerUtil - ******   执行结束推流定时任务       BEGIN   ******
2022-01-18 13:53:40.405 [timeTimer] INFO  com.junction.util.TimerUtil - ******   执行定时任务       END     ******
2022-01-18 13:54:40.409 [timeTimer] INFO  com.junction.util.TimerUtil - ******   执行结束推流定时任务       BEGIN   ******
2022-01-18 13:54:40.409 [timeTimer] INFO  com.junction.util.TimerUtil - ******   执行定时任务       END     ******
2022-01-18 13:55:40.413 [timeTimer] INFO  com.junction.util.TimerUtil - ******   执行结束推流定时任务       BEGIN   ******
2022-01-18 13:55:40.413 [timeTimer] INFO  com.junction.util.TimerUtil - ******   执行定时任务       END     ******
2022-01-18 13:56:40.414 [timeTimer] INFO  com.junction.util.TimerUtil - ******   执行结束推流定时任务       BEGIN   ******
2022-01-18 13:56:40.414 [timeTimer] INFO  com.junction.util.TimerUtil - ******   执行定时任务       END     ******
2022-01-18 13:57:40.418 [timeTimer] INFO  com.junction.util.TimerUtil - ******   执行结束推流定时任务       BEGIN   ******
2022-01-18 13:57:40.418 [timeTimer] INFO  com.junction.util.TimerUtil - ******   执行定时任务       END     ******
2022-01-18 13:58:40.418 [timeTimer] INFO  com.junction.util.TimerUtil - ******   执行结束推流定时任务       BEGIN   ******
2022-01-18 13:58:40.418 [timeTimer] INFO  com.junction.util.TimerUtil - ******   执行定时任务       END     ******
2022-01-18 13:59:40.418 [timeTimer] INFO  com.junction.util.TimerUtil - ******   执行结束推流定时任务       BEGIN   ******
2022-01-18 13:59:40.418 [timeTimer] INFO  com.junction.util.TimerUtil - ******   执行定时任务       END     ******
2022-01-18 14:00:40.419 [timeTimer] INFO  com.junction.util.TimerUtil - ******   执行结束推流定时任务       BEGIN   ******
2022-01-18 14:00:40.419 [timeTimer] INFO  com.junction.util.TimerUtil - ******   执行定时任务       END     ******
2022-01-18 14:01:40.423 [timeTimer] INFO  com.junction.util.TimerUtil - ******   执行结束推流定时任务       BEGIN   ******
2022-01-18 14:01:40.423 [timeTimer] INFO  com.junction.util.TimerUtil - ******   执行定时任务       END     ******
2022-01-18 14:02:40.428 [timeTimer] INFO  com.junction.util.TimerUtil - ******   执行结束推流定时任务       BEGIN   ******
2022-01-18 14:02:40.428 [timeTimer] INFO  com.junction.util.TimerUtil - ******   执行定时任务       END     ******
2022-01-18 14:03:40.429 [timeTimer] INFO  com.junction.util.TimerUtil - ******   执行结束推流定时任务       BEGIN   ******
2022-01-18 14:03:40.429 [timeTimer] INFO  com.junction.util.TimerUtil - ******   执行定时任务       END     ******
2022-01-18 14:04:40.433 [timeTimer] INFO  com.junction.util.TimerUtil - ******   执行结束推流定时任务       BEGIN   ******
2022-01-18 14:04:40.433 [timeTimer] INFO  com.junction.util.TimerUtil - ******   执行定时任务       END     ******
2022-01-18 14:05:40.434 [timeTimer] INFO  com.junction.util.TimerUtil - ******   执行结束推流定时任务       BEGIN   ******
2022-01-18 14:05:40.434 [timeTimer] INFO  com.junction.util.TimerUtil - ******   执行定时任务       END     ******
2022-01-18 14:06:40.439 [timeTimer] INFO  com.junction.util.TimerUtil - ******   执行结束推流定时任务       BEGIN   ******
2022-01-18 14:06:40.439 [timeTimer] INFO  com.junction.util.TimerUtil - ******   执行定时任务       END     ******
2022-01-18 14:07:40.443 [timeTimer] INFO  com.junction.util.TimerUtil - ******   执行结束推流定时任务       BEGIN   ******
2022-01-18 14:07:40.443 [timeTimer] INFO  com.junction.util.TimerUtil - ******   执行定时任务       END     ******
2022-01-18 14:08:40.444 [timeTimer] INFO  com.junction.util.TimerUtil - ******   执行结束推流定时任务       BEGIN   ******
2022-01-18 14:08:40.444 [timeTimer] INFO  com.junction.util.TimerUtil - ******   执行定时任务       END     ******
2022-01-18 14:09:40.445 [timeTimer] INFO  com.junction.util.TimerUtil - ******   执行结束推流定时任务       BEGIN   ******
2022-01-18 14:09:40.445 [timeTimer] INFO  com.junction.util.TimerUtil - ******   执行定时任务       END     ******
2022-01-18 14:10:40.449 [timeTimer] INFO  com.junction.util.TimerUtil - ******   执行结束推流定时任务       BEGIN   ******
2022-01-18 14:10:40.449 [timeTimer] INFO  com.junction.util.TimerUtil - ******   执行定时任务       END     ******
2022-01-18 14:11:40.449 [timeTimer] INFO  com.junction.util.TimerUtil - ******   执行结束推流定时任务       BEGIN   ******
2022-01-18 14:11:40.449 [timeTimer] INFO  com.junction.util.TimerUtil - ******   执行定时任务       END     ******
2022-01-18 14:12:40.449 [timeTimer] INFO  com.junction.util.TimerUtil - ******   执行结束推流定时任务       BEGIN   ******
2022-01-18 14:12:40.449 [timeTimer] INFO  com.junction.util.TimerUtil - ******   执行定时任务       END     ******
2022-01-18 14:13:40.450 [timeTimer] INFO  com.junction.util.TimerUtil - ******   执行结束推流定时任务       BEGIN   ******
2022-01-18 14:13:40.450 [timeTimer] INFO  com.junction.util.TimerUtil - ******   执行定时任务       END     ******
2022-01-18 14:14:40.454 [timeTimer] INFO  com.junction.util.TimerUtil - ******   执行结束推流定时任务       BEGIN   ******
2022-01-18 14:14:40.454 [timeTimer] INFO  com.junction.util.TimerUtil - ******   执行定时任务       END     ******
2022-01-18 14:15:40.458 [timeTimer] INFO  com.junction.util.TimerUtil - ******   执行结束推流定时任务       BEGIN   ******
2022-01-18 14:15:40.458 [timeTimer] INFO  com.junction.util.TimerUtil - ******   执行定时任务       END     ******
2022-01-18 14:16:40.458 [timeTimer] INFO  com.junction.util.TimerUtil - ******   执行结束推流定时任务       BEGIN   ******
2022-01-18 14:16:40.458 [timeTimer] INFO  com.junction.util.TimerUtil - ******   执行定时任务       END     ******
2022-01-18 14:17:40.459 [timeTimer] INFO  com.junction.util.TimerUtil - ******   执行结束推流定时任务       BEGIN   ******
2022-01-18 14:17:40.459 [timeTimer] INFO  com.junction.util.TimerUtil - ******   执行定时任务       END     ******
2022-01-18 14:18:40.460 [timeTimer] INFO  com.junction.util.TimerUtil - ******   执行结束推流定时任务       BEGIN   ******
2022-01-18 14:18:40.460 [timeTimer] INFO  com.junction.util.TimerUtil - ******   执行定时任务       END     ******
2022-01-18 14:19:40.460 [timeTimer] INFO  com.junction.util.TimerUtil - ******   执行结束推流定时任务       BEGIN   ******
2022-01-18 14:19:40.460 [timeTimer] INFO  com.junction.util.TimerUtil - ******   执行定时任务       END     ******
2022-01-18 14:20:40.461 [timeTimer] INFO  com.junction.util.TimerUtil - ******   执行结束推流定时任务       BEGIN   ******
2022-01-18 14:20:40.461 [timeTimer] INFO  com.junction.util.TimerUtil - ******   执行定时任务       END     ******
2022-01-18 14:21:40.461 [timeTimer] INFO  com.junction.util.TimerUtil - ******   执行结束推流定时任务       BEGIN   ******
2022-01-18 14:21:40.461 [timeTimer] INFO  com.junction.util.TimerUtil - ******   执行定时任务       END     ******
2022-01-18 14:22:40.461 [timeTimer] INFO  com.junction.util.TimerUtil - ******   执行结束推流定时任务       BEGIN   ******
2022-01-18 14:22:40.461 [timeTimer] INFO  com.junction.util.TimerUtil - ******   执行定时任务       END     ******
2022-01-18 14:23:40.462 [timeTimer] INFO  com.junction.util.TimerUtil - ******   执行结束推流定时任务       BEGIN   ******
2022-01-18 14:23:40.462 [timeTimer] INFO  com.junction.util.TimerUtil - ******   执行定时任务       END     ******
2022-01-18 14:24:40.462 [timeTimer] INFO  com.junction.util.TimerUtil - ******   执行结束推流定时任务       BEGIN   ******
2022-01-18 14:24:40.462 [timeTimer] INFO  com.junction.util.TimerUtil - ******   执行定时任务       END     ******
2022-01-18 14:25:40.463 [timeTimer] INFO  com.junction.util.TimerUtil - ******   执行结束推流定时任务       BEGIN   ******
2022-01-18 14:25:40.463 [timeTimer] INFO  com.junction.util.TimerUtil - ******   执行定时任务       END     ******
2022-01-18 14:26:40.463 [timeTimer] INFO  com.junction.util.TimerUtil - ******   执行结束推流定时任务       BEGIN   ******
2022-01-18 14:26:40.463 [timeTimer] INFO  com.junction.util.TimerUtil - ******   执行定时任务       END     ******
2022-01-18 14:27:40.464 [timeTimer] INFO  com.junction.util.TimerUtil - ******   执行结束推流定时任务       BEGIN   ******
2022-01-18 14:27:40.464 [timeTimer] INFO  com.junction.util.TimerUtil - ******   执行定时任务       END     ******
2022-01-18 14:28:40.465 [timeTimer] INFO  com.junction.util.TimerUtil - ******   执行结束推流定时任务       BEGIN   ******
2022-01-18 14:28:40.465 [timeTimer] INFO  com.junction.util.TimerUtil - ******   执行定时任务       END     ******
2022-01-18 14:29:40.466 [timeTimer] INFO  com.junction.util.TimerUtil - ******   执行结束推流定时任务       BEGIN   ******
2022-01-18 14:29:40.466 [timeTimer] INFO  com.junction.util.TimerUtil - ******   执行定时任务       END     ******
2022-01-18 14:30:40.466 [timeTimer] INFO  com.junction.util.TimerUtil - ******   执行结束推流定时任务       BEGIN   ******
2022-01-18 14:30:40.466 [timeTimer] INFO  com.junction.util.TimerUtil - ******   执行定时任务       END     ******
2022-01-18 14:31:40.467 [timeTimer] INFO  com.junction.util.TimerUtil - ******   执行结束推流定时任务       BEGIN   ******
2022-01-18 14:31:40.467 [timeTimer] INFO  com.junction.util.TimerUtil - ******   执行定时任务       END     ******
2022-01-18 14:32:40.467 [timeTimer] INFO  com.junction.util.TimerUtil - ******   执行结束推流定时任务       BEGIN   ******
2022-01-18 14:32:40.467 [timeTimer] INFO  com.junction.util.TimerUtil - ******   执行定时任务       END     ******
2022-01-18 14:33:40.467 [timeTimer] INFO  com.junction.util.TimerUtil - ******   执行结束推流定时任务       BEGIN   ******
2022-01-18 14:33:40.467 [timeTimer] INFO  com.junction.util.TimerUtil - ******   执行定时任务       END     ******
2022-01-18 14:34:40.468 [timeTimer] INFO  com.junction.util.TimerUtil - ******   执行结束推流定时任务       BEGIN   ******
2022-01-18 14:34:40.468 [timeTimer] INFO  com.junction.util.TimerUtil - ******   执行定时任务       END     ******
2022-01-18 14:35:40.468 [timeTimer] INFO  com.junction.util.TimerUtil - ******   执行结束推流定时任务       BEGIN   ******
2022-01-18 14:35:40.468 [timeTimer] INFO  com.junction.util.TimerUtil - ******   执行定时任务       END     ******
2022-01-18 14:36:40.469 [timeTimer] INFO  com.junction.util.TimerUtil - ******   执行结束推流定时任务       BEGIN   ******
2022-01-18 14:36:40.469 [timeTimer] INFO  com.junction.util.TimerUtil - ******   执行定时任务       END     ******
2022-01-18 14:37:40.469 [timeTimer] INFO  com.junction.util.TimerUtil - ******   执行结束推流定时任务       BEGIN   ******
2022-01-18 14:37:40.469 [timeTimer] INFO  com.junction.util.TimerUtil - ******   执行定时任务       END     ******
2022-01-18 14:38:40.470 [timeTimer] INFO  com.junction.util.TimerUtil - ******   执行结束推流定时任务       BEGIN   ******
2022-01-18 14:38:40.470 [timeTimer] INFO  com.junction.util.TimerUtil - ******   执行定时任务       END     ******
2022-01-18 14:39:40.470 [timeTimer] INFO  com.junction.util.TimerUtil - ******   执行结束推流定时任务       BEGIN   ******
2022-01-18 14:39:40.470 [timeTimer] INFO  com.junction.util.TimerUtil - ******   执行定时任务       END     ******
2022-01-18 14:40:40.471 [timeTimer] INFO  com.junction.util.TimerUtil - ******   执行结束推流定时任务       BEGIN   ******
2022-01-18 14:40:40.471 [timeTimer] INFO  com.junction.util.TimerUtil - ******   执行定时任务       END     ******
2022-01-18 14:41:40.471 [timeTimer] INFO  com.junction.util.TimerUtil - ******   执行结束推流定时任务       BEGIN   ******
2022-01-18 14:41:40.471 [timeTimer] INFO  com.junction.util.TimerUtil - ******   执行定时任务       END     ******
2022-01-18 14:42:40.471 [timeTimer] INFO  com.junction.util.TimerUtil - ******   执行结束推流定时任务       BEGIN   ******
2022-01-18 14:42:40.471 [timeTimer] INFO  com.junction.util.TimerUtil - ******   执行定时任务       END     ******
2022-01-18 14:43:40.472 [timeTimer] INFO  com.junction.util.TimerUtil - ******   执行结束推流定时任务       BEGIN   ******
2022-01-18 14:43:40.472 [timeTimer] INFO  com.junction.util.TimerUtil - ******   执行定时任务       END     ******
2022-01-18 14:44:40.472 [timeTimer] INFO  com.junction.util.TimerUtil - ******   执行结束推流定时任务       BEGIN   ******
2022-01-18 14:44:40.472 [timeTimer] INFO  com.junction.util.TimerUtil - ******   执行定时任务       END     ******
2022-01-18 14:45:40.473 [timeTimer] INFO  com.junction.util.TimerUtil - ******   执行结束推流定时任务       BEGIN   ******
2022-01-18 14:45:40.473 [timeTimer] INFO  com.junction.util.TimerUtil - ******   执行定时任务       END     ******
2022-01-18 14:46:40.473 [timeTimer] INFO  com.junction.util.TimerUtil - ******   执行结束推流定时任务       BEGIN   ******
2022-01-18 14:46:40.474 [timeTimer] INFO  com.junction.util.TimerUtil - ******   执行定时任务       END     ******
2022-01-18 14:47:40.473 [timeTimer] INFO  com.junction.util.TimerUtil - ******   执行结束推流定时任务       BEGIN   ******
2022-01-18 14:47:40.473 [timeTimer] INFO  com.junction.util.TimerUtil - ******   执行定时任务       END     ******
2022-01-18 14:48:40.474 [timeTimer] INFO  com.junction.util.TimerUtil - ******   执行结束推流定时任务       BEGIN   ******
2022-01-18 14:48:40.474 [timeTimer] INFO  com.junction.util.TimerUtil - ******   执行定时任务       END     ******
2022-01-18 14:49:40.475 [timeTimer] INFO  com.junction.util.TimerUtil - ******   执行结束推流定时任务       BEGIN   ******
2022-01-18 14:49:40.475 [timeTimer] INFO  com.junction.util.TimerUtil - ******   执行定时任务       END     ******
2022-01-18 14:50:40.475 [timeTimer] INFO  com.junction.util.TimerUtil - ******   执行结束推流定时任务       BEGIN   ******
2022-01-18 14:50:40.475 [timeTimer] INFO  com.junction.util.TimerUtil - ******   执行定时任务       END     ******
2022-01-18 14:51:40.475 [timeTimer] INFO  com.junction.util.TimerUtil - ******   执行结束推流定时任务       BEGIN   ******
2022-01-18 14:51:40.475 [timeTimer] INFO  com.junction.util.TimerUtil - ******   执行定时任务       END     ******
2022-01-18 14:52:40.476 [timeTimer] INFO  com.junction.util.TimerUtil - ******   执行结束推流定时任务       BEGIN   ******
2022-01-18 14:52:40.476 [timeTimer] INFO  com.junction.util.TimerUtil - ******   执行定时任务       END     ******
2022-01-18 14:53:40.476 [timeTimer] INFO  com.junction.util.TimerUtil - ******   执行结束推流定时任务       BEGIN   ******
2022-01-18 14:53:40.476 [timeTimer] INFO  com.junction.util.TimerUtil - ******   执行定时任务       END     ******
2022-01-18 14:54:40.477 [timeTimer] INFO  com.junction.util.TimerUtil - ******   执行结束推流定时任务       BEGIN   ******
2022-01-18 14:54:40.477 [timeTimer] INFO  com.junction.util.TimerUtil - ******   执行定时任务       END     ******
2022-01-18 14:55:40.477 [timeTimer] INFO  com.junction.util.TimerUtil - ******   执行结束推流定时任务       BEGIN   ******
2022-01-18 14:55:40.477 [timeTimer] INFO  com.junction.util.TimerUtil - ******   执行定时任务       END     ******
2022-01-18 14:56:40.478 [timeTimer] INFO  com.junction.util.TimerUtil - ******   执行结束推流定时任务       BEGIN   ******
2022-01-18 14:56:40.478 [timeTimer] INFO  com.junction.util.TimerUtil - ******   执行定时任务       END     ******
2022-01-18 14:57:40.478 [timeTimer] INFO  com.junction.util.TimerUtil - ******   执行结束推流定时任务       BEGIN   ******
2022-01-18 14:57:40.478 [timeTimer] INFO  com.junction.util.TimerUtil - ******   执行定时任务       END     ******
2022-01-18 14:58:40.479 [timeTimer] INFO  com.junction.util.TimerUtil - ******   执行结束推流定时任务       BEGIN   ******
2022-01-18 14:58:40.479 [timeTimer] INFO  com.junction.util.TimerUtil - ******   执行定时任务       END     ******
2022-01-18 14:59:40.479 [timeTimer] INFO  com.junction.util.TimerUtil - ******   执行结束推流定时任务       BEGIN   ******
2022-01-18 14:59:40.479 [timeTimer] INFO  com.junction.util.TimerUtil - ******   执行定时任务       END     ******
2022-01-18 15:00:40.480 [timeTimer] INFO  com.junction.util.TimerUtil - ******   执行结束推流定时任务       BEGIN   ******
2022-01-18 15:00:40.480 [timeTimer] INFO  com.junction.util.TimerUtil - ******   执行定时任务       END     ******
2022-01-18 15:01:40.480 [timeTimer] INFO  com.junction.util.TimerUtil - ******   执行结束推流定时任务       BEGIN   ******
2022-01-18 15:01:40.480 [timeTimer] INFO  com.junction.util.TimerUtil - ******   执行定时任务       END     ******
2022-01-18 15:02:40.480 [timeTimer] INFO  com.junction.util.TimerUtil - ******   执行结束推流定时任务       BEGIN   ******
2022-01-18 15:02:40.480 [timeTimer] INFO  com.junction.util.TimerUtil - ******   执行定时任务       END     ******
2022-01-18 15:02:54.309 [http-nio-8082-exec-1] INFO  o.a.c.c.C.[Tomcat].[localhost].[/camera] - Initializing Spring DispatcherServlet 'dispatcherServlet'
2022-01-18 15:02:54.309 [http-nio-8082-exec-1] INFO  org.springframework.web.servlet.DispatcherServlet - Initializing Servlet 'dispatcherServlet'
2022-01-18 15:02:54.313 [http-nio-8082-exec-1] INFO  org.springframework.web.servlet.DispatcherServlet - Completed initialization in 3 ms
2022-01-18 15:02:54.397 [http-nio-8082-exec-1] INFO  com.junction.controller.CameraController - 打开：rtsp://admin:L242E836@192.168.1.108:554/cam/realmonitor?channel=1&subtype=0
2022-01-18 15:03:40.481 [timeTimer] INFO  com.junction.util.TimerUtil - ******   执行结束推流定时任务       BEGIN   ******
2022-01-18 15:03:40.481 [timeTimer] INFO  com.junction.util.TimerUtil - ******   执行定时任务       END     ******
2022-01-18 15:04:40.481 [timeTimer] INFO  com.junction.util.TimerUtil - ******   执行结束推流定时任务       BEGIN   ******
2022-01-18 15:04:40.481 [timeTimer] INFO  com.junction.util.TimerUtil - ******   执行定时任务       END     ******
2022-01-18 15:05:40.482 [timeTimer] INFO  com.junction.util.TimerUtil - ******   执行结束推流定时任务       BEGIN   ******
2022-01-18 15:05:40.482 [timeTimer] INFO  com.junction.util.TimerUtil - ******   执行定时任务       END     ******
