2021-08-30 09:30:38.657 [main] INFO  com.junction.CameraServerApplication - Starting CameraServerApplication on DESKTOP-CBID165 with PID 1496 (C:\Users\Administrator\Desktop\RTSPtoRTMP\target\classes started by Administrator in C:\Users\Administrator\Desktop\RTSPtoRTMP)
2021-08-30 09:30:38.657 [main] INFO  com.junction.CameraServerApplication - No active profile set, falling back to default profiles: default
2021-08-30 09:30:39.173 [main] INFO  o.s.boot.web.embedded.tomcat.TomcatWebServer - Tomcat initialized with port(s): 8082 (http)
2021-08-30 09:30:39.173 [main] INFO  org.apache.coyote.http11.Http11NioProtocol - Initializing ProtocolHandler ["http-nio-8082"]
2021-08-30 09:30:39.173 [main] INFO  org.apache.catalina.core.StandardService - Starting service [Tomcat]
2021-08-30 09:30:39.173 [main] INFO  org.apache.catalina.core.StandardEngine - Starting Servlet engine: [Apache Tomcat/9.0.29]
2021-08-30 09:30:39.235 [main] INFO  o.a.c.c.C.[Tomcat].[localhost].[/camera] - Initializing Spring embedded WebApplicationContext
2021-08-30 09:30:39.235 [main] INFO  org.springframework.web.context.ContextLoader - Root WebApplicationContext: initialization completed in 547 ms
2021-08-30 09:30:39.376 [main] INFO  o.s.scheduling.concurrent.ThreadPoolTaskExecutor - Initializing ExecutorService 'applicationTaskExecutor'
2021-08-30 09:30:39.454 [main] INFO  org.apache.coyote.http11.Http11NioProtocol - Starting ProtocolHandler ["http-nio-8082"]
2021-08-30 09:30:39.470 [main] INFO  o.s.boot.web.embedded.tomcat.TomcatWebServer - Tomcat started on port(s): 8082 (http) with context path '/camera'
2021-08-30 09:30:39.470 [main] INFO  com.junction.CameraServerApplication - Started CameraServerApplication in 1.189 seconds (JVM running for 2.47)
2021-08-30 09:30:39.485 [timeTimer] INFO  com.junction.util.TimerUtil - ******   执行结束推流定时任务       BEGIN   ******
2021-08-30 09:30:39.485 [timeTimer] INFO  com.junction.util.TimerUtil - ******   执行定时任务       END     ******
2021-08-30 09:30:45.117 [SpringContextShutdownHook] INFO  o.s.scheduling.concurrent.ThreadPoolTaskExecutor - Shutting down ExecutorService 'applicationTaskExecutor'
2021-08-30 09:30:45.117 [SpringContextShutdownHook] INFO  com.junction.CameraServerApplication - 服务结束，开始释放空间...
2021-08-30 09:52:59.610 [main] INFO  com.junction.CameraServerApplication - Starting CameraServerApplication on DESKTOP-CBID165 with PID 576 (C:\Users\Administrator\Desktop\RTSPtoRTMP\target\classes started by Administrator in C:\Users\Administrator\Desktop\RTSPtoRTMP)
2021-08-30 09:52:59.613 [main] INFO  com.junction.CameraServerApplication - No active profile set, falling back to default profiles: default
2021-08-30 09:53:00.105 [main] INFO  o.s.boot.web.embedded.tomcat.TomcatWebServer - Tomcat initialized with port(s): 8082 (http)
2021-08-30 09:53:00.110 [main] INFO  org.apache.coyote.http11.Http11NioProtocol - Initializing ProtocolHandler ["http-nio-8082"]
2021-08-30 09:53:00.111 [main] INFO  org.apache.catalina.core.StandardService - Starting service [Tomcat]
2021-08-30 09:53:00.111 [main] INFO  org.apache.catalina.core.StandardEngine - Starting Servlet engine: [Apache Tomcat/9.0.29]
2021-08-30 09:53:00.169 [main] INFO  o.a.c.c.C.[Tomcat].[localhost].[/camera] - Initializing Spring embedded WebApplicationContext
2021-08-30 09:53:00.169 [main] INFO  org.springframework.web.context.ContextLoader - Root WebApplicationContext: initialization completed in 532 ms
2021-08-30 09:53:00.275 [main] INFO  o.s.scheduling.concurrent.ThreadPoolTaskExecutor - Initializing ExecutorService 'applicationTaskExecutor'
2021-08-30 09:53:00.361 [main] INFO  org.apache.coyote.http11.Http11NioProtocol - Starting ProtocolHandler ["http-nio-8082"]
2021-08-30 09:53:00.374 [main] INFO  o.s.boot.web.embedded.tomcat.TomcatWebServer - Tomcat started on port(s): 8082 (http) with context path '/camera'
2021-08-30 09:53:00.376 [main] INFO  com.junction.CameraServerApplication - Started CameraServerApplication in 1.088 seconds (JVM running for 1.587)
2021-08-30 09:53:00.380 [timeTimer] INFO  com.junction.util.TimerUtil - ******   执行结束推流定时任务       BEGIN   ******
2021-08-30 09:53:00.380 [timeTimer] INFO  com.junction.util.TimerUtil - ******   执行定时任务       END     ******
2021-08-30 09:54:00.380 [timeTimer] INFO  com.junction.util.TimerUtil - ******   执行结束推流定时任务       BEGIN   ******
2021-08-30 09:54:00.380 [timeTimer] INFO  com.junction.util.TimerUtil - ******   执行定时任务       END     ******
2021-08-30 09:55:00.380 [timeTimer] INFO  com.junction.util.TimerUtil - ******   执行结束推流定时任务       BEGIN   ******
2021-08-30 09:55:00.380 [timeTimer] INFO  com.junction.util.TimerUtil - ******   执行定时任务       END     ******
2021-08-30 09:56:00.381 [timeTimer] INFO  com.junction.util.TimerUtil - ******   执行结束推流定时任务       BEGIN   ******
2021-08-30 09:56:00.381 [timeTimer] INFO  com.junction.util.TimerUtil - ******   执行定时任务       END     ******
2021-08-30 09:57:00.381 [timeTimer] INFO  com.junction.util.TimerUtil - ******   执行结束推流定时任务       BEGIN   ******
2021-08-30 09:57:00.381 [timeTimer] INFO  com.junction.util.TimerUtil - ******   执行定时任务       END     ******
2021-08-30 09:58:00.382 [timeTimer] INFO  com.junction.util.TimerUtil - ******   执行结束推流定时任务       BEGIN   ******
2021-08-30 09:58:00.382 [timeTimer] INFO  com.junction.util.TimerUtil - ******   执行定时任务       END     ******
2021-08-30 09:59:00.383 [timeTimer] INFO  com.junction.util.TimerUtil - ******   执行结束推流定时任务       BEGIN   ******
2021-08-30 09:59:00.383 [timeTimer] INFO  com.junction.util.TimerUtil - ******   执行定时任务       END     ******
2021-08-30 10:00:00.383 [timeTimer] INFO  com.junction.util.TimerUtil - ******   执行结束推流定时任务       BEGIN   ******
2021-08-30 10:00:00.383 [timeTimer] INFO  com.junction.util.TimerUtil - ******   执行定时任务       END     ******
2021-08-30 10:01:00.384 [timeTimer] INFO  com.junction.util.TimerUtil - ******   执行结束推流定时任务       BEGIN   ******
2021-08-30 10:01:00.384 [timeTimer] INFO  com.junction.util.TimerUtil - ******   执行定时任务       END     ******
2021-08-30 10:01:57.682 [http-nio-8082-exec-1] INFO  o.a.c.c.C.[Tomcat].[localhost].[/camera] - Initializing Spring DispatcherServlet 'dispatcherServlet'
2021-08-30 10:01:57.682 [http-nio-8082-exec-1] INFO  org.springframework.web.servlet.DispatcherServlet - Initializing Servlet 'dispatcherServlet'
2021-08-30 10:01:57.685 [http-nio-8082-exec-1] INFO  org.springframework.web.servlet.DispatcherServlet - Completed initialization in 3 ms
2021-08-30 10:02:00.384 [timeTimer] INFO  com.junction.util.TimerUtil - ******   执行结束推流定时任务       BEGIN   ******
2021-08-30 10:02:00.384 [timeTimer] INFO  com.junction.util.TimerUtil - ******   执行定时任务       END     ******
2021-08-30 10:02:33.120 [http-nio-8082-exec-3] INFO  com.junction.controller.CameraController - 打开：rtsp://admin:L242E836@192.168.0.110:554/cam/realmonitor?channel=1&subtype=0
2021-08-30 10:03:00.384 [timeTimer] INFO  com.junction.util.TimerUtil - ******   执行结束推流定时任务       BEGIN   ******
2021-08-30 10:03:00.384 [timeTimer] INFO  com.junction.util.TimerUtil - ******   执行定时任务       END     ******
2021-08-30 10:03:19.829 [SpringContextShutdownHook] INFO  o.s.scheduling.concurrent.ThreadPoolTaskExecutor - Shutting down ExecutorService 'applicationTaskExecutor'
2021-08-30 10:03:19.829 [SpringContextShutdownHook] INFO  com.junction.CameraServerApplication - 服务结束，开始释放空间...
2021-08-30 10:03:22.418 [main] INFO  com.junction.CameraServerApplication - Starting CameraServerApplication on DESKTOP-CBID165 with PID 14172 (C:\Users\Administrator\Desktop\RTSPtoRTMP\target\classes started by Administrator in C:\Users\Administrator\Desktop\RTSPtoRTMP)
2021-08-30 10:03:22.420 [main] INFO  com.junction.CameraServerApplication - No active profile set, falling back to default profiles: default
2021-08-30 10:03:22.934 [main] INFO  o.s.boot.web.embedded.tomcat.TomcatWebServer - Tomcat initialized with port(s): 8082 (http)
2021-08-30 10:03:22.940 [main] INFO  org.apache.coyote.http11.Http11NioProtocol - Initializing ProtocolHandler ["http-nio-8082"]
2021-08-30 10:03:22.940 [main] INFO  org.apache.catalina.core.StandardService - Starting service [Tomcat]
2021-08-30 10:03:22.940 [main] INFO  org.apache.catalina.core.StandardEngine - Starting Servlet engine: [Apache Tomcat/9.0.29]
2021-08-30 10:03:22.995 [main] INFO  o.a.c.c.C.[Tomcat].[localhost].[/camera] - Initializing Spring embedded WebApplicationContext
2021-08-30 10:03:22.995 [main] INFO  org.springframework.web.context.ContextLoader - Root WebApplicationContext: initialization completed in 526 ms
2021-08-30 10:03:23.107 [main] INFO  o.s.scheduling.concurrent.ThreadPoolTaskExecutor - Initializing ExecutorService 'applicationTaskExecutor'
2021-08-30 10:03:23.195 [main] INFO  org.apache.coyote.http11.Http11NioProtocol - Starting ProtocolHandler ["http-nio-8082"]
2021-08-30 10:03:23.210 [main] INFO  o.s.boot.web.embedded.tomcat.TomcatWebServer - Tomcat started on port(s): 8082 (http) with context path '/camera'
2021-08-30 10:03:23.212 [main] INFO  com.junction.CameraServerApplication - Started CameraServerApplication in 1.086 seconds (JVM running for 1.587)
2021-08-30 10:03:23.215 [timeTimer] INFO  com.junction.util.TimerUtil - ******   执行结束推流定时任务       BEGIN   ******
2021-08-30 10:03:23.215 [timeTimer] INFO  com.junction.util.TimerUtil - ******   执行定时任务       END     ******
2021-08-30 10:03:37.949 [http-nio-8082-exec-2] INFO  o.a.c.c.C.[Tomcat].[localhost].[/camera] - Initializing Spring DispatcherServlet 'dispatcherServlet'
2021-08-30 10:03:37.949 [http-nio-8082-exec-2] INFO  org.springframework.web.servlet.DispatcherServlet - Initializing Servlet 'dispatcherServlet'
2021-08-30 10:03:37.952 [http-nio-8082-exec-2] INFO  org.springframework.web.servlet.DispatcherServlet - Completed initialization in 3 ms
2021-08-30 10:03:38.033 [http-nio-8082-exec-2] INFO  com.junction.controller.CameraController - 打开：rtsp://admin:L242E836@192.168.0.110:554/cam/realmonitor?channel=1&subtype=0
2021-08-30 10:04:19.184 [SpringContextShutdownHook] INFO  o.s.scheduling.concurrent.ThreadPoolTaskExecutor - Shutting down ExecutorService 'applicationTaskExecutor'
2021-08-30 10:04:19.184 [SpringContextShutdownHook] INFO  com.junction.CameraServerApplication - 服务结束，开始释放空间...
2021-08-30 10:11:32.200 [main] INFO  com.junction.CameraServerApplication - Starting CameraServerApplication on DESKTOP-CBID165 with PID 8924 (C:\Users\Administrator\Desktop\RTSPtoRTMP\target\classes started by Administrator in C:\Users\Administrator\Desktop\RTSPtoRTMP)
2021-08-30 10:11:32.229 [main] INFO  com.junction.CameraServerApplication - No active profile set, falling back to default profiles: default
2021-08-30 10:11:32.703 [main] INFO  o.s.boot.web.embedded.tomcat.TomcatWebServer - Tomcat initialized with port(s): 8082 (http)
2021-08-30 10:11:32.709 [main] INFO  org.apache.coyote.http11.Http11NioProtocol - Initializing ProtocolHandler ["http-nio-8082"]
2021-08-30 10:11:32.709 [main] INFO  org.apache.catalina.core.StandardService - Starting service [Tomcat]
2021-08-30 10:11:32.709 [main] INFO  org.apache.catalina.core.StandardEngine - Starting Servlet engine: [Apache Tomcat/9.0.29]
2021-08-30 10:11:32.763 [main] INFO  o.a.c.c.C.[Tomcat].[localhost].[/camera] - Initializing Spring embedded WebApplicationContext
2021-08-30 10:11:32.763 [main] INFO  org.springframework.web.context.ContextLoader - Root WebApplicationContext: initialization completed in 508 ms
2021-08-30 10:11:32.871 [main] INFO  o.s.scheduling.concurrent.ThreadPoolTaskExecutor - Initializing ExecutorService 'applicationTaskExecutor'
2021-08-30 10:11:32.958 [main] INFO  org.apache.coyote.http11.Http11NioProtocol - Starting ProtocolHandler ["http-nio-8082"]
2021-08-30 10:11:32.971 [main] INFO  o.s.boot.web.embedded.tomcat.TomcatWebServer - Tomcat started on port(s): 8082 (http) with context path '/camera'
2021-08-30 10:11:32.973 [main] INFO  com.junction.CameraServerApplication - Started CameraServerApplication in 1.064 seconds (JVM running for 1.692)
2021-08-30 10:11:32.977 [timeTimer] INFO  com.junction.util.TimerUtil - ******   执行结束推流定时任务       BEGIN   ******
2021-08-30 10:11:32.977 [timeTimer] INFO  com.junction.util.TimerUtil - ******   执行定时任务       END     ******
2021-08-30 10:12:13.746 [http-nio-8082-exec-1] INFO  o.a.c.c.C.[Tomcat].[localhost].[/camera] - Initializing Spring DispatcherServlet 'dispatcherServlet'
2021-08-30 10:12:13.746 [http-nio-8082-exec-1] INFO  org.springframework.web.servlet.DispatcherServlet - Initializing Servlet 'dispatcherServlet'
2021-08-30 10:12:13.749 [http-nio-8082-exec-1] INFO  org.springframework.web.servlet.DispatcherServlet - Completed initialization in 3 ms
2021-08-30 10:12:13.829 [http-nio-8082-exec-1] INFO  com.junction.controller.CameraController - 打开：rtsp://admin:L242E836@192.168.0.110:554/cam/realmonitor?channel=1&subtype=0
2021-08-30 10:12:15.012 [pool-1-thread-1] INFO  com.junction.util.CameraPush - rtsp://admin:L242E836@192.168.0.110:554/cam/realmonitor?channel=1&subtype=0 开始推流...
2021-08-30 10:12:32.978 [timeTimer] INFO  com.junction.util.TimerUtil - ******   执行结束推流定时任务       BEGIN   ******
2021-08-30 10:12:32.978 [timeTimer] INFO  com.junction.util.TimerUtil - ******   执行定时任务       END     ******
2021-08-30 10:13:32.978 [timeTimer] INFO  com.junction.util.TimerUtil - ******   执行结束推流定时任务       BEGIN   ******
2021-08-30 10:13:32.978 [timeTimer] INFO  com.junction.util.TimerUtil - ******   执行定时任务       END     ******
2021-08-30 10:14:32.978 [timeTimer] INFO  com.junction.util.TimerUtil - ******   执行结束推流定时任务       BEGIN   ******
2021-08-30 10:14:32.978 [timeTimer] INFO  com.junction.util.TimerUtil - ******   执行定时任务       END     ******
2021-08-30 10:15:32.979 [timeTimer] INFO  com.junction.util.TimerUtil - ******   执行结束推流定时任务       BEGIN   ******
2021-08-30 10:15:32.979 [timeTimer] INFO  com.junction.util.TimerUtil - ******   执行定时任务       END     ******
2021-08-30 10:16:32.979 [timeTimer] INFO  com.junction.util.TimerUtil - ******   执行结束推流定时任务       BEGIN   ******
2021-08-30 10:16:32.979 [timeTimer] INFO  com.junction.util.TimerUtil - ******   执行定时任务       END     ******
2021-08-30 10:17:32.979 [timeTimer] INFO  com.junction.util.TimerUtil - ******   执行结束推流定时任务       BEGIN   ******
2021-08-30 10:17:32.979 [timeTimer] INFO  com.junction.util.TimerUtil - ******   执行定时任务       END     ******
2021-08-30 10:18:32.980 [timeTimer] INFO  com.junction.util.TimerUtil - ******   执行结束推流定时任务       BEGIN   ******
2021-08-30 10:18:32.980 [timeTimer] INFO  com.junction.util.TimerUtil - ******   执行定时任务       END     ******
2021-08-30 10:19:32.980 [timeTimer] INFO  com.junction.util.TimerUtil - ******   执行结束推流定时任务       BEGIN   ******
2021-08-30 10:19:32.980 [timeTimer] INFO  com.junction.util.TimerUtil - ******   执行定时任务       END     ******
2021-08-30 10:20:32.980 [timeTimer] INFO  com.junction.util.TimerUtil - ******   执行结束推流定时任务       BEGIN   ******
2021-08-30 10:20:32.980 [timeTimer] INFO  com.junction.util.TimerUtil - ******   执行定时任务       END     ******
2021-08-30 10:21:32.981 [timeTimer] INFO  com.junction.util.TimerUtil - ******   执行结束推流定时任务       BEGIN   ******
2021-08-30 10:21:32.981 [timeTimer] INFO  com.junction.util.TimerUtil - ******   执行定时任务       END     ******
2021-08-30 10:22:32.981 [timeTimer] INFO  com.junction.util.TimerUtil - ******   执行结束推流定时任务       BEGIN   ******
2021-08-30 10:22:32.981 [timeTimer] INFO  com.junction.util.TimerUtil - ******   执行定时任务       END     ******
2021-08-30 10:23:32.982 [timeTimer] INFO  com.junction.util.TimerUtil - ******   执行结束推流定时任务       BEGIN   ******
2021-08-30 10:23:32.982 [timeTimer] INFO  com.junction.util.TimerUtil - ******   执行定时任务       END     ******
2021-08-30 10:24:32.983 [timeTimer] INFO  com.junction.util.TimerUtil - ******   执行结束推流定时任务       BEGIN   ******
2021-08-30 10:24:32.983 [timeTimer] INFO  com.junction.util.TimerUtil - ******   执行定时任务       END     ******
2021-08-30 10:25:32.983 [timeTimer] INFO  com.junction.util.TimerUtil - ******   执行结束推流定时任务       BEGIN   ******
2021-08-30 10:25:32.983 [timeTimer] INFO  com.junction.util.TimerUtil - ******   执行定时任务       END     ******
2021-08-30 10:26:32.983 [timeTimer] INFO  com.junction.util.TimerUtil - ******   执行结束推流定时任务       BEGIN   ******
2021-08-30 10:26:32.983 [timeTimer] INFO  com.junction.util.TimerUtil - ******   执行定时任务       END     ******
2021-08-30 10:27:32.983 [timeTimer] INFO  com.junction.util.TimerUtil - ******   执行结束推流定时任务       BEGIN   ******
2021-08-30 10:27:32.983 [timeTimer] INFO  com.junction.util.TimerUtil - ******   执行定时任务       END     ******
2021-08-30 10:28:32.984 [timeTimer] INFO  com.junction.util.TimerUtil - ******   执行结束推流定时任务       BEGIN   ******
2021-08-30 10:28:32.984 [timeTimer] INFO  com.junction.util.TimerUtil - ******   执行定时任务       END     ******
2021-08-30 10:29:32.984 [timeTimer] INFO  com.junction.util.TimerUtil - ******   执行结束推流定时任务       BEGIN   ******
2021-08-30 10:29:32.984 [timeTimer] INFO  com.junction.util.TimerUtil - ******   执行定时任务       END     ******
2021-08-30 10:30:32.985 [timeTimer] INFO  com.junction.util.TimerUtil - ******   执行结束推流定时任务       BEGIN   ******
2021-08-30 10:30:32.985 [timeTimer] INFO  com.junction.util.TimerUtil - ******   执行定时任务       END     ******
2021-08-30 10:31:32.985 [timeTimer] INFO  com.junction.util.TimerUtil - ******   执行结束推流定时任务       BEGIN   ******
2021-08-30 10:31:32.985 [timeTimer] INFO  com.junction.util.TimerUtil - ******   执行定时任务       END     ******
2021-08-30 10:32:32.986 [timeTimer] INFO  com.junction.util.TimerUtil - ******   执行结束推流定时任务       BEGIN   ******
2021-08-30 10:32:32.986 [timeTimer] INFO  com.junction.util.TimerUtil - ******   执行定时任务       END     ******
2021-08-30 10:33:32.986 [timeTimer] INFO  com.junction.util.TimerUtil - ******   执行结束推流定时任务       BEGIN   ******
2021-08-30 10:33:32.986 [timeTimer] INFO  com.junction.util.TimerUtil - ******   执行定时任务       END     ******
2021-08-30 10:34:32.987 [timeTimer] INFO  com.junction.util.TimerUtil - ******   执行结束推流定时任务       BEGIN   ******
2021-08-30 10:34:32.987 [timeTimer] INFO  com.junction.util.TimerUtil - ******   执行定时任务       END     ******
2021-08-30 10:35:32.987 [timeTimer] INFO  com.junction.util.TimerUtil - ******   执行结束推流定时任务       BEGIN   ******
2021-08-30 10:35:32.987 [timeTimer] INFO  com.junction.util.TimerUtil - ******   执行定时任务       END     ******
2021-08-30 10:36:32.987 [timeTimer] INFO  com.junction.util.TimerUtil - ******   执行结束推流定时任务       BEGIN   ******
2021-08-30 10:36:32.987 [timeTimer] INFO  com.junction.util.TimerUtil - ******   执行定时任务       END     ******
2021-08-30 10:37:32.988 [timeTimer] INFO  com.junction.util.TimerUtil - ******   执行结束推流定时任务       BEGIN   ******
2021-08-30 10:37:32.988 [timeTimer] INFO  com.junction.util.TimerUtil - ******   执行定时任务       END     ******
2021-08-30 10:38:32.988 [timeTimer] INFO  com.junction.util.TimerUtil - ******   执行结束推流定时任务       BEGIN   ******
2021-08-30 10:38:32.988 [timeTimer] INFO  com.junction.util.TimerUtil - ******   执行定时任务       END     ******
2021-08-30 10:39:32.988 [timeTimer] INFO  com.junction.util.TimerUtil - ******   执行结束推流定时任务       BEGIN   ******
2021-08-30 10:39:32.988 [timeTimer] INFO  com.junction.util.TimerUtil - ******   执行定时任务       END     ******
2021-08-30 10:40:32.989 [timeTimer] INFO  com.junction.util.TimerUtil - ******   执行结束推流定时任务       BEGIN   ******
2021-08-30 10:40:32.989 [timeTimer] INFO  com.junction.util.TimerUtil - ******   执行定时任务       END     ******
2021-08-30 10:41:32.989 [timeTimer] INFO  com.junction.util.TimerUtil - ******   执行结束推流定时任务       BEGIN   ******
2021-08-30 10:41:32.989 [timeTimer] INFO  com.junction.util.TimerUtil - ******   执行定时任务       END     ******
2021-08-30 10:42:32.989 [timeTimer] INFO  com.junction.util.TimerUtil - ******   执行结束推流定时任务       BEGIN   ******
2021-08-30 10:42:32.989 [timeTimer] INFO  com.junction.util.TimerUtil - ******   执行定时任务       END     ******
2021-08-30 10:43:32.990 [timeTimer] INFO  com.junction.util.TimerUtil - ******   执行结束推流定时任务       BEGIN   ******
2021-08-30 10:43:32.990 [timeTimer] INFO  com.junction.util.TimerUtil - ******   执行定时任务       END     ******
2021-08-30 10:44:32.991 [timeTimer] INFO  com.junction.util.TimerUtil - ******   执行结束推流定时任务       BEGIN   ******
2021-08-30 10:44:32.991 [timeTimer] INFO  com.junction.util.TimerUtil - ******   执行定时任务       END     ******
2021-08-30 10:45:32.991 [timeTimer] INFO  com.junction.util.TimerUtil - ******   执行结束推流定时任务       BEGIN   ******
2021-08-30 10:45:32.991 [timeTimer] INFO  com.junction.util.TimerUtil - ******   执行定时任务       END     ******
2021-08-30 10:46:32.991 [timeTimer] INFO  com.junction.util.TimerUtil - ******   执行结束推流定时任务       BEGIN   ******
2021-08-30 10:46:32.991 [timeTimer] INFO  com.junction.util.TimerUtil - ******   执行定时任务       END     ******
2021-08-30 10:47:32.992 [timeTimer] INFO  com.junction.util.TimerUtil - ******   执行结束推流定时任务       BEGIN   ******
2021-08-30 10:47:32.992 [timeTimer] INFO  com.junction.util.TimerUtil - ******   执行定时任务       END     ******
2021-08-30 10:48:32.992 [timeTimer] INFO  com.junction.util.TimerUtil - ******   执行结束推流定时任务       BEGIN   ******
2021-08-30 10:48:32.992 [timeTimer] INFO  com.junction.util.TimerUtil - ******   执行定时任务       END     ******
2021-08-30 10:49:32.993 [timeTimer] INFO  com.junction.util.TimerUtil - ******   执行结束推流定时任务       BEGIN   ******
2021-08-30 10:49:32.993 [timeTimer] INFO  com.junction.util.TimerUtil - ******   执行定时任务       END     ******
2021-08-30 10:50:32.993 [timeTimer] INFO  com.junction.util.TimerUtil - ******   执行结束推流定时任务       BEGIN   ******
2021-08-30 10:50:32.993 [timeTimer] INFO  com.junction.util.TimerUtil - ******   执行定时任务       END     ******
2021-08-30 10:51:32.994 [timeTimer] INFO  com.junction.util.TimerUtil - ******   执行结束推流定时任务       BEGIN   ******
2021-08-30 10:51:32.994 [timeTimer] INFO  com.junction.util.TimerUtil - ******   执行定时任务       END     ******
2021-08-30 10:52:32.994 [timeTimer] INFO  com.junction.util.TimerUtil - ******   执行结束推流定时任务       BEGIN   ******
2021-08-30 10:52:32.994 [timeTimer] INFO  com.junction.util.TimerUtil - ******   执行定时任务       END     ******
2021-08-30 10:53:32.995 [timeTimer] INFO  com.junction.util.TimerUtil - ******   执行结束推流定时任务       BEGIN   ******
2021-08-30 10:53:32.995 [timeTimer] INFO  com.junction.util.TimerUtil - ******   执行定时任务       END     ******
2021-08-30 10:54:32.995 [timeTimer] INFO  com.junction.util.TimerUtil - ******   执行结束推流定时任务       BEGIN   ******
2021-08-30 10:54:32.995 [timeTimer] INFO  com.junction.util.TimerUtil - ******   执行定时任务       END     ******
2021-08-30 10:55:32.995 [timeTimer] INFO  com.junction.util.TimerUtil - ******   执行结束推流定时任务       BEGIN   ******
2021-08-30 10:55:32.995 [timeTimer] INFO  com.junction.util.TimerUtil - ******   执行定时任务       END     ******
2021-08-30 10:56:32.995 [timeTimer] INFO  com.junction.util.TimerUtil - ******   执行结束推流定时任务       BEGIN   ******
2021-08-30 10:56:32.995 [timeTimer] INFO  com.junction.util.TimerUtil - ******   执行定时任务       END     ******
2021-08-30 10:57:32.996 [timeTimer] INFO  com.junction.util.TimerUtil - ******   执行结束推流定时任务       BEGIN   ******
2021-08-30 10:57:32.996 [timeTimer] INFO  com.junction.util.TimerUtil - ******   执行定时任务       END     ******
2021-08-30 10:58:32.996 [timeTimer] INFO  com.junction.util.TimerUtil - ******   执行结束推流定时任务       BEGIN   ******
2021-08-30 10:58:32.996 [timeTimer] INFO  com.junction.util.TimerUtil - ******   执行定时任务       END     ******
2021-08-30 10:59:32.997 [timeTimer] INFO  com.junction.util.TimerUtil - ******   执行结束推流定时任务       BEGIN   ******
2021-08-30 10:59:32.997 [timeTimer] INFO  com.junction.util.TimerUtil - ******   执行定时任务       END     ******
2021-08-30 11:00:32.997 [timeTimer] INFO  com.junction.util.TimerUtil - ******   执行结束推流定时任务       BEGIN   ******
2021-08-30 11:00:32.997 [timeTimer] INFO  com.junction.util.TimerUtil - ******   执行定时任务       END     ******
2021-08-30 11:01:32.998 [timeTimer] INFO  com.junction.util.TimerUtil - ******   执行结束推流定时任务       BEGIN   ******
2021-08-30 11:01:32.998 [timeTimer] INFO  com.junction.util.TimerUtil - ******   执行定时任务       END     ******
2021-08-30 11:02:32.998 [timeTimer] INFO  com.junction.util.TimerUtil - ******   执行结束推流定时任务       BEGIN   ******
2021-08-30 11:02:32.998 [timeTimer] INFO  com.junction.util.TimerUtil - ******   执行定时任务       END     ******
2021-08-30 11:03:32.999 [timeTimer] INFO  com.junction.util.TimerUtil - ******   执行结束推流定时任务       BEGIN   ******
2021-08-30 11:03:32.999 [timeTimer] INFO  com.junction.util.TimerUtil - ******   执行定时任务       END     ******
2021-08-30 11:04:32.999 [timeTimer] INFO  com.junction.util.TimerUtil - ******   执行结束推流定时任务       BEGIN   ******
2021-08-30 11:04:32.999 [timeTimer] INFO  com.junction.util.TimerUtil - ******   执行定时任务       END     ******
2021-08-30 11:05:32.999 [timeTimer] INFO  com.junction.util.TimerUtil - ******   执行结束推流定时任务       BEGIN   ******
2021-08-30 11:05:32.999 [timeTimer] INFO  com.junction.util.TimerUtil - ******   执行定时任务       END     ******
2021-08-30 11:06:32.999 [timeTimer] INFO  com.junction.util.TimerUtil - ******   执行结束推流定时任务       BEGIN   ******
2021-08-30 11:06:32.999 [timeTimer] INFO  com.junction.util.TimerUtil - ******   执行定时任务       END     ******
2021-08-30 11:07:32.999 [timeTimer] INFO  com.junction.util.TimerUtil - ******   执行结束推流定时任务       BEGIN   ******
2021-08-30 11:07:32.999 [timeTimer] INFO  com.junction.util.TimerUtil - ******   执行定时任务       END     ******
2021-08-30 11:08:32.999 [timeTimer] INFO  com.junction.util.TimerUtil - ******   执行结束推流定时任务       BEGIN   ******
2021-08-30 11:08:32.999 [timeTimer] INFO  com.junction.util.TimerUtil - ******   执行定时任务       END     ******
2021-08-30 11:09:33.000 [timeTimer] INFO  com.junction.util.TimerUtil - ******   执行结束推流定时任务       BEGIN   ******
2021-08-30 11:09:33.000 [timeTimer] INFO  com.junction.util.TimerUtil - ******   执行定时任务       END     ******
2021-08-30 11:10:33.000 [timeTimer] INFO  com.junction.util.TimerUtil - ******   执行结束推流定时任务       BEGIN   ******
2021-08-30 11:10:33.000 [timeTimer] INFO  com.junction.util.TimerUtil - ******   执行定时任务       END     ******
2021-08-30 11:11:33.000 [timeTimer] INFO  com.junction.util.TimerUtil - ******   执行结束推流定时任务       BEGIN   ******
2021-08-30 11:11:33.000 [timeTimer] INFO  com.junction.util.TimerUtil - ******   执行定时任务       END     ******
2021-08-30 11:12:33.001 [timeTimer] INFO  com.junction.util.TimerUtil - ******   执行结束推流定时任务       BEGIN   ******
2021-08-30 11:12:33.001 [timeTimer] INFO  com.junction.util.TimerUtil - ******   执行定时任务       END     ******
2021-08-30 11:13:33.002 [timeTimer] INFO  com.junction.util.TimerUtil - ******   执行结束推流定时任务       BEGIN   ******
2021-08-30 11:13:33.002 [timeTimer] INFO  com.junction.util.TimerUtil - ******   执行定时任务       END     ******
2021-08-30 11:14:33.002 [timeTimer] INFO  com.junction.util.TimerUtil - ******   执行结束推流定时任务       BEGIN   ******
2021-08-30 11:14:33.002 [timeTimer] INFO  com.junction.util.TimerUtil - ******   执行定时任务       END     ******
2021-08-30 11:15:33.002 [timeTimer] INFO  com.junction.util.TimerUtil - ******   执行结束推流定时任务       BEGIN   ******
2021-08-30 11:15:33.002 [timeTimer] INFO  com.junction.util.TimerUtil - ******   执行定时任务       END     ******
2021-08-30 11:16:33.003 [timeTimer] INFO  com.junction.util.TimerUtil - ******   执行结束推流定时任务       BEGIN   ******
2021-08-30 11:16:33.003 [timeTimer] INFO  com.junction.util.TimerUtil - ******   执行定时任务       END     ******
2021-08-30 11:17:33.003 [timeTimer] INFO  com.junction.util.TimerUtil - ******   执行结束推流定时任务       BEGIN   ******
2021-08-30 11:17:33.003 [timeTimer] INFO  com.junction.util.TimerUtil - ******   执行定时任务       END     ******
2021-08-30 11:18:33.004 [timeTimer] INFO  com.junction.util.TimerUtil - ******   执行结束推流定时任务       BEGIN   ******
2021-08-30 11:18:33.004 [timeTimer] INFO  com.junction.util.TimerUtil - ******   执行定时任务       END     ******
2021-08-30 11:19:33.005 [timeTimer] INFO  com.junction.util.TimerUtil - ******   执行结束推流定时任务       BEGIN   ******
2021-08-30 11:19:33.005 [timeTimer] INFO  com.junction.util.TimerUtil - ******   执行定时任务       END     ******
2021-08-30 11:20:33.005 [timeTimer] INFO  com.junction.util.TimerUtil - ******   执行结束推流定时任务       BEGIN   ******
2021-08-30 11:20:33.005 [timeTimer] INFO  com.junction.util.TimerUtil - ******   执行定时任务       END     ******
2021-08-30 11:21:33.006 [timeTimer] INFO  com.junction.util.TimerUtil - ******   执行结束推流定时任务       BEGIN   ******
2021-08-30 11:21:33.006 [timeTimer] INFO  com.junction.util.TimerUtil - ******   执行定时任务       END     ******
2021-08-30 11:22:33.006 [timeTimer] INFO  com.junction.util.TimerUtil - ******   执行结束推流定时任务       BEGIN   ******
2021-08-30 11:22:33.006 [timeTimer] INFO  com.junction.util.TimerUtil - ******   执行定时任务       END     ******
2021-08-30 11:23:33.007 [timeTimer] INFO  com.junction.util.TimerUtil - ******   执行结束推流定时任务       BEGIN   ******
2021-08-30 11:23:33.007 [timeTimer] INFO  com.junction.util.TimerUtil - ******   执行定时任务       END     ******
2021-08-30 11:24:33.007 [timeTimer] INFO  com.junction.util.TimerUtil - ******   执行结束推流定时任务       BEGIN   ******
2021-08-30 11:24:33.007 [timeTimer] INFO  com.junction.util.TimerUtil - ******   执行定时任务       END     ******
2021-08-30 11:25:33.007 [timeTimer] INFO  com.junction.util.TimerUtil - ******   执行结束推流定时任务       BEGIN   ******
2021-08-30 11:25:33.007 [timeTimer] INFO  com.junction.util.TimerUtil - ******   执行定时任务       END     ******
2021-08-30 11:26:33.008 [timeTimer] INFO  com.junction.util.TimerUtil - ******   执行结束推流定时任务       BEGIN   ******
2021-08-30 11:26:33.008 [timeTimer] INFO  com.junction.util.TimerUtil - ******   执行定时任务       END     ******
2021-08-30 11:27:33.008 [timeTimer] INFO  com.junction.util.TimerUtil - ******   执行结束推流定时任务       BEGIN   ******
2021-08-30 11:27:33.008 [timeTimer] INFO  com.junction.util.TimerUtil - ******   执行定时任务       END     ******
2021-08-30 11:28:33.008 [timeTimer] INFO  com.junction.util.TimerUtil - ******   执行结束推流定时任务       BEGIN   ******
2021-08-30 11:28:33.008 [timeTimer] INFO  com.junction.util.TimerUtil - ******   执行定时任务       END     ******
2021-08-30 11:29:33.009 [timeTimer] INFO  com.junction.util.TimerUtil - ******   执行结束推流定时任务       BEGIN   ******
2021-08-30 11:29:33.009 [timeTimer] INFO  com.junction.util.TimerUtil - ******   执行定时任务       END     ******
2021-08-30 11:30:33.010 [timeTimer] INFO  com.junction.util.TimerUtil - ******   执行结束推流定时任务       BEGIN   ******
2021-08-30 11:30:33.010 [timeTimer] INFO  com.junction.util.TimerUtil - ******   执行定时任务       END     ******
2021-08-30 11:31:33.010 [timeTimer] INFO  com.junction.util.TimerUtil - ******   执行结束推流定时任务       BEGIN   ******
2021-08-30 11:31:33.010 [timeTimer] INFO  com.junction.util.TimerUtil - ******   执行定时任务       END     ******
2021-08-30 11:32:33.011 [timeTimer] INFO  com.junction.util.TimerUtil - ******   执行结束推流定时任务       BEGIN   ******
2021-08-30 11:32:33.011 [timeTimer] INFO  com.junction.util.TimerUtil - ******   执行定时任务       END     ******
2021-08-30 11:33:33.011 [timeTimer] INFO  com.junction.util.TimerUtil - ******   执行结束推流定时任务       BEGIN   ******
2021-08-30 11:33:33.011 [timeTimer] INFO  com.junction.util.TimerUtil - ******   执行定时任务       END     ******
2021-08-30 11:34:33.011 [timeTimer] INFO  com.junction.util.TimerUtil - ******   执行结束推流定时任务       BEGIN   ******
2021-08-30 11:34:33.011 [timeTimer] INFO  com.junction.util.TimerUtil - ******   执行定时任务       END     ******
2021-08-30 11:35:33.012 [timeTimer] INFO  com.junction.util.TimerUtil - ******   执行结束推流定时任务       BEGIN   ******
2021-08-30 11:35:33.012 [timeTimer] INFO  com.junction.util.TimerUtil - ******   执行定时任务       END     ******
2021-08-30 11:36:33.013 [timeTimer] INFO  com.junction.util.TimerUtil - ******   执行结束推流定时任务       BEGIN   ******
2021-08-30 11:36:33.013 [timeTimer] INFO  com.junction.util.TimerUtil - ******   执行定时任务       END     ******
2021-08-30 11:37:33.013 [timeTimer] INFO  com.junction.util.TimerUtil - ******   执行结束推流定时任务       BEGIN   ******
2021-08-30 11:37:33.013 [timeTimer] INFO  com.junction.util.TimerUtil - ******   执行定时任务       END     ******
2021-08-30 11:38:33.014 [timeTimer] INFO  com.junction.util.TimerUtil - ******   执行结束推流定时任务       BEGIN   ******
2021-08-30 11:38:33.014 [timeTimer] INFO  com.junction.util.TimerUtil - ******   执行定时任务       END     ******
2021-08-30 11:39:33.014 [timeTimer] INFO  com.junction.util.TimerUtil - ******   执行结束推流定时任务       BEGIN   ******
2021-08-30 11:39:33.014 [timeTimer] INFO  com.junction.util.TimerUtil - ******   执行定时任务       END     ******
2021-08-30 11:40:33.015 [timeTimer] INFO  com.junction.util.TimerUtil - ******   执行结束推流定时任务       BEGIN   ******
2021-08-30 11:40:33.015 [timeTimer] INFO  com.junction.util.TimerUtil - ******   执行定时任务       END     ******
2021-08-30 11:41:33.015 [timeTimer] INFO  com.junction.util.TimerUtil - ******   执行结束推流定时任务       BEGIN   ******
2021-08-30 11:41:33.015 [timeTimer] INFO  com.junction.util.TimerUtil - ******   执行定时任务       END     ******
2021-08-30 11:42:33.015 [timeTimer] INFO  com.junction.util.TimerUtil - ******   执行结束推流定时任务       BEGIN   ******
2021-08-30 11:42:33.015 [timeTimer] INFO  com.junction.util.TimerUtil - ******   执行定时任务       END     ******
2021-08-30 11:43:33.015 [timeTimer] INFO  com.junction.util.TimerUtil - ******   执行结束推流定时任务       BEGIN   ******
2021-08-30 11:43:33.015 [timeTimer] INFO  com.junction.util.TimerUtil - ******   执行定时任务       END     ******
2021-08-30 11:44:33.015 [timeTimer] INFO  com.junction.util.TimerUtil - ******   执行结束推流定时任务       BEGIN   ******
2021-08-30 11:44:33.015 [timeTimer] INFO  com.junction.util.TimerUtil - ******   执行定时任务       END     ******
2021-08-30 11:45:33.016 [timeTimer] INFO  com.junction.util.TimerUtil - ******   执行结束推流定时任务       BEGIN   ******
2021-08-30 11:45:33.016 [timeTimer] INFO  com.junction.util.TimerUtil - ******   执行定时任务       END     ******
2021-08-30 11:46:33.016 [timeTimer] INFO  com.junction.util.TimerUtil - ******   执行结束推流定时任务       BEGIN   ******
2021-08-30 11:46:33.016 [timeTimer] INFO  com.junction.util.TimerUtil - ******   执行定时任务       END     ******
2021-08-30 11:47:33.017 [timeTimer] INFO  com.junction.util.TimerUtil - ******   执行结束推流定时任务       BEGIN   ******
2021-08-30 11:47:33.017 [timeTimer] INFO  com.junction.util.TimerUtil - ******   执行定时任务       END     ******
2021-08-30 11:48:33.017 [timeTimer] INFO  com.junction.util.TimerUtil - ******   执行结束推流定时任务       BEGIN   ******
2021-08-30 11:48:33.017 [timeTimer] INFO  com.junction.util.TimerUtil - ******   执行定时任务       END     ******
2021-08-30 11:49:33.017 [timeTimer] INFO  com.junction.util.TimerUtil - ******   执行结束推流定时任务       BEGIN   ******
2021-08-30 11:49:33.017 [timeTimer] INFO  com.junction.util.TimerUtil - ******   执行定时任务       END     ******
2021-08-30 11:50:33.018 [timeTimer] INFO  com.junction.util.TimerUtil - ******   执行结束推流定时任务       BEGIN   ******
2021-08-30 11:50:33.018 [timeTimer] INFO  com.junction.util.TimerUtil - ******   执行定时任务       END     ******
2021-08-30 11:51:33.018 [timeTimer] INFO  com.junction.util.TimerUtil - ******   执行结束推流定时任务       BEGIN   ******
2021-08-30 11:51:33.018 [timeTimer] INFO  com.junction.util.TimerUtil - ******   执行定时任务       END     ******
2021-08-30 11:52:33.019 [timeTimer] INFO  com.junction.util.TimerUtil - ******   执行结束推流定时任务       BEGIN   ******
2021-08-30 11:52:33.019 [timeTimer] INFO  com.junction.util.TimerUtil - ******   执行定时任务       END     ******
2021-08-30 11:53:33.019 [timeTimer] INFO  com.junction.util.TimerUtil - ******   执行结束推流定时任务       BEGIN   ******
2021-08-30 11:53:33.019 [timeTimer] INFO  com.junction.util.TimerUtil - ******   执行定时任务       END     ******
2021-08-30 11:54:33.019 [timeTimer] INFO  com.junction.util.TimerUtil - ******   执行结束推流定时任务       BEGIN   ******
2021-08-30 11:54:33.019 [timeTimer] INFO  com.junction.util.TimerUtil - ******   执行定时任务       END     ******
2021-08-30 11:55:33.019 [timeTimer] INFO  com.junction.util.TimerUtil - ******   执行结束推流定时任务       BEGIN   ******
2021-08-30 11:55:33.019 [timeTimer] INFO  com.junction.util.TimerUtil - ******   执行定时任务       END     ******
2021-08-30 11:56:33.019 [timeTimer] INFO  com.junction.util.TimerUtil - ******   执行结束推流定时任务       BEGIN   ******
2021-08-30 11:56:33.019 [timeTimer] INFO  com.junction.util.TimerUtil - ******   执行定时任务       END     ******
2021-08-30 11:57:33.019 [timeTimer] INFO  com.junction.util.TimerUtil - ******   执行结束推流定时任务       BEGIN   ******
2021-08-30 11:57:33.019 [timeTimer] INFO  com.junction.util.TimerUtil - ******   执行定时任务       END     ******
2021-08-30 11:58:33.020 [timeTimer] INFO  com.junction.util.TimerUtil - ******   执行结束推流定时任务       BEGIN   ******
2021-08-30 11:58:33.020 [timeTimer] INFO  com.junction.util.TimerUtil - ******   执行定时任务       END     ******
2021-08-30 11:59:33.021 [timeTimer] INFO  com.junction.util.TimerUtil - ******   执行结束推流定时任务       BEGIN   ******
2021-08-30 11:59:33.021 [timeTimer] INFO  com.junction.util.TimerUtil - ******   执行定时任务       END     ******
2021-08-30 12:00:33.022 [timeTimer] INFO  com.junction.util.TimerUtil - ******   执行结束推流定时任务       BEGIN   ******
2021-08-30 12:00:33.022 [timeTimer] INFO  com.junction.util.TimerUtil - ******   执行定时任务       END     ******
2021-08-30 12:01:33.022 [timeTimer] INFO  com.junction.util.TimerUtil - ******   执行结束推流定时任务       BEGIN   ******
2021-08-30 12:01:33.022 [timeTimer] INFO  com.junction.util.TimerUtil - ******   执行定时任务       END     ******
2021-08-30 12:02:33.022 [timeTimer] INFO  com.junction.util.TimerUtil - ******   执行结束推流定时任务       BEGIN   ******
2021-08-30 12:02:33.022 [timeTimer] INFO  com.junction.util.TimerUtil - ******   执行定时任务       END     ******
2021-08-30 12:03:33.023 [timeTimer] INFO  com.junction.util.TimerUtil - ******   执行结束推流定时任务       BEGIN   ******
2021-08-30 12:03:33.023 [timeTimer] INFO  com.junction.util.TimerUtil - ******   执行定时任务       END     ******
2021-08-30 12:04:33.024 [timeTimer] INFO  com.junction.util.TimerUtil - ******   执行结束推流定时任务       BEGIN   ******
2021-08-30 12:04:33.024 [timeTimer] INFO  com.junction.util.TimerUtil - ******   执行定时任务       END     ******
2021-08-30 12:05:33.024 [timeTimer] INFO  com.junction.util.TimerUtil - ******   执行结束推流定时任务       BEGIN   ******
2021-08-30 12:05:33.024 [timeTimer] INFO  com.junction.util.TimerUtil - ******   执行定时任务       END     ******
2021-08-30 12:06:33.024 [timeTimer] INFO  com.junction.util.TimerUtil - ******   执行结束推流定时任务       BEGIN   ******
2021-08-30 12:06:33.024 [timeTimer] INFO  com.junction.util.TimerUtil - ******   执行定时任务       END     ******
2021-08-30 12:07:33.024 [timeTimer] INFO  com.junction.util.TimerUtil - ******   执行结束推流定时任务       BEGIN   ******
2021-08-30 12:07:33.024 [timeTimer] INFO  com.junction.util.TimerUtil - ******   执行定时任务       END     ******
2021-08-30 12:08:33.025 [timeTimer] INFO  com.junction.util.TimerUtil - ******   执行结束推流定时任务       BEGIN   ******
2021-08-30 12:08:33.025 [timeTimer] INFO  com.junction.util.TimerUtil - ******   执行定时任务       END     ******
2021-08-30 12:09:33.025 [timeTimer] INFO  com.junction.util.TimerUtil - ******   执行结束推流定时任务       BEGIN   ******
2021-08-30 12:09:33.025 [timeTimer] INFO  com.junction.util.TimerUtil - ******   执行定时任务       END     ******
2021-08-30 12:10:33.025 [timeTimer] INFO  com.junction.util.TimerUtil - ******   执行结束推流定时任务       BEGIN   ******
2021-08-30 12:10:33.025 [timeTimer] INFO  com.junction.util.TimerUtil - ******   执行定时任务       END     ******
2021-08-30 12:11:33.026 [timeTimer] INFO  com.junction.util.TimerUtil - ******   执行结束推流定时任务       BEGIN   ******
2021-08-30 12:11:33.026 [timeTimer] INFO  com.junction.util.TimerUtil - ******   执行定时任务       END     ******
2021-08-30 12:12:33.027 [timeTimer] INFO  com.junction.util.TimerUtil - ******   执行结束推流定时任务       BEGIN   ******
2021-08-30 12:12:33.027 [timeTimer] INFO  com.junction.util.TimerUtil - ******   执行定时任务       END     ******
2021-08-30 12:13:33.028 [timeTimer] INFO  com.junction.util.TimerUtil - ******   执行结束推流定时任务       BEGIN   ******
2021-08-30 12:13:33.028 [timeTimer] INFO  com.junction.util.TimerUtil - ******   执行定时任务       END     ******
2021-08-30 12:14:33.028 [timeTimer] INFO  com.junction.util.TimerUtil - ******   执行结束推流定时任务       BEGIN   ******
2021-08-30 12:14:33.028 [timeTimer] INFO  com.junction.util.TimerUtil - ******   执行定时任务       END     ******
2021-08-30 12:15:33.029 [timeTimer] INFO  com.junction.util.TimerUtil - ******   执行结束推流定时任务       BEGIN   ******
2021-08-30 12:15:33.029 [timeTimer] INFO  com.junction.util.TimerUtil - ******   执行定时任务       END     ******
2021-08-30 12:16:33.029 [timeTimer] INFO  com.junction.util.TimerUtil - ******   执行结束推流定时任务       BEGIN   ******
2021-08-30 12:16:33.029 [timeTimer] INFO  com.junction.util.TimerUtil - ******   执行定时任务       END     ******
2021-08-30 12:17:33.029 [timeTimer] INFO  com.junction.util.TimerUtil - ******   执行结束推流定时任务       BEGIN   ******
2021-08-30 12:17:33.029 [timeTimer] INFO  com.junction.util.TimerUtil - ******   执行定时任务       END     ******
2021-08-30 12:18:33.030 [timeTimer] INFO  com.junction.util.TimerUtil - ******   执行结束推流定时任务       BEGIN   ******
2021-08-30 12:18:33.030 [timeTimer] INFO  com.junction.util.TimerUtil - ******   执行定时任务       END     ******
2021-08-30 12:19:33.031 [timeTimer] INFO  com.junction.util.TimerUtil - ******   执行结束推流定时任务       BEGIN   ******
2021-08-30 12:19:33.031 [timeTimer] INFO  com.junction.util.TimerUtil - ******   执行定时任务       END     ******
2021-08-30 12:20:33.031 [timeTimer] INFO  com.junction.util.TimerUtil - ******   执行结束推流定时任务       BEGIN   ******
2021-08-30 12:20:33.031 [timeTimer] INFO  com.junction.util.TimerUtil - ******   执行定时任务       END     ******
2021-08-30 12:21:33.031 [timeTimer] INFO  com.junction.util.TimerUtil - ******   执行结束推流定时任务       BEGIN   ******
2021-08-30 12:21:33.031 [timeTimer] INFO  com.junction.util.TimerUtil - ******   执行定时任务       END     ******
2021-08-30 12:22:33.032 [timeTimer] INFO  com.junction.util.TimerUtil - ******   执行结束推流定时任务       BEGIN   ******
2021-08-30 12:22:33.032 [timeTimer] INFO  com.junction.util.TimerUtil - ******   执行定时任务       END     ******
2021-08-30 12:23:33.032 [timeTimer] INFO  com.junction.util.TimerUtil - ******   执行结束推流定时任务       BEGIN   ******
2021-08-30 12:23:33.032 [timeTimer] INFO  com.junction.util.TimerUtil - ******   执行定时任务       END     ******
2021-08-30 12:24:33.033 [timeTimer] INFO  com.junction.util.TimerUtil - ******   执行结束推流定时任务       BEGIN   ******
2021-08-30 12:24:33.033 [timeTimer] INFO  com.junction.util.TimerUtil - ******   执行定时任务       END     ******
2021-08-30 12:25:33.033 [timeTimer] INFO  com.junction.util.TimerUtil - ******   执行结束推流定时任务       BEGIN   ******
2021-08-30 12:25:33.033 [timeTimer] INFO  com.junction.util.TimerUtil - ******   执行定时任务       END     ******
2021-08-30 12:26:33.034 [timeTimer] INFO  com.junction.util.TimerUtil - ******   执行结束推流定时任务       BEGIN   ******
2021-08-30 12:26:33.034 [timeTimer] INFO  com.junction.util.TimerUtil - ******   执行定时任务       END     ******
2021-08-30 12:27:33.035 [timeTimer] INFO  com.junction.util.TimerUtil - ******   执行结束推流定时任务       BEGIN   ******
2021-08-30 12:27:33.035 [timeTimer] INFO  com.junction.util.TimerUtil - ******   执行定时任务       END     ******
2021-08-30 12:28:33.035 [timeTimer] INFO  com.junction.util.TimerUtil - ******   执行结束推流定时任务       BEGIN   ******
2021-08-30 12:28:33.035 [timeTimer] INFO  com.junction.util.TimerUtil - ******   执行定时任务       END     ******
2021-08-30 12:29:33.035 [timeTimer] INFO  com.junction.util.TimerUtil - ******   执行结束推流定时任务       BEGIN   ******
2021-08-30 12:29:33.035 [timeTimer] INFO  com.junction.util.TimerUtil - ******   执行定时任务       END     ******
2021-08-30 12:30:33.036 [timeTimer] INFO  com.junction.util.TimerUtil - ******   执行结束推流定时任务       BEGIN   ******
2021-08-30 12:30:33.036 [timeTimer] INFO  com.junction.util.TimerUtil - ******   执行定时任务       END     ******
2021-08-30 12:31:33.036 [timeTimer] INFO  com.junction.util.TimerUtil - ******   执行结束推流定时任务       BEGIN   ******
2021-08-30 12:31:33.036 [timeTimer] INFO  com.junction.util.TimerUtil - ******   执行定时任务       END     ******
2021-08-30 12:32:33.037 [timeTimer] INFO  com.junction.util.TimerUtil - ******   执行结束推流定时任务       BEGIN   ******
2021-08-30 12:32:33.037 [timeTimer] INFO  com.junction.util.TimerUtil - ******   执行定时任务       END     ******
2021-08-30 12:33:33.037 [timeTimer] INFO  com.junction.util.TimerUtil - ******   执行结束推流定时任务       BEGIN   ******
2021-08-30 12:33:33.037 [timeTimer] INFO  com.junction.util.TimerUtil - ******   执行定时任务       END     ******
2021-08-30 12:34:33.038 [timeTimer] INFO  com.junction.util.TimerUtil - ******   执行结束推流定时任务       BEGIN   ******
2021-08-30 12:34:33.038 [timeTimer] INFO  com.junction.util.TimerUtil - ******   执行定时任务       END     ******
2021-08-30 12:35:33.038 [timeTimer] INFO  com.junction.util.TimerUtil - ******   执行结束推流定时任务       BEGIN   ******
2021-08-30 12:35:33.038 [timeTimer] INFO  com.junction.util.TimerUtil - ******   执行定时任务       END     ******
2021-08-30 12:36:33.039 [timeTimer] INFO  com.junction.util.TimerUtil - ******   执行结束推流定时任务       BEGIN   ******
2021-08-30 12:36:33.039 [timeTimer] INFO  com.junction.util.TimerUtil - ******   执行定时任务       END     ******
2021-08-30 12:37:33.039 [timeTimer] INFO  com.junction.util.TimerUtil - ******   执行结束推流定时任务       BEGIN   ******
2021-08-30 12:37:33.039 [timeTimer] INFO  com.junction.util.TimerUtil - ******   执行定时任务       END     ******
2021-08-30 12:38:33.039 [timeTimer] INFO  com.junction.util.TimerUtil - ******   执行结束推流定时任务       BEGIN   ******
2021-08-30 12:38:33.039 [timeTimer] INFO  com.junction.util.TimerUtil - ******   执行定时任务       END     ******
2021-08-30 12:39:33.039 [timeTimer] INFO  com.junction.util.TimerUtil - ******   执行结束推流定时任务       BEGIN   ******
2021-08-30 12:39:33.039 [timeTimer] INFO  com.junction.util.TimerUtil - ******   执行定时任务       END     ******
2021-08-30 12:40:33.039 [timeTimer] INFO  com.junction.util.TimerUtil - ******   执行结束推流定时任务       BEGIN   ******
2021-08-30 12:40:33.039 [timeTimer] INFO  com.junction.util.TimerUtil - ******   执行定时任务       END     ******
2021-08-30 12:41:33.039 [timeTimer] INFO  com.junction.util.TimerUtil - ******   执行结束推流定时任务       BEGIN   ******
2021-08-30 12:41:33.039 [timeTimer] INFO  com.junction.util.TimerUtil - ******   执行定时任务       END     ******
2021-08-30 12:42:33.040 [timeTimer] INFO  com.junction.util.TimerUtil - ******   执行结束推流定时任务       BEGIN   ******
2021-08-30 12:42:33.040 [timeTimer] INFO  com.junction.util.TimerUtil - ******   执行定时任务       END     ******
2021-08-30 12:43:33.040 [timeTimer] INFO  com.junction.util.TimerUtil - ******   执行结束推流定时任务       BEGIN   ******
2021-08-30 12:43:33.040 [timeTimer] INFO  com.junction.util.TimerUtil - ******   执行定时任务       END     ******
2021-08-30 12:44:33.040 [timeTimer] INFO  com.junction.util.TimerUtil - ******   执行结束推流定时任务       BEGIN   ******
2021-08-30 12:44:33.040 [timeTimer] INFO  com.junction.util.TimerUtil - ******   执行定时任务       END     ******
2021-08-30 12:45:33.040 [timeTimer] INFO  com.junction.util.TimerUtil - ******   执行结束推流定时任务       BEGIN   ******
2021-08-30 12:45:33.040 [timeTimer] INFO  com.junction.util.TimerUtil - ******   执行定时任务       END     ******
2021-08-30 12:46:33.041 [timeTimer] INFO  com.junction.util.TimerUtil - ******   执行结束推流定时任务       BEGIN   ******
2021-08-30 12:46:33.041 [timeTimer] INFO  com.junction.util.TimerUtil - ******   执行定时任务       END     ******
2021-08-30 12:47:33.042 [timeTimer] INFO  com.junction.util.TimerUtil - ******   执行结束推流定时任务       BEGIN   ******
2021-08-30 12:47:33.042 [timeTimer] INFO  com.junction.util.TimerUtil - ******   执行定时任务       END     ******
2021-08-30 12:48:33.042 [timeTimer] INFO  com.junction.util.TimerUtil - ******   执行结束推流定时任务       BEGIN   ******
2021-08-30 12:48:33.042 [timeTimer] INFO  com.junction.util.TimerUtil - ******   执行定时任务       END     ******
2021-08-30 12:49:33.042 [timeTimer] INFO  com.junction.util.TimerUtil - ******   执行结束推流定时任务       BEGIN   ******
2021-08-30 12:49:33.042 [timeTimer] INFO  com.junction.util.TimerUtil - ******   执行定时任务       END     ******
2021-08-30 12:50:33.042 [timeTimer] INFO  com.junction.util.TimerUtil - ******   执行结束推流定时任务       BEGIN   ******
2021-08-30 12:50:33.042 [timeTimer] INFO  com.junction.util.TimerUtil - ******   执行定时任务       END     ******
2021-08-30 12:51:33.043 [timeTimer] INFO  com.junction.util.TimerUtil - ******   执行结束推流定时任务       BEGIN   ******
2021-08-30 12:51:33.043 [timeTimer] INFO  com.junction.util.TimerUtil - ******   执行定时任务       END     ******
2021-08-30 12:52:33.043 [timeTimer] INFO  com.junction.util.TimerUtil - ******   执行结束推流定时任务       BEGIN   ******
2021-08-30 12:52:33.043 [timeTimer] INFO  com.junction.util.TimerUtil - ******   执行定时任务       END     ******
2021-08-30 12:53:33.043 [timeTimer] INFO  com.junction.util.TimerUtil - ******   执行结束推流定时任务       BEGIN   ******
2021-08-30 12:53:33.043 [timeTimer] INFO  com.junction.util.TimerUtil - ******   执行定时任务       END     ******
2021-08-30 12:54:33.043 [timeTimer] INFO  com.junction.util.TimerUtil - ******   执行结束推流定时任务       BEGIN   ******
2021-08-30 12:54:33.043 [timeTimer] INFO  com.junction.util.TimerUtil - ******   执行定时任务       END     ******
2021-08-30 12:55:33.044 [timeTimer] INFO  com.junction.util.TimerUtil - ******   执行结束推流定时任务       BEGIN   ******
2021-08-30 12:55:33.044 [timeTimer] INFO  com.junction.util.TimerUtil - ******   执行定时任务       END     ******
2021-08-30 12:56:33.044 [timeTimer] INFO  com.junction.util.TimerUtil - ******   执行结束推流定时任务       BEGIN   ******
2021-08-30 12:56:33.044 [timeTimer] INFO  com.junction.util.TimerUtil - ******   执行定时任务       END     ******
2021-08-30 12:57:33.045 [timeTimer] INFO  com.junction.util.TimerUtil - ******   执行结束推流定时任务       BEGIN   ******
2021-08-30 12:57:33.045 [timeTimer] INFO  com.junction.util.TimerUtil - ******   执行定时任务       END     ******
2021-08-30 12:58:33.045 [timeTimer] INFO  com.junction.util.TimerUtil - ******   执行结束推流定时任务       BEGIN   ******
2021-08-30 12:58:33.045 [timeTimer] INFO  com.junction.util.TimerUtil - ******   执行定时任务       END     ******
2021-08-30 12:59:33.046 [timeTimer] INFO  com.junction.util.TimerUtil - ******   执行结束推流定时任务       BEGIN   ******
2021-08-30 12:59:33.046 [timeTimer] INFO  com.junction.util.TimerUtil - ******   执行定时任务       END     ******
2021-08-30 13:00:33.046 [timeTimer] INFO  com.junction.util.TimerUtil - ******   执行结束推流定时任务       BEGIN   ******
2021-08-30 13:00:33.046 [timeTimer] INFO  com.junction.util.TimerUtil - ******   执行定时任务       END     ******
2021-08-30 13:01:33.046 [timeTimer] INFO  com.junction.util.TimerUtil - ******   执行结束推流定时任务       BEGIN   ******
2021-08-30 13:01:33.046 [timeTimer] INFO  com.junction.util.TimerUtil - ******   执行定时任务       END     ******
2021-08-30 13:02:33.046 [timeTimer] INFO  com.junction.util.TimerUtil - ******   执行结束推流定时任务       BEGIN   ******
2021-08-30 13:02:33.046 [timeTimer] INFO  com.junction.util.TimerUtil - ******   执行定时任务       END     ******
2021-08-30 13:03:33.046 [timeTimer] INFO  com.junction.util.TimerUtil - ******   执行结束推流定时任务       BEGIN   ******
2021-08-30 13:03:33.046 [timeTimer] INFO  com.junction.util.TimerUtil - ******   执行定时任务       END     ******
2021-08-30 13:04:33.047 [timeTimer] INFO  com.junction.util.TimerUtil - ******   执行结束推流定时任务       BEGIN   ******
2021-08-30 13:04:33.047 [timeTimer] INFO  com.junction.util.TimerUtil - ******   执行定时任务       END     ******
2021-08-30 13:05:33.047 [timeTimer] INFO  com.junction.util.TimerUtil - ******   执行结束推流定时任务       BEGIN   ******
2021-08-30 13:05:33.047 [timeTimer] INFO  com.junction.util.TimerUtil - ******   执行定时任务       END     ******
2021-08-30 13:06:33.047 [timeTimer] INFO  com.junction.util.TimerUtil - ******   执行结束推流定时任务       BEGIN   ******
2021-08-30 13:06:33.047 [timeTimer] INFO  com.junction.util.TimerUtil - ******   执行定时任务       END     ******
2021-08-30 13:07:33.047 [timeTimer] INFO  com.junction.util.TimerUtil - ******   执行结束推流定时任务       BEGIN   ******
2021-08-30 13:07:33.047 [timeTimer] INFO  com.junction.util.TimerUtil - ******   执行定时任务       END     ******
2021-08-30 13:08:33.047 [timeTimer] INFO  com.junction.util.TimerUtil - ******   执行结束推流定时任务       BEGIN   ******
2021-08-30 13:08:33.047 [timeTimer] INFO  com.junction.util.TimerUtil - ******   执行定时任务       END     ******
2021-08-30 13:09:33.047 [timeTimer] INFO  com.junction.util.TimerUtil - ******   执行结束推流定时任务       BEGIN   ******
2021-08-30 13:09:33.047 [timeTimer] INFO  com.junction.util.TimerUtil - ******   执行定时任务       END     ******
2021-08-30 13:10:33.048 [timeTimer] INFO  com.junction.util.TimerUtil - ******   执行结束推流定时任务       BEGIN   ******
2021-08-30 13:10:33.048 [timeTimer] INFO  com.junction.util.TimerUtil - ******   执行定时任务       END     ******
2021-08-30 13:11:33.049 [timeTimer] INFO  com.junction.util.TimerUtil - ******   执行结束推流定时任务       BEGIN   ******
2021-08-30 13:11:33.049 [timeTimer] INFO  com.junction.util.TimerUtil - ******   执行定时任务       END     ******
2021-08-30 13:12:33.049 [timeTimer] INFO  com.junction.util.TimerUtil - ******   执行结束推流定时任务       BEGIN   ******
2021-08-30 13:12:33.049 [timeTimer] INFO  com.junction.util.TimerUtil - ******   执行定时任务       END     ******
2021-08-30 13:13:33.050 [timeTimer] INFO  com.junction.util.TimerUtil - ******   执行结束推流定时任务       BEGIN   ******
2021-08-30 13:13:33.050 [timeTimer] INFO  com.junction.util.TimerUtil - ******   执行定时任务       END     ******
2021-08-30 13:14:33.050 [timeTimer] INFO  com.junction.util.TimerUtil - ******   执行结束推流定时任务       BEGIN   ******
2021-08-30 13:14:33.050 [timeTimer] INFO  com.junction.util.TimerUtil - ******   执行定时任务       END     ******
2021-08-30 13:15:33.050 [timeTimer] INFO  com.junction.util.TimerUtil - ******   执行结束推流定时任务       BEGIN   ******
2021-08-30 13:15:33.050 [timeTimer] INFO  com.junction.util.TimerUtil - ******   执行定时任务       END     ******
2021-08-30 13:16:33.050 [timeTimer] INFO  com.junction.util.TimerUtil - ******   执行结束推流定时任务       BEGIN   ******
2021-08-30 13:16:33.050 [timeTimer] INFO  com.junction.util.TimerUtil - ******   执行定时任务       END     ******
2021-08-30 13:17:33.051 [timeTimer] INFO  com.junction.util.TimerUtil - ******   执行结束推流定时任务       BEGIN   ******
2021-08-30 13:17:33.051 [timeTimer] INFO  com.junction.util.TimerUtil - ******   执行定时任务       END     ******
2021-08-30 13:18:33.051 [timeTimer] INFO  com.junction.util.TimerUtil - ******   执行结束推流定时任务       BEGIN   ******
2021-08-30 13:18:33.051 [timeTimer] INFO  com.junction.util.TimerUtil - ******   执行定时任务       END     ******
2021-08-30 13:19:33.052 [timeTimer] INFO  com.junction.util.TimerUtil - ******   执行结束推流定时任务       BEGIN   ******
2021-08-30 13:19:33.052 [timeTimer] INFO  com.junction.util.TimerUtil - ******   执行定时任务       END     ******
2021-08-30 13:20:33.053 [timeTimer] INFO  com.junction.util.TimerUtil - ******   执行结束推流定时任务       BEGIN   ******
2021-08-30 13:20:33.053 [timeTimer] INFO  com.junction.util.TimerUtil - ******   执行定时任务       END     ******
2021-08-30 13:21:33.053 [timeTimer] INFO  com.junction.util.TimerUtil - ******   执行结束推流定时任务       BEGIN   ******
2021-08-30 13:21:33.053 [timeTimer] INFO  com.junction.util.TimerUtil - ******   执行定时任务       END     ******
2021-08-30 13:22:33.054 [timeTimer] INFO  com.junction.util.TimerUtil - ******   执行结束推流定时任务       BEGIN   ******
2021-08-30 13:22:33.054 [timeTimer] INFO  com.junction.util.TimerUtil - ******   执行定时任务       END     ******
2021-08-30 13:23:33.054 [timeTimer] INFO  com.junction.util.TimerUtil - ******   执行结束推流定时任务       BEGIN   ******
2021-08-30 13:23:33.054 [timeTimer] INFO  com.junction.util.TimerUtil - ******   执行定时任务       END     ******
2021-08-30 13:24:33.054 [timeTimer] INFO  com.junction.util.TimerUtil - ******   执行结束推流定时任务       BEGIN   ******
2021-08-30 13:24:33.054 [timeTimer] INFO  com.junction.util.TimerUtil - ******   执行定时任务       END     ******
2021-08-30 13:25:33.054 [timeTimer] INFO  com.junction.util.TimerUtil - ******   执行结束推流定时任务       BEGIN   ******
2021-08-30 13:25:33.054 [timeTimer] INFO  com.junction.util.TimerUtil - ******   执行定时任务       END     ******
2021-08-30 13:26:33.055 [timeTimer] INFO  com.junction.util.TimerUtil - ******   执行结束推流定时任务       BEGIN   ******
2021-08-30 13:26:33.055 [timeTimer] INFO  com.junction.util.TimerUtil - ******   执行定时任务       END     ******
2021-08-30 13:27:33.055 [timeTimer] INFO  com.junction.util.TimerUtil - ******   执行结束推流定时任务       BEGIN   ******
2021-08-30 13:27:33.055 [timeTimer] INFO  com.junction.util.TimerUtil - ******   执行定时任务       END     ******
2021-08-30 13:28:33.055 [timeTimer] INFO  com.junction.util.TimerUtil - ******   执行结束推流定时任务       BEGIN   ******
2021-08-30 13:28:33.055 [timeTimer] INFO  com.junction.util.TimerUtil - ******   执行定时任务       END     ******
2021-08-30 13:29:33.055 [timeTimer] INFO  com.junction.util.TimerUtil - ******   执行结束推流定时任务       BEGIN   ******
2021-08-30 13:29:33.055 [timeTimer] INFO  com.junction.util.TimerUtil - ******   执行定时任务       END     ******
2021-08-30 13:30:33.056 [timeTimer] INFO  com.junction.util.TimerUtil - ******   执行结束推流定时任务       BEGIN   ******
2021-08-30 13:30:33.056 [timeTimer] INFO  com.junction.util.TimerUtil - ******   执行定时任务       END     ******
2021-08-30 13:31:33.056 [timeTimer] INFO  com.junction.util.TimerUtil - ******   执行结束推流定时任务       BEGIN   ******
2021-08-30 13:31:33.056 [timeTimer] INFO  com.junction.util.TimerUtil - ******   执行定时任务       END     ******
2021-08-30 13:32:33.057 [timeTimer] INFO  com.junction.util.TimerUtil - ******   执行结束推流定时任务       BEGIN   ******
2021-08-30 13:32:33.057 [timeTimer] INFO  com.junction.util.TimerUtil - ******   执行定时任务       END     ******
2021-08-30 13:33:33.057 [timeTimer] INFO  com.junction.util.TimerUtil - ******   执行结束推流定时任务       BEGIN   ******
2021-08-30 13:33:33.057 [timeTimer] INFO  com.junction.util.TimerUtil - ******   执行定时任务       END     ******
2021-08-30 13:34:33.057 [timeTimer] INFO  com.junction.util.TimerUtil - ******   执行结束推流定时任务       BEGIN   ******
2021-08-30 13:34:33.057 [timeTimer] INFO  com.junction.util.TimerUtil - ******   执行定时任务       END     ******
2021-08-30 13:35:33.058 [timeTimer] INFO  com.junction.util.TimerUtil - ******   执行结束推流定时任务       BEGIN   ******
2021-08-30 13:35:33.058 [timeTimer] INFO  com.junction.util.TimerUtil - ******   执行定时任务       END     ******
2021-08-30 13:36:33.058 [timeTimer] INFO  com.junction.util.TimerUtil - ******   执行结束推流定时任务       BEGIN   ******
2021-08-30 13:36:33.058 [timeTimer] INFO  com.junction.util.TimerUtil - ******   执行定时任务       END     ******
2021-08-30 13:37:33.058 [timeTimer] INFO  com.junction.util.TimerUtil - ******   执行结束推流定时任务       BEGIN   ******
2021-08-30 13:37:33.058 [timeTimer] INFO  com.junction.util.TimerUtil - ******   执行定时任务       END     ******
2021-08-30 13:38:33.059 [timeTimer] INFO  com.junction.util.TimerUtil - ******   执行结束推流定时任务       BEGIN   ******
2021-08-30 13:38:33.059 [timeTimer] INFO  com.junction.util.TimerUtil - ******   执行定时任务       END     ******
2021-08-30 13:39:33.060 [timeTimer] INFO  com.junction.util.TimerUtil - ******   执行结束推流定时任务       BEGIN   ******
2021-08-30 13:39:33.060 [timeTimer] INFO  com.junction.util.TimerUtil - ******   执行定时任务       END     ******
2021-08-30 13:40:33.060 [timeTimer] INFO  com.junction.util.TimerUtil - ******   执行结束推流定时任务       BEGIN   ******
2021-08-30 13:40:33.060 [timeTimer] INFO  com.junction.util.TimerUtil - ******   执行定时任务       END     ******
2021-08-30 13:41:33.061 [timeTimer] INFO  com.junction.util.TimerUtil - ******   执行结束推流定时任务       BEGIN   ******
2021-08-30 13:41:33.061 [timeTimer] INFO  com.junction.util.TimerUtil - ******   执行定时任务       END     ******
2021-08-30 13:42:33.061 [timeTimer] INFO  com.junction.util.TimerUtil - ******   执行结束推流定时任务       BEGIN   ******
2021-08-30 13:42:33.061 [timeTimer] INFO  com.junction.util.TimerUtil - ******   执行定时任务       END     ******
2021-08-30 13:43:33.061 [timeTimer] INFO  com.junction.util.TimerUtil - ******   执行结束推流定时任务       BEGIN   ******
2021-08-30 13:43:33.061 [timeTimer] INFO  com.junction.util.TimerUtil - ******   执行定时任务       END     ******
2021-08-30 13:44:33.062 [timeTimer] INFO  com.junction.util.TimerUtil - ******   执行结束推流定时任务       BEGIN   ******
2021-08-30 13:44:33.062 [timeTimer] INFO  com.junction.util.TimerUtil - ******   执行定时任务       END     ******
2021-08-30 13:45:33.062 [timeTimer] INFO  com.junction.util.TimerUtil - ******   执行结束推流定时任务       BEGIN   ******
2021-08-30 13:45:33.062 [timeTimer] INFO  com.junction.util.TimerUtil - ******   执行定时任务       END     ******
2021-08-30 13:46:33.063 [timeTimer] INFO  com.junction.util.TimerUtil - ******   执行结束推流定时任务       BEGIN   ******
2021-08-30 13:46:33.063 [timeTimer] INFO  com.junction.util.TimerUtil - ******   执行定时任务       END     ******
2021-08-30 13:47:33.064 [timeTimer] INFO  com.junction.util.TimerUtil - ******   执行结束推流定时任务       BEGIN   ******
2021-08-30 13:47:33.064 [timeTimer] INFO  com.junction.util.TimerUtil - ******   执行定时任务       END     ******
2021-08-30 13:48:33.064 [timeTimer] INFO  com.junction.util.TimerUtil - ******   执行结束推流定时任务       BEGIN   ******
2021-08-30 13:48:33.064 [timeTimer] INFO  com.junction.util.TimerUtil - ******   执行定时任务       END     ******
2021-08-30 13:49:33.065 [timeTimer] INFO  com.junction.util.TimerUtil - ******   执行结束推流定时任务       BEGIN   ******
2021-08-30 13:49:33.065 [timeTimer] INFO  com.junction.util.TimerUtil - ******   执行定时任务       END     ******
2021-08-30 13:50:33.065 [timeTimer] INFO  com.junction.util.TimerUtil - ******   执行结束推流定时任务       BEGIN   ******
2021-08-30 13:50:33.065 [timeTimer] INFO  com.junction.util.TimerUtil - ******   执行定时任务       END     ******
2021-08-30 13:51:33.065 [timeTimer] INFO  com.junction.util.TimerUtil - ******   执行结束推流定时任务       BEGIN   ******
2021-08-30 13:51:33.065 [timeTimer] INFO  com.junction.util.TimerUtil - ******   执行定时任务       END     ******
2021-08-30 13:52:33.065 [timeTimer] INFO  com.junction.util.TimerUtil - ******   执行结束推流定时任务       BEGIN   ******
2021-08-30 13:52:33.065 [timeTimer] INFO  com.junction.util.TimerUtil - ******   执行定时任务       END     ******
2021-08-30 13:53:33.066 [timeTimer] INFO  com.junction.util.TimerUtil - ******   执行结束推流定时任务       BEGIN   ******
2021-08-30 13:53:33.066 [timeTimer] INFO  com.junction.util.TimerUtil - ******   执行定时任务       END     ******
2021-08-30 13:54:33.066 [timeTimer] INFO  com.junction.util.TimerUtil - ******   执行结束推流定时任务       BEGIN   ******
2021-08-30 13:54:33.066 [timeTimer] INFO  com.junction.util.TimerUtil - ******   执行定时任务       END     ******
2021-08-30 13:55:33.066 [timeTimer] INFO  com.junction.util.TimerUtil - ******   执行结束推流定时任务       BEGIN   ******
2021-08-30 13:55:33.066 [timeTimer] INFO  com.junction.util.TimerUtil - ******   执行定时任务       END     ******
2021-08-30 13:56:33.067 [timeTimer] INFO  com.junction.util.TimerUtil - ******   执行结束推流定时任务       BEGIN   ******
2021-08-30 13:56:33.067 [timeTimer] INFO  com.junction.util.TimerUtil - ******   执行定时任务       END     ******
2021-08-30 13:57:33.068 [timeTimer] INFO  com.junction.util.TimerUtil - ******   执行结束推流定时任务       BEGIN   ******
2021-08-30 13:57:33.068 [timeTimer] INFO  com.junction.util.TimerUtil - ******   执行定时任务       END     ******
2021-08-30 13:58:33.068 [timeTimer] INFO  com.junction.util.TimerUtil - ******   执行结束推流定时任务       BEGIN   ******
2021-08-30 13:58:33.068 [timeTimer] INFO  com.junction.util.TimerUtil - ******   执行定时任务       END     ******
2021-08-30 13:59:33.068 [timeTimer] INFO  com.junction.util.TimerUtil - ******   执行结束推流定时任务       BEGIN   ******
2021-08-30 13:59:33.068 [timeTimer] INFO  com.junction.util.TimerUtil - ******   执行定时任务       END     ******
2021-08-30 14:00:33.069 [timeTimer] INFO  com.junction.util.TimerUtil - ******   执行结束推流定时任务       BEGIN   ******
2021-08-30 14:00:33.069 [timeTimer] INFO  com.junction.util.TimerUtil - ******   执行定时任务       END     ******
2021-08-30 14:01:33.070 [timeTimer] INFO  com.junction.util.TimerUtil - ******   执行结束推流定时任务       BEGIN   ******
2021-08-30 14:01:33.070 [timeTimer] INFO  com.junction.util.TimerUtil - ******   执行定时任务       END     ******
2021-08-30 14:02:33.070 [timeTimer] INFO  com.junction.util.TimerUtil - ******   执行结束推流定时任务       BEGIN   ******
2021-08-30 14:02:33.070 [timeTimer] INFO  com.junction.util.TimerUtil - ******   执行定时任务       END     ******
2021-08-30 14:03:33.071 [timeTimer] INFO  com.junction.util.TimerUtil - ******   执行结束推流定时任务       BEGIN   ******
2021-08-30 14:03:33.071 [timeTimer] INFO  com.junction.util.TimerUtil - ******   执行定时任务       END     ******
2021-08-30 14:04:33.071 [timeTimer] INFO  com.junction.util.TimerUtil - ******   执行结束推流定时任务       BEGIN   ******
2021-08-30 14:04:33.071 [timeTimer] INFO  com.junction.util.TimerUtil - ******   执行定时任务       END     ******
2021-08-30 14:05:33.071 [timeTimer] INFO  com.junction.util.TimerUtil - ******   执行结束推流定时任务       BEGIN   ******
2021-08-30 14:05:33.071 [timeTimer] INFO  com.junction.util.TimerUtil - ******   执行定时任务       END     ******
2021-08-30 14:06:33.071 [timeTimer] INFO  com.junction.util.TimerUtil - ******   执行结束推流定时任务       BEGIN   ******
2021-08-30 14:06:33.071 [timeTimer] INFO  com.junction.util.TimerUtil - ******   执行定时任务       END     ******
2021-08-30 14:07:33.072 [timeTimer] INFO  com.junction.util.TimerUtil - ******   执行结束推流定时任务       BEGIN   ******
2021-08-30 14:07:33.072 [timeTimer] INFO  com.junction.util.TimerUtil - ******   执行定时任务       END     ******
2021-08-30 14:08:33.072 [timeTimer] INFO  com.junction.util.TimerUtil - ******   执行结束推流定时任务       BEGIN   ******
2021-08-30 14:08:33.072 [timeTimer] INFO  com.junction.util.TimerUtil - ******   执行定时任务       END     ******
2021-08-30 14:09:33.072 [timeTimer] INFO  com.junction.util.TimerUtil - ******   执行结束推流定时任务       BEGIN   ******
2021-08-30 14:09:33.072 [timeTimer] INFO  com.junction.util.TimerUtil - ******   执行定时任务       END     ******
2021-08-30 14:10:33.073 [timeTimer] INFO  com.junction.util.TimerUtil - ******   执行结束推流定时任务       BEGIN   ******
2021-08-30 14:10:33.073 [timeTimer] INFO  com.junction.util.TimerUtil - ******   执行定时任务       END     ******
2021-08-30 14:11:33.073 [timeTimer] INFO  com.junction.util.TimerUtil - ******   执行结束推流定时任务       BEGIN   ******
2021-08-30 14:11:33.073 [timeTimer] INFO  com.junction.util.TimerUtil - ******   执行定时任务       END     ******
2021-08-30 14:12:33.073 [timeTimer] INFO  com.junction.util.TimerUtil - ******   执行结束推流定时任务       BEGIN   ******
2021-08-30 14:12:33.073 [timeTimer] INFO  com.junction.util.TimerUtil - ******   执行定时任务       END     ******
2021-08-30 14:13:33.074 [timeTimer] INFO  com.junction.util.TimerUtil - ******   执行结束推流定时任务       BEGIN   ******
2021-08-30 14:13:33.074 [timeTimer] INFO  com.junction.util.TimerUtil - ******   执行定时任务       END     ******
2021-08-30 14:14:33.074 [timeTimer] INFO  com.junction.util.TimerUtil - ******   执行结束推流定时任务       BEGIN   ******
2021-08-30 14:14:33.074 [timeTimer] INFO  com.junction.util.TimerUtil - ******   执行定时任务       END     ******
2021-08-30 14:15:33.074 [timeTimer] INFO  com.junction.util.TimerUtil - ******   执行结束推流定时任务       BEGIN   ******
2021-08-30 14:15:33.074 [timeTimer] INFO  com.junction.util.TimerUtil - ******   执行定时任务       END     ******
2021-08-30 14:16:33.075 [timeTimer] INFO  com.junction.util.TimerUtil - ******   执行结束推流定时任务       BEGIN   ******
2021-08-30 14:16:33.075 [timeTimer] INFO  com.junction.util.TimerUtil - ******   执行定时任务       END     ******
2021-08-30 14:17:33.076 [timeTimer] INFO  com.junction.util.TimerUtil - ******   执行结束推流定时任务       BEGIN   ******
2021-08-30 14:17:33.076 [timeTimer] INFO  com.junction.util.TimerUtil - ******   执行定时任务       END     ******
2021-08-30 14:18:33.076 [timeTimer] INFO  com.junction.util.TimerUtil - ******   执行结束推流定时任务       BEGIN   ******
2021-08-30 14:18:33.076 [timeTimer] INFO  com.junction.util.TimerUtil - ******   执行定时任务       END     ******
2021-08-30 14:19:33.077 [timeTimer] INFO  com.junction.util.TimerUtil - ******   执行结束推流定时任务       BEGIN   ******
2021-08-30 14:19:33.077 [timeTimer] INFO  com.junction.util.TimerUtil - ******   执行定时任务       END     ******
2021-08-30 14:20:33.077 [timeTimer] INFO  com.junction.util.TimerUtil - ******   执行结束推流定时任务       BEGIN   ******
2021-08-30 14:20:33.077 [timeTimer] INFO  com.junction.util.TimerUtil - ******   执行定时任务       END     ******
2021-08-30 14:21:33.078 [timeTimer] INFO  com.junction.util.TimerUtil - ******   执行结束推流定时任务       BEGIN   ******
2021-08-30 14:21:33.078 [timeTimer] INFO  com.junction.util.TimerUtil - ******   执行定时任务       END     ******
2021-08-30 14:22:33.079 [timeTimer] INFO  com.junction.util.TimerUtil - ******   执行结束推流定时任务       BEGIN   ******
2021-08-30 14:22:33.079 [timeTimer] INFO  com.junction.util.TimerUtil - ******   执行定时任务       END     ******
2021-08-30 14:23:33.079 [timeTimer] INFO  com.junction.util.TimerUtil - ******   执行结束推流定时任务       BEGIN   ******
2021-08-30 14:23:33.079 [timeTimer] INFO  com.junction.util.TimerUtil - ******   执行定时任务       END     ******
2021-08-30 14:24:33.081 [timeTimer] INFO  com.junction.util.TimerUtil - ******   执行结束推流定时任务       BEGIN   ******
2021-08-30 14:24:33.081 [timeTimer] INFO  com.junction.util.TimerUtil - ******   执行定时任务       END     ******
2021-08-30 14:25:33.082 [timeTimer] INFO  com.junction.util.TimerUtil - ******   执行结束推流定时任务       BEGIN   ******
2021-08-30 14:25:33.082 [timeTimer] INFO  com.junction.util.TimerUtil - ******   执行定时任务       END     ******
2021-08-30 14:26:33.082 [timeTimer] INFO  com.junction.util.TimerUtil - ******   执行结束推流定时任务       BEGIN   ******
2021-08-30 14:26:33.082 [timeTimer] INFO  com.junction.util.TimerUtil - ******   执行定时任务       END     ******
2021-08-30 14:27:33.082 [timeTimer] INFO  com.junction.util.TimerUtil - ******   执行结束推流定时任务       BEGIN   ******
2021-08-30 14:27:33.082 [timeTimer] INFO  com.junction.util.TimerUtil - ******   执行定时任务       END     ******
2021-08-30 14:28:33.083 [timeTimer] INFO  com.junction.util.TimerUtil - ******   执行结束推流定时任务       BEGIN   ******
2021-08-30 14:28:33.083 [timeTimer] INFO  com.junction.util.TimerUtil - ******   执行定时任务       END     ******
2021-08-30 14:29:33.083 [timeTimer] INFO  com.junction.util.TimerUtil - ******   执行结束推流定时任务       BEGIN   ******
2021-08-30 14:29:33.083 [timeTimer] INFO  com.junction.util.TimerUtil - ******   执行定时任务       END     ******
2021-08-30 14:30:33.084 [timeTimer] INFO  com.junction.util.TimerUtil - ******   执行结束推流定时任务       BEGIN   ******
2021-08-30 14:30:33.084 [timeTimer] INFO  com.junction.util.TimerUtil - ******   执行定时任务       END     ******
2021-08-30 14:31:33.084 [timeTimer] INFO  com.junction.util.TimerUtil - ******   执行结束推流定时任务       BEGIN   ******
2021-08-30 14:31:33.084 [timeTimer] INFO  com.junction.util.TimerUtil - ******   执行定时任务       END     ******
2021-08-30 14:32:33.084 [timeTimer] INFO  com.junction.util.TimerUtil - ******   执行结束推流定时任务       BEGIN   ******
2021-08-30 14:32:33.084 [timeTimer] INFO  com.junction.util.TimerUtil - ******   执行定时任务       END     ******
2021-08-30 14:33:33.084 [timeTimer] INFO  com.junction.util.TimerUtil - ******   执行结束推流定时任务       BEGIN   ******
2021-08-30 14:33:33.084 [timeTimer] INFO  com.junction.util.TimerUtil - ******   执行定时任务       END     ******
2021-08-30 14:34:33.084 [timeTimer] INFO  com.junction.util.TimerUtil - ******   执行结束推流定时任务       BEGIN   ******
2021-08-30 14:34:33.084 [timeTimer] INFO  com.junction.util.TimerUtil - ******   执行定时任务       END     ******
2021-08-30 14:35:33.085 [timeTimer] INFO  com.junction.util.TimerUtil - ******   执行结束推流定时任务       BEGIN   ******
2021-08-30 14:35:33.085 [timeTimer] INFO  com.junction.util.TimerUtil - ******   执行定时任务       END     ******
2021-08-30 14:36:33.085 [timeTimer] INFO  com.junction.util.TimerUtil - ******   执行结束推流定时任务       BEGIN   ******
2021-08-30 14:36:33.085 [timeTimer] INFO  com.junction.util.TimerUtil - ******   执行定时任务       END     ******
2021-08-30 14:37:33.086 [timeTimer] INFO  com.junction.util.TimerUtil - ******   执行结束推流定时任务       BEGIN   ******
2021-08-30 14:37:33.086 [timeTimer] INFO  com.junction.util.TimerUtil - ******   执行定时任务       END     ******
2021-08-30 14:38:33.086 [timeTimer] INFO  com.junction.util.TimerUtil - ******   执行结束推流定时任务       BEGIN   ******
2021-08-30 14:38:33.086 [timeTimer] INFO  com.junction.util.TimerUtil - ******   执行定时任务       END     ******
2021-08-30 14:39:33.087 [timeTimer] INFO  com.junction.util.TimerUtil - ******   执行结束推流定时任务       BEGIN   ******
2021-08-30 14:39:33.087 [timeTimer] INFO  com.junction.util.TimerUtil - ******   执行定时任务       END     ******
2021-08-30 14:40:33.088 [timeTimer] INFO  com.junction.util.TimerUtil - ******   执行结束推流定时任务       BEGIN   ******
2021-08-30 14:40:33.088 [timeTimer] INFO  com.junction.util.TimerUtil - ******   执行定时任务       END     ******
2021-08-30 14:41:33.088 [timeTimer] INFO  com.junction.util.TimerUtil - ******   执行结束推流定时任务       BEGIN   ******
2021-08-30 14:41:33.088 [timeTimer] INFO  com.junction.util.TimerUtil - ******   执行定时任务       END     ******
2021-08-30 14:42:33.089 [timeTimer] INFO  com.junction.util.TimerUtil - ******   执行结束推流定时任务       BEGIN   ******
2021-08-30 14:42:33.089 [timeTimer] INFO  com.junction.util.TimerUtil - ******   执行定时任务       END     ******
2021-08-30 14:43:33.089 [timeTimer] INFO  com.junction.util.TimerUtil - ******   执行结束推流定时任务       BEGIN   ******
2021-08-30 14:43:33.089 [timeTimer] INFO  com.junction.util.TimerUtil - ******   执行定时任务       END     ******
2021-08-30 14:44:33.090 [timeTimer] INFO  com.junction.util.TimerUtil - ******   执行结束推流定时任务       BEGIN   ******
2021-08-30 14:44:33.090 [timeTimer] INFO  com.junction.util.TimerUtil - ******   执行定时任务       END     ******
2021-08-30 14:45:33.091 [timeTimer] INFO  com.junction.util.TimerUtil - ******   执行结束推流定时任务       BEGIN   ******
2021-08-30 14:45:33.091 [timeTimer] INFO  com.junction.util.TimerUtil - ******   执行定时任务       END     ******
2021-08-30 14:46:33.091 [timeTimer] INFO  com.junction.util.TimerUtil - ******   执行结束推流定时任务       BEGIN   ******
2021-08-30 14:46:33.091 [timeTimer] INFO  com.junction.util.TimerUtil - ******   执行定时任务       END     ******
2021-08-30 14:47:24.512 [SpringContextShutdownHook] INFO  o.s.scheduling.concurrent.ThreadPoolTaskExecutor - Shutting down ExecutorService 'applicationTaskExecutor'
2021-08-30 14:47:24.512 [SpringContextShutdownHook] INFO  com.junction.CameraServerApplication - 服务结束，开始释放空间...
2021-08-30 14:47:24.531 [pool-1-thread-1] INFO  com.junction.util.CameraPush - rtsp://admin:L242E836@192.168.0.110:554/cam/realmonitor?channel=1&subtype=0 中断推流成功！
2021-08-30 14:47:24.531 [pool-1-thread-1] INFO  com.junction.util.CameraPush - rtsp://admin:L242E836@192.168.0.110:554/cam/realmonitor?channel=1&subtype=0 推流结束...
